<?xml version="1.0" encoding="UTF-8"?>
<coverage line-rate="0.904411764705882" branch-rate="0" lines-covered="246" lines-valid="272" branches-covered="0" branches-valid="0" complexity="0" version="3.6.1" timestamp="2023-01-05 14:35:29">
  <sources/>
  <packages>
    <package name="rlistings" line-rate="0.904411764705882" branch-rate="0" complexity="0">
      <classes>
        <class name="paginate_listing.R" filename="R/paginate_listing.R" line-rate="0.957446808510638" branch-rate="0" complexity="0">
          <methods>
            <method name="paginate_listing" signature="" line-rate="0.957446808510638" branch-rate="0">
              <lines>
                <line number="44" hits="4" branch="false"/>
                <line number="45" hits="4" branch="false"/>
                <line number="49" hits="4" branch="false"/>
                <line number="50" hits="4" branch="false"/>
                <line number="51" hits="4" branch="false"/>
                <line number="52" hits="4" branch="false"/>
                <line number="53" hits="0" branch="false"/>
                <line number="55" hits="4" branch="false"/>
                <line number="57" hits="4" branch="false"/>
                <line number="58" hits="4" branch="false"/>
                <line number="59" hits="0" branch="false"/>
                <line number="62" hits="4" branch="false"/>
                <line number="63" hits="4" branch="false"/>
                <line number="65" hits="4" branch="false"/>
                <line number="66" hits="4" branch="false"/>
                <line number="67" hits="4" branch="false"/>
                <line number="68" hits="4" branch="false"/>
                <line number="69" hits="4" branch="false"/>
                <line number="70" hits="4" branch="false"/>
                <line number="71" hits="4" branch="false"/>
                <line number="73" hits="4" branch="false"/>
                <line number="74" hits="4" branch="false"/>
                <line number="75" hits="4" branch="false"/>
                <line number="78" hits="4" branch="false"/>
                <line number="79" hits="3" branch="false"/>
                <line number="80" hits="3" branch="false"/>
                <line number="81" hits="3" branch="false"/>
                <line number="82" hits="3" branch="false"/>
                <line number="83" hits="3" branch="false"/>
                <line number="84" hits="3" branch="false"/>
                <line number="85" hits="3" branch="false"/>
                <line number="86" hits="3" branch="false"/>
                <line number="87" hits="3" branch="false"/>
                <line number="88" hits="3" branch="false"/>
                <line number="89" hits="3" branch="false"/>
                <line number="90" hits="3" branch="false"/>
                <line number="91" hits="3" branch="false"/>
                <line number="92" hits="3" branch="false"/>
                <line number="93" hits="3" branch="false"/>
                <line number="94" hits="3" branch="false"/>
                <line number="95" hits="3" branch="false"/>
                <line number="96" hits="3" branch="false"/>
                <line number="97" hits="3" branch="false"/>
                <line number="98" hits="3" branch="false"/>
                <line number="99" hits="3" branch="false"/>
                <line number="100" hits="3" branch="false"/>
                <line number="102" hits="4" branch="false"/>
              </lines>
            </method>
          </methods>
          <lines>
            <line number="44" hits="4" branch="false"/>
            <line number="45" hits="4" branch="false"/>
            <line number="49" hits="4" branch="false"/>
            <line number="50" hits="4" branch="false"/>
            <line number="51" hits="4" branch="false"/>
            <line number="52" hits="4" branch="false"/>
            <line number="53" hits="0" branch="false"/>
            <line number="55" hits="4" branch="false"/>
            <line number="57" hits="4" branch="false"/>
            <line number="58" hits="4" branch="false"/>
            <line number="59" hits="0" branch="false"/>
            <line number="62" hits="4" branch="false"/>
            <line number="63" hits="4" branch="false"/>
            <line number="65" hits="4" branch="false"/>
            <line number="66" hits="4" branch="false"/>
            <line number="67" hits="4" branch="false"/>
            <line number="68" hits="4" branch="false"/>
            <line number="69" hits="4" branch="false"/>
            <line number="70" hits="4" branch="false"/>
            <line number="71" hits="4" branch="false"/>
            <line number="73" hits="4" branch="false"/>
            <line number="74" hits="4" branch="false"/>
            <line number="75" hits="4" branch="false"/>
            <line number="78" hits="4" branch="false"/>
            <line number="79" hits="3" branch="false"/>
            <line number="80" hits="3" branch="false"/>
            <line number="81" hits="3" branch="false"/>
            <line number="82" hits="3" branch="false"/>
            <line number="83" hits="3" branch="false"/>
            <line number="84" hits="3" branch="false"/>
            <line number="85" hits="3" branch="false"/>
            <line number="86" hits="3" branch="false"/>
            <line number="87" hits="3" branch="false"/>
            <line number="88" hits="3" branch="false"/>
            <line number="89" hits="3" branch="false"/>
            <line number="90" hits="3" branch="false"/>
            <line number="91" hits="3" branch="false"/>
            <line number="92" hits="3" branch="false"/>
            <line number="93" hits="3" branch="false"/>
            <line number="94" hits="3" branch="false"/>
            <line number="95" hits="3" branch="false"/>
            <line number="96" hits="3" branch="false"/>
            <line number="97" hits="3" branch="false"/>
            <line number="98" hits="3" branch="false"/>
            <line number="99" hits="3" branch="false"/>
            <line number="100" hits="3" branch="false"/>
            <line number="102" hits="4" branch="false"/>
          </lines>
        </class>
        <class name="rlistings_methods.R" filename="R/rlistings_methods.R" line-rate="0.865979381443299" branch-rate="0" complexity="0">
          <methods>
            <method name="print.listing_df" signature="" line-rate="0" branch-rate="0">
              <lines>
                <line number="24" hits="0" branch="false"/>
                <line number="25" hits="0" branch="false"/>
              </lines>
            </method>
            <method name="basic_run_lens" signature="" line-rate="0.833333333333333" branch-rate="0">
              <lines>
                <line number="34" hits="26" branch="false"/>
                <line number="35" hits="26" branch="false"/>
                <line number="36" hits="0" branch="false"/>
                <line number="39" hits="26" branch="false"/>
                <line number="40" hits="26" branch="false"/>
                <line number="41" hits="26" branch="false"/>
              </lines>
            </method>
            <method name="format_colvector" signature="" line-rate="0.857142857142857" branch-rate="0">
              <lines>
                <line number="50" hits="93" branch="false"/>
                <line number="51" hits="0" branch="false"/>
                <line number="52" hits="93" branch="false"/>
                <line number="53" hits="93" branch="false"/>
                <line number="54" hits="49" branch="false"/>
                <line number="56" hits="93" branch="false"/>
                <line number="57" hits="93" branch="false"/>
              </lines>
            </method>
            <method name="vec_nlines" signature="" line-rate="1" branch-rate="0">
              <lines>
                <line number="63" hits="93" branch="false"/>
              </lines>
            </method>
            <method name="ANY" signature="" line-rate="1" branch-rate="0">
              <lines>
                <line number="69" hits="93" branch="false"/>
                <line number="70" hits="93" branch="false"/>
                <line number="71" hits="93" branch="false"/>
              </lines>
            </method>
            <method name="listing_df" signature="" line-rate="0.861538461538462" branch-rate="0">
              <lines>
                <line number="101" hits="26" branch="false"/>
                <line number="102" hits="26" branch="false"/>
                <line number="103" hits="26" branch="false"/>
                <line number="104" hits="26" branch="false"/>
                <line number="105" hits="26" branch="false"/>
                <line number="107" hits="0" branch="false"/>
                <line number="108" hits="26" branch="false"/>
                <line number="109" hits="26" branch="false"/>
                <line number="110" hits="26" branch="false"/>
                <line number="111" hits="26" branch="false"/>
                <line number="112" hits="0" branch="false"/>
                <line number="113" hits="0" branch="false"/>
                <line number="114" hits="26" branch="false"/>
                <line number="115" hits="4" branch="false"/>
                <line number="118" hits="26" branch="false"/>
                <line number="120" hits="93" branch="false"/>
                <line number="121" hits="93" branch="false"/>
                <line number="123" hits="26" branch="false"/>
                <line number="124" hits="26" branch="false"/>
                <line number="125" hits="26" branch="false"/>
                <line number="126" hits="26" branch="false"/>
                <line number="127" hits="26" branch="false"/>
                <line number="128" hits="26" branch="false"/>
                <line number="129" hits="26" branch="false"/>
                <line number="130" hits="26" branch="false"/>
                <line number="131" hits="26" branch="false"/>
                <line number="132" hits="26" branch="false"/>
                <line number="133" hits="26" branch="false"/>
                <line number="134" hits="26" branch="false"/>
                <line number="135" hits="26" branch="false"/>
                <line number="136" hits="26" branch="false"/>
                <line number="137" hits="26" branch="false"/>
                <line number="138" hits="26" branch="false"/>
                <line number="139" hits="26" branch="false"/>
                <line number="140" hits="26" branch="false"/>
                <line number="141" hits="26" branch="false"/>
                <line number="142" hits="26" branch="false"/>
                <line number="143" hits="26" branch="false"/>
                <line number="144" hits="26" branch="false"/>
                <line number="145" hits="26" branch="false"/>
                <line number="146" hits="26" branch="false"/>
                <line number="147" hits="26" branch="false"/>
                <line number="148" hits="26" branch="false"/>
                <line number="199" hits="0" branch="false"/>
                <line number="200" hits="0" branch="false"/>
                <line number="201" hits="0" branch="false"/>
                <line number="202" hits="0" branch="false"/>
                <line number="203" hits="0" branch="false"/>
                <line number="205" hits="0" branch="false"/>
                <line number="214" hits="29" branch="false"/>
                <line number="222" hits="28" branch="false"/>
                <line number="229" hits="28" branch="false"/>
                <line number="236" hits="28" branch="false"/>
                <line number="267" hits="17" branch="false"/>
                <line number="268" hits="15" branch="false"/>
                <line number="269" hits="15" branch="false"/>
                <line number="280" hits="15" branch="false"/>
                <line number="281" hits="14" branch="false"/>
                <line number="282" hits="14" branch="false"/>
                <line number="293" hits="15" branch="false"/>
                <line number="294" hits="14" branch="false"/>
                <line number="295" hits="14" branch="false"/>
                <line number="306" hits="15" branch="false"/>
                <line number="307" hits="14" branch="false"/>
                <line number="308" hits="14" branch="false"/>
              </lines>
            </method>
            <method name=".chk_value" signature="" line-rate="1" branch-rate="0">
              <lines>
                <line number="240" hits="62" branch="false"/>
                <line number="241" hits="49" branch="false"/>
                <line number="243" hits="13" branch="false"/>
                <line number="244" hits="4" branch="false"/>
                <line number="245" hits="4" branch="false"/>
                <line number="246" hits="4" branch="false"/>
                <line number="247" hits="4" branch="false"/>
                <line number="249" hits="9" branch="false"/>
                <line number="250" hits="1" branch="false"/>
                <line number="251" hits="1" branch="false"/>
                <line number="252" hits="1" branch="false"/>
                <line number="253" hits="1" branch="false"/>
                <line number="255" hits="8" branch="false"/>
              </lines>
            </method>
          </methods>
          <lines>
            <line number="24" hits="0" branch="false"/>
            <line number="25" hits="0" branch="false"/>
            <line number="34" hits="26" branch="false"/>
            <line number="35" hits="26" branch="false"/>
            <line number="36" hits="0" branch="false"/>
            <line number="39" hits="26" branch="false"/>
            <line number="40" hits="26" branch="false"/>
            <line number="41" hits="26" branch="false"/>
            <line number="50" hits="93" branch="false"/>
            <line number="51" hits="0" branch="false"/>
            <line number="52" hits="93" branch="false"/>
            <line number="53" hits="93" branch="false"/>
            <line number="54" hits="49" branch="false"/>
            <line number="56" hits="93" branch="false"/>
            <line number="57" hits="93" branch="false"/>
            <line number="63" hits="93" branch="false"/>
            <line number="69" hits="93" branch="false"/>
            <line number="70" hits="93" branch="false"/>
            <line number="71" hits="93" branch="false"/>
            <line number="101" hits="26" branch="false"/>
            <line number="102" hits="26" branch="false"/>
            <line number="103" hits="26" branch="false"/>
            <line number="104" hits="26" branch="false"/>
            <line number="105" hits="26" branch="false"/>
            <line number="107" hits="0" branch="false"/>
            <line number="108" hits="26" branch="false"/>
            <line number="109" hits="26" branch="false"/>
            <line number="110" hits="26" branch="false"/>
            <line number="111" hits="26" branch="false"/>
            <line number="112" hits="0" branch="false"/>
            <line number="113" hits="0" branch="false"/>
            <line number="114" hits="26" branch="false"/>
            <line number="115" hits="4" branch="false"/>
            <line number="118" hits="26" branch="false"/>
            <line number="120" hits="93" branch="false"/>
            <line number="121" hits="93" branch="false"/>
            <line number="123" hits="26" branch="false"/>
            <line number="124" hits="26" branch="false"/>
            <line number="125" hits="26" branch="false"/>
            <line number="126" hits="26" branch="false"/>
            <line number="127" hits="26" branch="false"/>
            <line number="128" hits="26" branch="false"/>
            <line number="129" hits="26" branch="false"/>
            <line number="130" hits="26" branch="false"/>
            <line number="131" hits="26" branch="false"/>
            <line number="132" hits="26" branch="false"/>
            <line number="133" hits="26" branch="false"/>
            <line number="134" hits="26" branch="false"/>
            <line number="135" hits="26" branch="false"/>
            <line number="136" hits="26" branch="false"/>
            <line number="137" hits="26" branch="false"/>
            <line number="138" hits="26" branch="false"/>
            <line number="139" hits="26" branch="false"/>
            <line number="140" hits="26" branch="false"/>
            <line number="141" hits="26" branch="false"/>
            <line number="142" hits="26" branch="false"/>
            <line number="143" hits="26" branch="false"/>
            <line number="144" hits="26" branch="false"/>
            <line number="145" hits="26" branch="false"/>
            <line number="146" hits="26" branch="false"/>
            <line number="147" hits="26" branch="false"/>
            <line number="148" hits="26" branch="false"/>
            <line number="199" hits="0" branch="false"/>
            <line number="200" hits="0" branch="false"/>
            <line number="201" hits="0" branch="false"/>
            <line number="202" hits="0" branch="false"/>
            <line number="203" hits="0" branch="false"/>
            <line number="205" hits="0" branch="false"/>
            <line number="214" hits="29" branch="false"/>
            <line number="222" hits="28" branch="false"/>
            <line number="229" hits="28" branch="false"/>
            <line number="236" hits="28" branch="false"/>
            <line number="240" hits="62" branch="false"/>
            <line number="241" hits="49" branch="false"/>
            <line number="243" hits="13" branch="false"/>
            <line number="244" hits="4" branch="false"/>
            <line number="245" hits="4" branch="false"/>
            <line number="246" hits="4" branch="false"/>
            <line number="247" hits="4" branch="false"/>
            <line number="249" hits="9" branch="false"/>
            <line number="250" hits="1" branch="false"/>
            <line number="251" hits="1" branch="false"/>
            <line number="252" hits="1" branch="false"/>
            <line number="253" hits="1" branch="false"/>
            <line number="255" hits="8" branch="false"/>
            <line number="267" hits="17" branch="false"/>
            <line number="268" hits="15" branch="false"/>
            <line number="269" hits="15" branch="false"/>
            <line number="280" hits="15" branch="false"/>
            <line number="281" hits="14" branch="false"/>
            <line number="282" hits="14" branch="false"/>
            <line number="293" hits="15" branch="false"/>
            <line number="294" hits="14" branch="false"/>
            <line number="295" hits="14" branch="false"/>
            <line number="306" hits="15" branch="false"/>
            <line number="307" hits="14" branch="false"/>
            <line number="308" hits="14" branch="false"/>
          </lines>
        </class>
        <class name="rlistings.R" filename="R/rlistings.R" line-rate="0.9140625" branch-rate="0" complexity="0">
          <methods>
            <method name="as_listing" signature="" line-rate="1" branch-rate="0">
              <lines>
                <line number="101" hits="15" branch="false"/>
                <line number="102" hits="1" branch="false"/>
                <line number="103" hits="14" branch="false"/>
                <line number="104" hits="1" branch="false"/>
                <line number="105" hits="13" branch="false"/>
                <line number="106" hits="5" branch="false"/>
                <line number="108" hits="8" branch="false"/>
                <line number="110" hits="13" branch="false"/>
                <line number="111" hits="13" branch="false"/>
                <line number="112" hits="13" branch="false"/>
                <line number="113" hits="13" branch="false"/>
                <line number="114" hits="6" branch="false"/>
                <line number="115" hits="6" branch="false"/>
                <line number="119" hits="13" branch="false"/>
                <line number="120" hits="13" branch="false"/>
                <line number="121" hits="13" branch="false"/>
                <line number="123" hits="13" branch="false"/>
                <line number="124" hits="21" branch="false"/>
                <line number="128" hits="13" branch="false"/>
                <line number="131" hits="13" branch="false"/>
                <line number="133" hits="13" branch="false"/>
                <line number="134" hits="13" branch="false"/>
                <line number="135" hits="13" branch="false"/>
                <line number="136" hits="13" branch="false"/>
                <line number="137" hits="13" branch="false"/>
                <line number="138" hits="13" branch="false"/>
              </lines>
            </method>
            <method name="as_keycol" signature="" line-rate="1" branch-rate="0">
              <lines>
                <line number="147" hits="21" branch="false"/>
                <line number="148" hits="7" branch="false"/>
                <line number="149" hits="7" branch="false"/>
                <line number="150" hits="7" branch="false"/>
                <line number="152" hits="21" branch="false"/>
                <line number="153" hits="21" branch="false"/>
              </lines>
            </method>
            <method name="is_keycol" signature="" line-rate="1" branch-rate="0">
              <lines>
                <line number="162" hits="986" branch="false"/>
              </lines>
            </method>
            <method name="get_keycols" signature="" line-rate="1" branch-rate="0">
              <lines>
                <line number="172" hits="54" branch="false"/>
              </lines>
            </method>
            <method name="rix_form" signature="" line-rate="1" branch-rate="0">
              <lines>
                <line number="188" hits="21" branch="false"/>
                <line number="189" hits="21" branch="false"/>
                <line number="190" hits="21" branch="false"/>
                <line number="191" hits="21" branch="false"/>
                <line number="192" hits="21" branch="false"/>
                <line number="194" hits="21" branch="false"/>
                <line number="197" hits="21" branch="false"/>
                <line number="198" hits="21" branch="false"/>
                <line number="199" hits="21" branch="false"/>
                <line number="200" hits="21" branch="false"/>
                <line number="202" hits="21" branch="false"/>
                <line number="205" hits="21" branch="false"/>
                <line number="206" hits="21" branch="false"/>
                <line number="207" hits="31" branch="false"/>
                <line number="208" hits="31" branch="false"/>
                <line number="209" hits="31" branch="false"/>
                <line number="210" hits="31" branch="false"/>
                <line number="211" hits="31" branch="false"/>
                <line number="214" hits="21" branch="false"/>
                <line number="215" hits="21" branch="false"/>
                <line number="216" hits="21" branch="false"/>
                <line number="217" hits="44" branch="false"/>
                <line number="218" hits="44" branch="false"/>
                <line number="219" hits="44" branch="false"/>
                <line number="224" hits="21" branch="false"/>
                <line number="225" hits="21" branch="false"/>
                <line number="226" hits="21" branch="false"/>
                <line number="227" hits="21" branch="false"/>
                <line number="229" hits="21" branch="false"/>
                <line number="230" hits="21" branch="false"/>
                <line number="231" hits="21" branch="false"/>
                <line number="232" hits="21" branch="false"/>
                <line number="233" hits="21" branch="false"/>
                <line number="234" hits="21" branch="false"/>
                <line number="235" hits="21" branch="false"/>
                <line number="236" hits="21" branch="false"/>
                <line number="237" hits="21" branch="false"/>
                <line number="238" hits="21" branch="false"/>
                <line number="239" hits="21" branch="false"/>
                <line number="240" hits="21" branch="false"/>
                <line number="241" hits="21" branch="false"/>
                <line number="242" hits="21" branch="false"/>
                <line number="243" hits="21" branch="false"/>
                <line number="244" hits="21" branch="false"/>
                <line number="245" hits="21" branch="false"/>
                <line number="246" hits="21" branch="false"/>
                <line number="247" hits="21" branch="false"/>
                <line number="248" hits="21" branch="false"/>
                <line number="249" hits="21" branch="false"/>
                <line number="250" hits="21" branch="false"/>
                <line number="251" hits="21" branch="false"/>
                <line number="252" hits="21" branch="false"/>
                <line number="253" hits="21" branch="false"/>
                <line number="254" hits="21" branch="false"/>
                <line number="255" hits="21" branch="false"/>
                <line number="256" hits="21" branch="false"/>
                <line number="257" hits="21" branch="false"/>
                <line number="258" hits="21" branch="false"/>
                <line number="259" hits="21" branch="false"/>
                <line number="260" hits="21" branch="false"/>
                <line number="261" hits="21" branch="false"/>
                <line number="262" hits="21" branch="false"/>
                <line number="263" hits="21" branch="false"/>
                <line number="264" hits="21" branch="false"/>
                <line number="265" hits="21" branch="false"/>
              </lines>
            </method>
            <method name="listing_dispcols" signature="" line-rate="1" branch-rate="0">
              <lines>
                <line number="274" hits="52" branch="false"/>
              </lines>
            </method>
            <method name="add_listing_dispcol" signature="" line-rate="1" branch-rate="0">
              <lines>
                <line number="282" hits="13" branch="false"/>
                <line number="283" hits="13" branch="false"/>
              </lines>
            </method>
            <method name="listing_dispcols&lt;-" signature="" line-rate="0.384615384615385" branch-rate="0">
              <lines>
                <line number="291" hits="37" branch="false"/>
                <line number="292" hits="0" branch="false"/>
                <line number="293" hits="0" branch="false"/>
                <line number="294" hits="0" branch="false"/>
                <line number="295" hits="0" branch="false"/>
                <line number="297" hits="37" branch="false"/>
                <line number="298" hits="37" branch="false"/>
                <line number="299" hits="0" branch="false"/>
                <line number="300" hits="0" branch="false"/>
                <line number="301" hits="0" branch="false"/>
                <line number="302" hits="0" branch="false"/>
                <line number="304" hits="37" branch="false"/>
                <line number="305" hits="37" branch="false"/>
              </lines>
            </method>
            <method name="add_listing_col" signature="" line-rate="0.769230769230769" branch-rate="0">
              <lines>
                <line number="324" hits="13" branch="false"/>
                <line number="325" hits="0" branch="false"/>
                <line number="326" hits="13" branch="false"/>
                <line number="327" hits="13" branch="false"/>
                <line number="329" hits="0" branch="false"/>
                <line number="330" hits="0" branch="false"/>
                <line number="335" hits="13" branch="false"/>
                <line number="336" hits="4" branch="false"/>
                <line number="337" hits="4" branch="false"/>
                <line number="340" hits="13" branch="false"/>
                <line number="343" hits="13" branch="false"/>
                <line number="344" hits="13" branch="false"/>
                <line number="345" hits="13" branch="false"/>
              </lines>
            </method>
          </methods>
          <lines>
            <line number="101" hits="15" branch="false"/>
            <line number="102" hits="1" branch="false"/>
            <line number="103" hits="14" branch="false"/>
            <line number="104" hits="1" branch="false"/>
            <line number="105" hits="13" branch="false"/>
            <line number="106" hits="5" branch="false"/>
            <line number="108" hits="8" branch="false"/>
            <line number="110" hits="13" branch="false"/>
            <line number="111" hits="13" branch="false"/>
            <line number="112" hits="13" branch="false"/>
            <line number="113" hits="13" branch="false"/>
            <line number="114" hits="6" branch="false"/>
            <line number="115" hits="6" branch="false"/>
            <line number="119" hits="13" branch="false"/>
            <line number="120" hits="13" branch="false"/>
            <line number="121" hits="13" branch="false"/>
            <line number="123" hits="13" branch="false"/>
            <line number="124" hits="21" branch="false"/>
            <line number="128" hits="13" branch="false"/>
            <line number="131" hits="13" branch="false"/>
            <line number="133" hits="13" branch="false"/>
            <line number="134" hits="13" branch="false"/>
            <line number="135" hits="13" branch="false"/>
            <line number="136" hits="13" branch="false"/>
            <line number="137" hits="13" branch="false"/>
            <line number="138" hits="13" branch="false"/>
            <line number="147" hits="21" branch="false"/>
            <line number="148" hits="7" branch="false"/>
            <line number="149" hits="7" branch="false"/>
            <line number="150" hits="7" branch="false"/>
            <line number="152" hits="21" branch="false"/>
            <line number="153" hits="21" branch="false"/>
            <line number="162" hits="986" branch="false"/>
            <line number="172" hits="54" branch="false"/>
            <line number="188" hits="21" branch="false"/>
            <line number="189" hits="21" branch="false"/>
            <line number="190" hits="21" branch="false"/>
            <line number="191" hits="21" branch="false"/>
            <line number="192" hits="21" branch="false"/>
            <line number="194" hits="21" branch="false"/>
            <line number="197" hits="21" branch="false"/>
            <line number="198" hits="21" branch="false"/>
            <line number="199" hits="21" branch="false"/>
            <line number="200" hits="21" branch="false"/>
            <line number="202" hits="21" branch="false"/>
            <line number="205" hits="21" branch="false"/>
            <line number="206" hits="21" branch="false"/>
            <line number="207" hits="31" branch="false"/>
            <line number="208" hits="31" branch="false"/>
            <line number="209" hits="31" branch="false"/>
            <line number="210" hits="31" branch="false"/>
            <line number="211" hits="31" branch="false"/>
            <line number="214" hits="21" branch="false"/>
            <line number="215" hits="21" branch="false"/>
            <line number="216" hits="21" branch="false"/>
            <line number="217" hits="44" branch="false"/>
            <line number="218" hits="44" branch="false"/>
            <line number="219" hits="44" branch="false"/>
            <line number="224" hits="21" branch="false"/>
            <line number="225" hits="21" branch="false"/>
            <line number="226" hits="21" branch="false"/>
            <line number="227" hits="21" branch="false"/>
            <line number="229" hits="21" branch="false"/>
            <line number="230" hits="21" branch="false"/>
            <line number="231" hits="21" branch="false"/>
            <line number="232" hits="21" branch="false"/>
            <line number="233" hits="21" branch="false"/>
            <line number="234" hits="21" branch="false"/>
            <line number="235" hits="21" branch="false"/>
            <line number="236" hits="21" branch="false"/>
            <line number="237" hits="21" branch="false"/>
            <line number="238" hits="21" branch="false"/>
            <line number="239" hits="21" branch="false"/>
            <line number="240" hits="21" branch="false"/>
            <line number="241" hits="21" branch="false"/>
            <line number="242" hits="21" branch="false"/>
            <line number="243" hits="21" branch="false"/>
            <line number="244" hits="21" branch="false"/>
            <line number="245" hits="21" branch="false"/>
            <line number="246" hits="21" branch="false"/>
            <line number="247" hits="21" branch="false"/>
            <line number="248" hits="21" branch="false"/>
            <line number="249" hits="21" branch="false"/>
            <line number="250" hits="21" branch="false"/>
            <line number="251" hits="21" branch="false"/>
            <line number="252" hits="21" branch="false"/>
            <line number="253" hits="21" branch="false"/>
            <line number="254" hits="21" branch="false"/>
            <line number="255" hits="21" branch="false"/>
            <line number="256" hits="21" branch="false"/>
            <line number="257" hits="21" branch="false"/>
            <line number="258" hits="21" branch="false"/>
            <line number="259" hits="21" branch="false"/>
            <line number="260" hits="21" branch="false"/>
            <line number="261" hits="21" branch="false"/>
            <line number="262" hits="21" branch="false"/>
            <line number="263" hits="21" branch="false"/>
            <line number="264" hits="21" branch="false"/>
            <line number="265" hits="21" branch="false"/>
            <line number="274" hits="52" branch="false"/>
            <line number="282" hits="13" branch="false"/>
            <line number="283" hits="13" branch="false"/>
            <line number="291" hits="37" branch="false"/>
            <line number="292" hits="0" branch="false"/>
            <line number="293" hits="0" branch="false"/>
            <line number="294" hits="0" branch="false"/>
            <line number="295" hits="0" branch="false"/>
            <line number="297" hits="37" branch="false"/>
            <line number="298" hits="37" branch="false"/>
            <line number="299" hits="0" branch="false"/>
            <line number="300" hits="0" branch="false"/>
            <line number="301" hits="0" branch="false"/>
            <line number="302" hits="0" branch="false"/>
            <line number="304" hits="37" branch="false"/>
            <line number="305" hits="37" branch="false"/>
            <line number="324" hits="13" branch="false"/>
            <line number="325" hits="0" branch="false"/>
            <line number="326" hits="13" branch="false"/>
            <line number="327" hits="13" branch="false"/>
            <line number="329" hits="0" branch="false"/>
            <line number="330" hits="0" branch="false"/>
            <line number="335" hits="13" branch="false"/>
            <line number="336" hits="4" branch="false"/>
            <line number="337" hits="4" branch="false"/>
            <line number="340" hits="13" branch="false"/>
            <line number="343" hits="13" branch="false"/>
            <line number="344" hits="13" branch="false"/>
            <line number="345" hits="13" branch="false"/>
          </lines>
        </class>
      </classes>
    </package>
  </packages>
</coverage>
