<?xml version="1.0" encoding="UTF-8"?>
<coverage line-rate="0.908759124087591" branch-rate="0" lines-covered="249" lines-valid="274" branches-covered="0" branches-valid="0" complexity="0" version="3.6.1" timestamp="2023-02-07 09:00:20">
  <sources/>
  <packages>
    <package name="rlistings" line-rate="0.908759124087591" branch-rate="0" complexity="0">
      <classes>
        <class name="paginate_listing.R" filename="R/paginate_listing.R" line-rate="0.979591836734694" branch-rate="0" complexity="0">
          <methods>
            <method name="paginate_listing" signature="" line-rate="0.979591836734694" branch-rate="0">
              <lines>
                <line number="44" hits="6" branch="false"/>
                <line number="45" hits="6" branch="false"/>
                <line number="49" hits="6" branch="false"/>
                <line number="50" hits="6" branch="false"/>
                <line number="51" hits="6" branch="false"/>
                <line number="52" hits="6" branch="false"/>
                <line number="53" hits="6" branch="false"/>
                <line number="54" hits="0" branch="false"/>
                <line number="56" hits="6" branch="false"/>
                <line number="58" hits="6" branch="false"/>
                <line number="59" hits="6" branch="false"/>
                <line number="60" hits="1" branch="false"/>
                <line number="63" hits="6" branch="false"/>
                <line number="64" hits="6" branch="false"/>
                <line number="65" hits="1" branch="false"/>
                <line number="67" hits="5" branch="false"/>
                <line number="70" hits="6" branch="false"/>
                <line number="71" hits="6" branch="false"/>
                <line number="72" hits="6" branch="false"/>
                <line number="73" hits="6" branch="false"/>
                <line number="74" hits="6" branch="false"/>
                <line number="75" hits="6" branch="false"/>
                <line number="77" hits="6" branch="false"/>
                <line number="78" hits="6" branch="false"/>
                <line number="79" hits="6" branch="false"/>
                <line number="82" hits="6" branch="false"/>
                <line number="83" hits="3" branch="false"/>
                <line number="84" hits="3" branch="false"/>
                <line number="85" hits="3" branch="false"/>
                <line number="86" hits="3" branch="false"/>
                <line number="87" hits="3" branch="false"/>
                <line number="88" hits="3" branch="false"/>
                <line number="89" hits="3" branch="false"/>
                <line number="90" hits="3" branch="false"/>
                <line number="91" hits="3" branch="false"/>
                <line number="92" hits="3" branch="false"/>
                <line number="93" hits="3" branch="false"/>
                <line number="94" hits="3" branch="false"/>
                <line number="95" hits="3" branch="false"/>
                <line number="96" hits="3" branch="false"/>
                <line number="97" hits="3" branch="false"/>
                <line number="98" hits="3" branch="false"/>
                <line number="99" hits="3" branch="false"/>
                <line number="100" hits="3" branch="false"/>
                <line number="101" hits="3" branch="false"/>
                <line number="102" hits="3" branch="false"/>
                <line number="103" hits="3" branch="false"/>
                <line number="104" hits="3" branch="false"/>
                <line number="106" hits="6" branch="false"/>
              </lines>
            </method>
          </methods>
          <lines>
            <line number="44" hits="6" branch="false"/>
            <line number="45" hits="6" branch="false"/>
            <line number="49" hits="6" branch="false"/>
            <line number="50" hits="6" branch="false"/>
            <line number="51" hits="6" branch="false"/>
            <line number="52" hits="6" branch="false"/>
            <line number="53" hits="6" branch="false"/>
            <line number="54" hits="0" branch="false"/>
            <line number="56" hits="6" branch="false"/>
            <line number="58" hits="6" branch="false"/>
            <line number="59" hits="6" branch="false"/>
            <line number="60" hits="1" branch="false"/>
            <line number="63" hits="6" branch="false"/>
            <line number="64" hits="6" branch="false"/>
            <line number="65" hits="1" branch="false"/>
            <line number="67" hits="5" branch="false"/>
            <line number="70" hits="6" branch="false"/>
            <line number="71" hits="6" branch="false"/>
            <line number="72" hits="6" branch="false"/>
            <line number="73" hits="6" branch="false"/>
            <line number="74" hits="6" branch="false"/>
            <line number="75" hits="6" branch="false"/>
            <line number="77" hits="6" branch="false"/>
            <line number="78" hits="6" branch="false"/>
            <line number="79" hits="6" branch="false"/>
            <line number="82" hits="6" branch="false"/>
            <line number="83" hits="3" branch="false"/>
            <line number="84" hits="3" branch="false"/>
            <line number="85" hits="3" branch="false"/>
            <line number="86" hits="3" branch="false"/>
            <line number="87" hits="3" branch="false"/>
            <line number="88" hits="3" branch="false"/>
            <line number="89" hits="3" branch="false"/>
            <line number="90" hits="3" branch="false"/>
            <line number="91" hits="3" branch="false"/>
            <line number="92" hits="3" branch="false"/>
            <line number="93" hits="3" branch="false"/>
            <line number="94" hits="3" branch="false"/>
            <line number="95" hits="3" branch="false"/>
            <line number="96" hits="3" branch="false"/>
            <line number="97" hits="3" branch="false"/>
            <line number="98" hits="3" branch="false"/>
            <line number="99" hits="3" branch="false"/>
            <line number="100" hits="3" branch="false"/>
            <line number="101" hits="3" branch="false"/>
            <line number="102" hits="3" branch="false"/>
            <line number="103" hits="3" branch="false"/>
            <line number="104" hits="3" branch="false"/>
            <line number="106" hits="6" branch="false"/>
          </lines>
        </class>
        <class name="rlistings_methods.R" filename="R/rlistings_methods.R" line-rate="0.865979381443299" branch-rate="0" complexity="0">
          <methods>
            <method name="print.listing_df" signature="" line-rate="0" branch-rate="0">
              <lines>
                <line number="24" hits="0" branch="false"/>
                <line number="25" hits="0" branch="false"/>
              </lines>
            </method>
            <method name="basic_run_lens" signature="" line-rate="0.833333333333333" branch-rate="0">
              <lines>
                <line number="30" hits="33" branch="false"/>
                <line number="31" hits="33" branch="false"/>
                <line number="32" hits="0" branch="false"/>
                <line number="35" hits="33" branch="false"/>
                <line number="36" hits="33" branch="false"/>
                <line number="37" hits="33" branch="false"/>
              </lines>
            </method>
            <method name="format_colvector" signature="" line-rate="0.857142857142857" branch-rate="0">
              <lines>
                <line number="45" hits="114" branch="false"/>
                <line number="46" hits="0" branch="false"/>
                <line number="47" hits="114" branch="false"/>
                <line number="48" hits="114" branch="false"/>
                <line number="49" hits="63" branch="false"/>
                <line number="51" hits="114" branch="false"/>
                <line number="52" hits="114" branch="false"/>
              </lines>
            </method>
            <method name="vec_nlines" signature="" line-rate="1" branch-rate="0">
              <lines>
                <line number="58" hits="114" branch="false"/>
              </lines>
            </method>
            <method name="ANY" signature="" line-rate="1" branch-rate="0">
              <lines>
                <line number="63" hits="114" branch="false"/>
                <line number="64" hits="114" branch="false"/>
                <line number="65" hits="114" branch="false"/>
              </lines>
            </method>
            <method name="listing_df" signature="" line-rate="0.861538461538462" branch-rate="0">
              <lines>
                <line number="94" hits="33" branch="false"/>
                <line number="95" hits="33" branch="false"/>
                <line number="96" hits="33" branch="false"/>
                <line number="97" hits="33" branch="false"/>
                <line number="98" hits="33" branch="false"/>
                <line number="100" hits="0" branch="false"/>
                <line number="101" hits="33" branch="false"/>
                <line number="102" hits="33" branch="false"/>
                <line number="103" hits="33" branch="false"/>
                <line number="104" hits="33" branch="false"/>
                <line number="105" hits="0" branch="false"/>
                <line number="106" hits="0" branch="false"/>
                <line number="107" hits="33" branch="false"/>
                <line number="108" hits="6" branch="false"/>
                <line number="111" hits="33" branch="false"/>
                <line number="113" hits="114" branch="false"/>
                <line number="114" hits="114" branch="false"/>
                <line number="116" hits="33" branch="false"/>
                <line number="117" hits="33" branch="false"/>
                <line number="118" hits="33" branch="false"/>
                <line number="119" hits="33" branch="false"/>
                <line number="120" hits="33" branch="false"/>
                <line number="121" hits="33" branch="false"/>
                <line number="122" hits="33" branch="false"/>
                <line number="123" hits="33" branch="false"/>
                <line number="124" hits="33" branch="false"/>
                <line number="125" hits="33" branch="false"/>
                <line number="126" hits="33" branch="false"/>
                <line number="127" hits="33" branch="false"/>
                <line number="128" hits="33" branch="false"/>
                <line number="129" hits="33" branch="false"/>
                <line number="130" hits="33" branch="false"/>
                <line number="131" hits="33" branch="false"/>
                <line number="132" hits="33" branch="false"/>
                <line number="133" hits="33" branch="false"/>
                <line number="134" hits="33" branch="false"/>
                <line number="135" hits="33" branch="false"/>
                <line number="136" hits="33" branch="false"/>
                <line number="137" hits="33" branch="false"/>
                <line number="138" hits="33" branch="false"/>
                <line number="139" hits="33" branch="false"/>
                <line number="140" hits="33" branch="false"/>
                <line number="141" hits="33" branch="false"/>
                <line number="190" hits="0" branch="false"/>
                <line number="191" hits="0" branch="false"/>
                <line number="192" hits="0" branch="false"/>
                <line number="193" hits="0" branch="false"/>
                <line number="194" hits="0" branch="false"/>
                <line number="196" hits="0" branch="false"/>
                <line number="204" hits="36" branch="false"/>
                <line number="211" hits="35" branch="false"/>
                <line number="217" hits="35" branch="false"/>
                <line number="223" hits="35" branch="false"/>
                <line number="252" hits="19" branch="false"/>
                <line number="253" hits="17" branch="false"/>
                <line number="254" hits="17" branch="false"/>
                <line number="263" hits="17" branch="false"/>
                <line number="264" hits="16" branch="false"/>
                <line number="265" hits="16" branch="false"/>
                <line number="274" hits="17" branch="false"/>
                <line number="275" hits="16" branch="false"/>
                <line number="276" hits="16" branch="false"/>
                <line number="285" hits="17" branch="false"/>
                <line number="286" hits="16" branch="false"/>
                <line number="287" hits="16" branch="false"/>
              </lines>
            </method>
            <method name=".chk_value" signature="" line-rate="1" branch-rate="0">
              <lines>
                <line number="227" hits="70" branch="false"/>
                <line number="228" hits="56" branch="false"/>
                <line number="230" hits="14" branch="false"/>
                <line number="231" hits="4" branch="false"/>
                <line number="232" hits="4" branch="false"/>
                <line number="233" hits="4" branch="false"/>
                <line number="234" hits="4" branch="false"/>
                <line number="236" hits="10" branch="false"/>
                <line number="237" hits="1" branch="false"/>
                <line number="238" hits="1" branch="false"/>
                <line number="239" hits="1" branch="false"/>
                <line number="240" hits="1" branch="false"/>
                <line number="242" hits="9" branch="false"/>
              </lines>
            </method>
          </methods>
          <lines>
            <line number="24" hits="0" branch="false"/>
            <line number="25" hits="0" branch="false"/>
            <line number="30" hits="33" branch="false"/>
            <line number="31" hits="33" branch="false"/>
            <line number="32" hits="0" branch="false"/>
            <line number="35" hits="33" branch="false"/>
            <line number="36" hits="33" branch="false"/>
            <line number="37" hits="33" branch="false"/>
            <line number="45" hits="114" branch="false"/>
            <line number="46" hits="0" branch="false"/>
            <line number="47" hits="114" branch="false"/>
            <line number="48" hits="114" branch="false"/>
            <line number="49" hits="63" branch="false"/>
            <line number="51" hits="114" branch="false"/>
            <line number="52" hits="114" branch="false"/>
            <line number="58" hits="114" branch="false"/>
            <line number="63" hits="114" branch="false"/>
            <line number="64" hits="114" branch="false"/>
            <line number="65" hits="114" branch="false"/>
            <line number="94" hits="33" branch="false"/>
            <line number="95" hits="33" branch="false"/>
            <line number="96" hits="33" branch="false"/>
            <line number="97" hits="33" branch="false"/>
            <line number="98" hits="33" branch="false"/>
            <line number="100" hits="0" branch="false"/>
            <line number="101" hits="33" branch="false"/>
            <line number="102" hits="33" branch="false"/>
            <line number="103" hits="33" branch="false"/>
            <line number="104" hits="33" branch="false"/>
            <line number="105" hits="0" branch="false"/>
            <line number="106" hits="0" branch="false"/>
            <line number="107" hits="33" branch="false"/>
            <line number="108" hits="6" branch="false"/>
            <line number="111" hits="33" branch="false"/>
            <line number="113" hits="114" branch="false"/>
            <line number="114" hits="114" branch="false"/>
            <line number="116" hits="33" branch="false"/>
            <line number="117" hits="33" branch="false"/>
            <line number="118" hits="33" branch="false"/>
            <line number="119" hits="33" branch="false"/>
            <line number="120" hits="33" branch="false"/>
            <line number="121" hits="33" branch="false"/>
            <line number="122" hits="33" branch="false"/>
            <line number="123" hits="33" branch="false"/>
            <line number="124" hits="33" branch="false"/>
            <line number="125" hits="33" branch="false"/>
            <line number="126" hits="33" branch="false"/>
            <line number="127" hits="33" branch="false"/>
            <line number="128" hits="33" branch="false"/>
            <line number="129" hits="33" branch="false"/>
            <line number="130" hits="33" branch="false"/>
            <line number="131" hits="33" branch="false"/>
            <line number="132" hits="33" branch="false"/>
            <line number="133" hits="33" branch="false"/>
            <line number="134" hits="33" branch="false"/>
            <line number="135" hits="33" branch="false"/>
            <line number="136" hits="33" branch="false"/>
            <line number="137" hits="33" branch="false"/>
            <line number="138" hits="33" branch="false"/>
            <line number="139" hits="33" branch="false"/>
            <line number="140" hits="33" branch="false"/>
            <line number="141" hits="33" branch="false"/>
            <line number="190" hits="0" branch="false"/>
            <line number="191" hits="0" branch="false"/>
            <line number="192" hits="0" branch="false"/>
            <line number="193" hits="0" branch="false"/>
            <line number="194" hits="0" branch="false"/>
            <line number="196" hits="0" branch="false"/>
            <line number="204" hits="36" branch="false"/>
            <line number="211" hits="35" branch="false"/>
            <line number="217" hits="35" branch="false"/>
            <line number="223" hits="35" branch="false"/>
            <line number="227" hits="70" branch="false"/>
            <line number="228" hits="56" branch="false"/>
            <line number="230" hits="14" branch="false"/>
            <line number="231" hits="4" branch="false"/>
            <line number="232" hits="4" branch="false"/>
            <line number="233" hits="4" branch="false"/>
            <line number="234" hits="4" branch="false"/>
            <line number="236" hits="10" branch="false"/>
            <line number="237" hits="1" branch="false"/>
            <line number="238" hits="1" branch="false"/>
            <line number="239" hits="1" branch="false"/>
            <line number="240" hits="1" branch="false"/>
            <line number="242" hits="9" branch="false"/>
            <line number="252" hits="19" branch="false"/>
            <line number="253" hits="17" branch="false"/>
            <line number="254" hits="17" branch="false"/>
            <line number="263" hits="17" branch="false"/>
            <line number="264" hits="16" branch="false"/>
            <line number="265" hits="16" branch="false"/>
            <line number="274" hits="17" branch="false"/>
            <line number="275" hits="16" branch="false"/>
            <line number="276" hits="16" branch="false"/>
            <line number="285" hits="17" branch="false"/>
            <line number="286" hits="16" branch="false"/>
            <line number="287" hits="16" branch="false"/>
          </lines>
        </class>
        <class name="rlistings.R" filename="R/rlistings.R" line-rate="0.9140625" branch-rate="0" complexity="0">
          <methods>
            <method name="as_listing" signature="" line-rate="1" branch-rate="0">
              <lines>
                <line number="104" hits="17" branch="false"/>
                <line number="105" hits="1" branch="false"/>
                <line number="106" hits="16" branch="false"/>
                <line number="107" hits="1" branch="false"/>
                <line number="108" hits="15" branch="false"/>
                <line number="109" hits="5" branch="false"/>
                <line number="111" hits="10" branch="false"/>
                <line number="113" hits="15" branch="false"/>
                <line number="114" hits="15" branch="false"/>
                <line number="115" hits="15" branch="false"/>
                <line number="116" hits="15" branch="false"/>
                <line number="117" hits="6" branch="false"/>
                <line number="118" hits="6" branch="false"/>
                <line number="122" hits="15" branch="false"/>
                <line number="123" hits="15" branch="false"/>
                <line number="124" hits="15" branch="false"/>
                <line number="126" hits="15" branch="false"/>
                <line number="127" hits="25" branch="false"/>
                <line number="131" hits="15" branch="false"/>
                <line number="134" hits="15" branch="false"/>
                <line number="136" hits="15" branch="false"/>
                <line number="137" hits="15" branch="false"/>
                <line number="138" hits="15" branch="false"/>
                <line number="139" hits="15" branch="false"/>
                <line number="140" hits="15" branch="false"/>
                <line number="141" hits="15" branch="false"/>
              </lines>
            </method>
            <method name="as_keycol" signature="" line-rate="1" branch-rate="0">
              <lines>
                <line number="149" hits="25" branch="false"/>
                <line number="150" hits="7" branch="false"/>
                <line number="151" hits="7" branch="false"/>
                <line number="152" hits="7" branch="false"/>
                <line number="154" hits="25" branch="false"/>
                <line number="155" hits="25" branch="false"/>
              </lines>
            </method>
            <method name="is_keycol" signature="" line-rate="1" branch-rate="0">
              <lines>
                <line number="164" hits="1433" branch="false"/>
              </lines>
            </method>
            <method name="get_keycols" signature="" line-rate="1" branch-rate="0">
              <lines>
                <line number="173" hits="68" branch="false"/>
              </lines>
            </method>
            <method name="rix_form" signature="" line-rate="1" branch-rate="0">
              <lines>
                <line number="189" hits="26" branch="false"/>
                <line number="190" hits="26" branch="false"/>
                <line number="191" hits="26" branch="false"/>
                <line number="192" hits="26" branch="false"/>
                <line number="193" hits="26" branch="false"/>
                <line number="195" hits="26" branch="false"/>
                <line number="198" hits="26" branch="false"/>
                <line number="199" hits="26" branch="false"/>
                <line number="200" hits="26" branch="false"/>
                <line number="201" hits="26" branch="false"/>
                <line number="203" hits="26" branch="false"/>
                <line number="206" hits="26" branch="false"/>
                <line number="207" hits="26" branch="false"/>
                <line number="208" hits="41" branch="false"/>
                <line number="209" hits="41" branch="false"/>
                <line number="210" hits="41" branch="false"/>
                <line number="211" hits="41" branch="false"/>
                <line number="212" hits="41" branch="false"/>
                <line number="215" hits="26" branch="false"/>
                <line number="216" hits="26" branch="false"/>
                <line number="217" hits="26" branch="false"/>
                <line number="218" hits="49" branch="false"/>
                <line number="219" hits="49" branch="false"/>
                <line number="220" hits="49" branch="false"/>
                <line number="225" hits="26" branch="false"/>
                <line number="226" hits="26" branch="false"/>
                <line number="227" hits="26" branch="false"/>
                <line number="228" hits="26" branch="false"/>
                <line number="230" hits="26" branch="false"/>
                <line number="231" hits="26" branch="false"/>
                <line number="232" hits="26" branch="false"/>
                <line number="233" hits="26" branch="false"/>
                <line number="234" hits="26" branch="false"/>
                <line number="235" hits="26" branch="false"/>
                <line number="236" hits="26" branch="false"/>
                <line number="237" hits="26" branch="false"/>
                <line number="238" hits="26" branch="false"/>
                <line number="239" hits="26" branch="false"/>
                <line number="240" hits="26" branch="false"/>
                <line number="241" hits="26" branch="false"/>
                <line number="242" hits="26" branch="false"/>
                <line number="243" hits="26" branch="false"/>
                <line number="244" hits="26" branch="false"/>
                <line number="245" hits="26" branch="false"/>
                <line number="246" hits="26" branch="false"/>
                <line number="247" hits="26" branch="false"/>
                <line number="248" hits="26" branch="false"/>
                <line number="249" hits="26" branch="false"/>
                <line number="250" hits="26" branch="false"/>
                <line number="251" hits="26" branch="false"/>
                <line number="252" hits="26" branch="false"/>
                <line number="253" hits="26" branch="false"/>
                <line number="254" hits="26" branch="false"/>
                <line number="255" hits="26" branch="false"/>
                <line number="256" hits="26" branch="false"/>
                <line number="257" hits="26" branch="false"/>
                <line number="258" hits="26" branch="false"/>
                <line number="259" hits="26" branch="false"/>
                <line number="260" hits="26" branch="false"/>
                <line number="261" hits="26" branch="false"/>
                <line number="262" hits="26" branch="false"/>
                <line number="263" hits="26" branch="false"/>
                <line number="264" hits="26" branch="false"/>
                <line number="265" hits="26" branch="false"/>
                <line number="266" hits="26" branch="false"/>
              </lines>
            </method>
            <method name="listing_dispcols" signature="" line-rate="1" branch-rate="0">
              <lines>
                <line number="274" hits="65" branch="false"/>
              </lines>
            </method>
            <method name="add_listing_dispcol" signature="" line-rate="1" branch-rate="0">
              <lines>
                <line number="283" hits="15" branch="false"/>
                <line number="284" hits="15" branch="false"/>
              </lines>
            </method>
            <method name="listing_dispcols&lt;-" signature="" line-rate="0.384615384615385" branch-rate="0">
              <lines>
                <line number="293" hits="41" branch="false"/>
                <line number="294" hits="0" branch="false"/>
                <line number="295" hits="0" branch="false"/>
                <line number="296" hits="0" branch="false"/>
                <line number="297" hits="0" branch="false"/>
                <line number="299" hits="41" branch="false"/>
                <line number="300" hits="41" branch="false"/>
                <line number="301" hits="0" branch="false"/>
                <line number="302" hits="0" branch="false"/>
                <line number="303" hits="0" branch="false"/>
                <line number="304" hits="0" branch="false"/>
                <line number="306" hits="41" branch="false"/>
                <line number="307" hits="41" branch="false"/>
              </lines>
            </method>
            <method name="add_listing_col" signature="" line-rate="0.769230769230769" branch-rate="0">
              <lines>
                <line number="327" hits="15" branch="false"/>
                <line number="328" hits="0" branch="false"/>
                <line number="329" hits="15" branch="false"/>
                <line number="330" hits="15" branch="false"/>
                <line number="332" hits="0" branch="false"/>
                <line number="333" hits="0" branch="false"/>
                <line number="336" hits="15" branch="false"/>
                <line number="337" hits="6" branch="false"/>
                <line number="338" hits="6" branch="false"/>
                <line number="341" hits="15" branch="false"/>
                <line number="344" hits="15" branch="false"/>
                <line number="345" hits="15" branch="false"/>
                <line number="346" hits="15" branch="false"/>
              </lines>
            </method>
          </methods>
          <lines>
            <line number="104" hits="17" branch="false"/>
            <line number="105" hits="1" branch="false"/>
            <line number="106" hits="16" branch="false"/>
            <line number="107" hits="1" branch="false"/>
            <line number="108" hits="15" branch="false"/>
            <line number="109" hits="5" branch="false"/>
            <line number="111" hits="10" branch="false"/>
            <line number="113" hits="15" branch="false"/>
            <line number="114" hits="15" branch="false"/>
            <line number="115" hits="15" branch="false"/>
            <line number="116" hits="15" branch="false"/>
            <line number="117" hits="6" branch="false"/>
            <line number="118" hits="6" branch="false"/>
            <line number="122" hits="15" branch="false"/>
            <line number="123" hits="15" branch="false"/>
            <line number="124" hits="15" branch="false"/>
            <line number="126" hits="15" branch="false"/>
            <line number="127" hits="25" branch="false"/>
            <line number="131" hits="15" branch="false"/>
            <line number="134" hits="15" branch="false"/>
            <line number="136" hits="15" branch="false"/>
            <line number="137" hits="15" branch="false"/>
            <line number="138" hits="15" branch="false"/>
            <line number="139" hits="15" branch="false"/>
            <line number="140" hits="15" branch="false"/>
            <line number="141" hits="15" branch="false"/>
            <line number="149" hits="25" branch="false"/>
            <line number="150" hits="7" branch="false"/>
            <line number="151" hits="7" branch="false"/>
            <line number="152" hits="7" branch="false"/>
            <line number="154" hits="25" branch="false"/>
            <line number="155" hits="25" branch="false"/>
            <line number="164" hits="1433" branch="false"/>
            <line number="173" hits="68" branch="false"/>
            <line number="189" hits="26" branch="false"/>
            <line number="190" hits="26" branch="false"/>
            <line number="191" hits="26" branch="false"/>
            <line number="192" hits="26" branch="false"/>
            <line number="193" hits="26" branch="false"/>
            <line number="195" hits="26" branch="false"/>
            <line number="198" hits="26" branch="false"/>
            <line number="199" hits="26" branch="false"/>
            <line number="200" hits="26" branch="false"/>
            <line number="201" hits="26" branch="false"/>
            <line number="203" hits="26" branch="false"/>
            <line number="206" hits="26" branch="false"/>
            <line number="207" hits="26" branch="false"/>
            <line number="208" hits="41" branch="false"/>
            <line number="209" hits="41" branch="false"/>
            <line number="210" hits="41" branch="false"/>
            <line number="211" hits="41" branch="false"/>
            <line number="212" hits="41" branch="false"/>
            <line number="215" hits="26" branch="false"/>
            <line number="216" hits="26" branch="false"/>
            <line number="217" hits="26" branch="false"/>
            <line number="218" hits="49" branch="false"/>
            <line number="219" hits="49" branch="false"/>
            <line number="220" hits="49" branch="false"/>
            <line number="225" hits="26" branch="false"/>
            <line number="226" hits="26" branch="false"/>
            <line number="227" hits="26" branch="false"/>
            <line number="228" hits="26" branch="false"/>
            <line number="230" hits="26" branch="false"/>
            <line number="231" hits="26" branch="false"/>
            <line number="232" hits="26" branch="false"/>
            <line number="233" hits="26" branch="false"/>
            <line number="234" hits="26" branch="false"/>
            <line number="235" hits="26" branch="false"/>
            <line number="236" hits="26" branch="false"/>
            <line number="237" hits="26" branch="false"/>
            <line number="238" hits="26" branch="false"/>
            <line number="239" hits="26" branch="false"/>
            <line number="240" hits="26" branch="false"/>
            <line number="241" hits="26" branch="false"/>
            <line number="242" hits="26" branch="false"/>
            <line number="243" hits="26" branch="false"/>
            <line number="244" hits="26" branch="false"/>
            <line number="245" hits="26" branch="false"/>
            <line number="246" hits="26" branch="false"/>
            <line number="247" hits="26" branch="false"/>
            <line number="248" hits="26" branch="false"/>
            <line number="249" hits="26" branch="false"/>
            <line number="250" hits="26" branch="false"/>
            <line number="251" hits="26" branch="false"/>
            <line number="252" hits="26" branch="false"/>
            <line number="253" hits="26" branch="false"/>
            <line number="254" hits="26" branch="false"/>
            <line number="255" hits="26" branch="false"/>
            <line number="256" hits="26" branch="false"/>
            <line number="257" hits="26" branch="false"/>
            <line number="258" hits="26" branch="false"/>
            <line number="259" hits="26" branch="false"/>
            <line number="260" hits="26" branch="false"/>
            <line number="261" hits="26" branch="false"/>
            <line number="262" hits="26" branch="false"/>
            <line number="263" hits="26" branch="false"/>
            <line number="264" hits="26" branch="false"/>
            <line number="265" hits="26" branch="false"/>
            <line number="266" hits="26" branch="false"/>
            <line number="274" hits="65" branch="false"/>
            <line number="283" hits="15" branch="false"/>
            <line number="284" hits="15" branch="false"/>
            <line number="293" hits="41" branch="false"/>
            <line number="294" hits="0" branch="false"/>
            <line number="295" hits="0" branch="false"/>
            <line number="296" hits="0" branch="false"/>
            <line number="297" hits="0" branch="false"/>
            <line number="299" hits="41" branch="false"/>
            <line number="300" hits="41" branch="false"/>
            <line number="301" hits="0" branch="false"/>
            <line number="302" hits="0" branch="false"/>
            <line number="303" hits="0" branch="false"/>
            <line number="304" hits="0" branch="false"/>
            <line number="306" hits="41" branch="false"/>
            <line number="307" hits="41" branch="false"/>
            <line number="327" hits="15" branch="false"/>
            <line number="328" hits="0" branch="false"/>
            <line number="329" hits="15" branch="false"/>
            <line number="330" hits="15" branch="false"/>
            <line number="332" hits="0" branch="false"/>
            <line number="333" hits="0" branch="false"/>
            <line number="336" hits="15" branch="false"/>
            <line number="337" hits="6" branch="false"/>
            <line number="338" hits="6" branch="false"/>
            <line number="341" hits="15" branch="false"/>
            <line number="344" hits="15" branch="false"/>
            <line number="345" hits="15" branch="false"/>
            <line number="346" hits="15" branch="false"/>
          </lines>
        </class>
      </classes>
    </package>
  </packages>
</coverage>
