<?xml version="1.0" encoding="UTF-8"?>
<!DOCTYPE coverage SYSTEM "https://raw.githubusercontent.com/cobertura/cobertura/master/cobertura/src/site/htdocs/xml/coverage-04.dtd">
<coverage line-rate="0.882608695652174" branch-rate="0" lines-covered="203" lines-valid="230" branches-covered="0" branches-valid="0" complexity="0" version="3.6.2" timestamp="2023-05-11 13:20:07">
  <sources>
    <source>/__w/rlistings/rlistings/rlistings</source>
  </sources>
  <packages>
    <package name="rlistings" line-rate="0.882608695652174" branch-rate="0" complexity="0">
      <classes>
        <class name="rlistings_methods.R" filename="R/rlistings_methods.R" line-rate="0.85" branch-rate="0" complexity="0">
          <methods>
            <method name="print.listing_df" signature="" line-rate="0" branch-rate="0" complexity="0">
              <lines>
                <line number="24" hits="0" branch="false"/>
                <line number="25" hits="0" branch="false"/>
              </lines>
            </method>
            <method name="listing_df" signature="" line-rate="0.838235294117647" branch-rate="0" complexity="0">
              <lines>
                <line number="32" hits="2" branch="false"/>
                <line number="125" hits="15" branch="false"/>
                <line number="126" hits="15" branch="false"/>
                <line number="127" hits="15" branch="false"/>
                <line number="128" hits="15" branch="false"/>
                <line number="129" hits="14" branch="false"/>
                <line number="131" hits="1" branch="false"/>
                <line number="133" hits="15" branch="false"/>
                <line number="134" hits="15" branch="false"/>
                <line number="135" hits="15" branch="false"/>
                <line number="136" hits="15" branch="false"/>
                <line number="137" hits="0" branch="false"/>
                <line number="138" hits="0" branch="false"/>
                <line number="139" hits="0" branch="false"/>
                <line number="140" hits="0" branch="false"/>
                <line number="142" hits="15" branch="false"/>
                <line number="143" hits="0" branch="false"/>
                <line number="147" hits="15" branch="false"/>
                <line number="149" hits="231" branch="false"/>
                <line number="150" hits="231" branch="false"/>
                <line number="152" hits="15" branch="false"/>
                <line number="153" hits="15" branch="false"/>
                <line number="154" hits="15" branch="false"/>
                <line number="155" hits="15" branch="false"/>
                <line number="156" hits="15" branch="false"/>
                <line number="157" hits="15" branch="false"/>
                <line number="158" hits="15" branch="false"/>
                <line number="159" hits="15" branch="false"/>
                <line number="160" hits="15" branch="false"/>
                <line number="161" hits="15" branch="false"/>
                <line number="162" hits="15" branch="false"/>
                <line number="163" hits="15" branch="false"/>
                <line number="164" hits="15" branch="false"/>
                <line number="165" hits="15" branch="false"/>
                <line number="166" hits="15" branch="false"/>
                <line number="167" hits="15" branch="false"/>
                <line number="168" hits="15" branch="false"/>
                <line number="169" hits="15" branch="false"/>
                <line number="170" hits="15" branch="false"/>
                <line number="171" hits="15" branch="false"/>
                <line number="172" hits="15" branch="false"/>
                <line number="173" hits="15" branch="false"/>
                <line number="174" hits="15" branch="false"/>
                <line number="175" hits="15" branch="false"/>
                <line number="176" hits="15" branch="false"/>
                <line number="177" hits="15" branch="false"/>
                <line number="227" hits="0" branch="false"/>
                <line number="228" hits="0" branch="false"/>
                <line number="229" hits="0" branch="false"/>
                <line number="230" hits="0" branch="false"/>
                <line number="231" hits="0" branch="false"/>
                <line number="233" hits="0" branch="false"/>
                <line number="252" hits="17" branch="false"/>
                <line number="259" hits="16" branch="false"/>
                <line number="265" hits="16" branch="false"/>
                <line number="271" hits="16" branch="false"/>
                <line number="300" hits="19" branch="false"/>
                <line number="301" hits="17" branch="false"/>
                <line number="302" hits="17" branch="false"/>
                <line number="311" hits="15" branch="false"/>
                <line number="312" hits="14" branch="false"/>
                <line number="313" hits="14" branch="false"/>
                <line number="322" hits="17" branch="false"/>
                <line number="323" hits="16" branch="false"/>
                <line number="324" hits="16" branch="false"/>
                <line number="333" hits="15" branch="false"/>
                <line number="334" hits="14" branch="false"/>
                <line number="335" hits="14" branch="false"/>
              </lines>
            </method>
            <method name="basic_run_lens" signature="" line-rate="0.833333333333333" branch-rate="0" complexity="0">
              <lines>
                <line number="37" hits="14" branch="false"/>
                <line number="38" hits="14" branch="false"/>
                <line number="39" hits="0" branch="false"/>
                <line number="42" hits="14" branch="false"/>
                <line number="43" hits="14" branch="false"/>
                <line number="44" hits="14" branch="false"/>
              </lines>
            </method>
            <method name="format_colvector" signature="" line-rate="0.857142857142857" branch-rate="0" complexity="0">
              <lines>
                <line number="53" hits="231" branch="false"/>
                <line number="54" hits="0" branch="false"/>
                <line number="56" hits="231" branch="false"/>
                <line number="57" hits="231" branch="false"/>
                <line number="58" hits="215" branch="false"/>
                <line number="61" hits="231" branch="false"/>
                <line number="62" hits="231" branch="false"/>
              </lines>
            </method>
            <method name="vec_nlines" signature="" line-rate="1" branch-rate="0" complexity="0">
              <lines>
                <line number="77" hits="231" branch="false"/>
              </lines>
            </method>
            <method name="ANY" signature="" line-rate="1" branch-rate="0" complexity="0">
              <lines>
                <line number="83" hits="231" branch="false"/>
                <line number="84" hits="231" branch="false"/>
                <line number="85" hits="231" branch="false"/>
              </lines>
            </method>
            <method name=".chk_value" signature="" line-rate="1" branch-rate="0" complexity="0">
              <lines>
                <line number="275" hits="66" branch="false"/>
                <line number="276" hits="53" branch="false"/>
                <line number="278" hits="13" branch="false"/>
                <line number="279" hits="4" branch="false"/>
                <line number="280" hits="4" branch="false"/>
                <line number="281" hits="4" branch="false"/>
                <line number="282" hits="4" branch="false"/>
                <line number="284" hits="9" branch="false"/>
                <line number="285" hits="1" branch="false"/>
                <line number="286" hits="1" branch="false"/>
                <line number="287" hits="1" branch="false"/>
                <line number="288" hits="1" branch="false"/>
                <line number="290" hits="8" branch="false"/>
              </lines>
            </method>
          </methods>
          <lines>
            <line number="24" hits="0" branch="false"/>
            <line number="25" hits="0" branch="false"/>
            <line number="32" hits="2" branch="false"/>
            <line number="37" hits="14" branch="false"/>
            <line number="38" hits="14" branch="false"/>
            <line number="39" hits="0" branch="false"/>
            <line number="42" hits="14" branch="false"/>
            <line number="43" hits="14" branch="false"/>
            <line number="44" hits="14" branch="false"/>
            <line number="53" hits="231" branch="false"/>
            <line number="54" hits="0" branch="false"/>
            <line number="56" hits="231" branch="false"/>
            <line number="57" hits="231" branch="false"/>
            <line number="58" hits="215" branch="false"/>
            <line number="61" hits="231" branch="false"/>
            <line number="62" hits="231" branch="false"/>
            <line number="77" hits="231" branch="false"/>
            <line number="83" hits="231" branch="false"/>
            <line number="84" hits="231" branch="false"/>
            <line number="85" hits="231" branch="false"/>
            <line number="125" hits="15" branch="false"/>
            <line number="126" hits="15" branch="false"/>
            <line number="127" hits="15" branch="false"/>
            <line number="128" hits="15" branch="false"/>
            <line number="129" hits="14" branch="false"/>
            <line number="131" hits="1" branch="false"/>
            <line number="133" hits="15" branch="false"/>
            <line number="134" hits="15" branch="false"/>
            <line number="135" hits="15" branch="false"/>
            <line number="136" hits="15" branch="false"/>
            <line number="137" hits="0" branch="false"/>
            <line number="138" hits="0" branch="false"/>
            <line number="139" hits="0" branch="false"/>
            <line number="140" hits="0" branch="false"/>
            <line number="142" hits="15" branch="false"/>
            <line number="143" hits="0" branch="false"/>
            <line number="147" hits="15" branch="false"/>
            <line number="149" hits="231" branch="false"/>
            <line number="150" hits="231" branch="false"/>
            <line number="152" hits="15" branch="false"/>
            <line number="153" hits="15" branch="false"/>
            <line number="154" hits="15" branch="false"/>
            <line number="155" hits="15" branch="false"/>
            <line number="156" hits="15" branch="false"/>
            <line number="157" hits="15" branch="false"/>
            <line number="158" hits="15" branch="false"/>
            <line number="159" hits="15" branch="false"/>
            <line number="160" hits="15" branch="false"/>
            <line number="161" hits="15" branch="false"/>
            <line number="162" hits="15" branch="false"/>
            <line number="163" hits="15" branch="false"/>
            <line number="164" hits="15" branch="false"/>
            <line number="165" hits="15" branch="false"/>
            <line number="166" hits="15" branch="false"/>
            <line number="167" hits="15" branch="false"/>
            <line number="168" hits="15" branch="false"/>
            <line number="169" hits="15" branch="false"/>
            <line number="170" hits="15" branch="false"/>
            <line number="171" hits="15" branch="false"/>
            <line number="172" hits="15" branch="false"/>
            <line number="173" hits="15" branch="false"/>
            <line number="174" hits="15" branch="false"/>
            <line number="175" hits="15" branch="false"/>
            <line number="176" hits="15" branch="false"/>
            <line number="177" hits="15" branch="false"/>
            <line number="227" hits="0" branch="false"/>
            <line number="228" hits="0" branch="false"/>
            <line number="229" hits="0" branch="false"/>
            <line number="230" hits="0" branch="false"/>
            <line number="231" hits="0" branch="false"/>
            <line number="233" hits="0" branch="false"/>
            <line number="252" hits="17" branch="false"/>
            <line number="259" hits="16" branch="false"/>
            <line number="265" hits="16" branch="false"/>
            <line number="271" hits="16" branch="false"/>
            <line number="275" hits="66" branch="false"/>
            <line number="276" hits="53" branch="false"/>
            <line number="278" hits="13" branch="false"/>
            <line number="279" hits="4" branch="false"/>
            <line number="280" hits="4" branch="false"/>
            <line number="281" hits="4" branch="false"/>
            <line number="282" hits="4" branch="false"/>
            <line number="284" hits="9" branch="false"/>
            <line number="285" hits="1" branch="false"/>
            <line number="286" hits="1" branch="false"/>
            <line number="287" hits="1" branch="false"/>
            <line number="288" hits="1" branch="false"/>
            <line number="290" hits="8" branch="false"/>
            <line number="300" hits="19" branch="false"/>
            <line number="301" hits="17" branch="false"/>
            <line number="302" hits="17" branch="false"/>
            <line number="311" hits="15" branch="false"/>
            <line number="312" hits="14" branch="false"/>
            <line number="313" hits="14" branch="false"/>
            <line number="322" hits="17" branch="false"/>
            <line number="323" hits="16" branch="false"/>
            <line number="324" hits="16" branch="false"/>
            <line number="333" hits="15" branch="false"/>
            <line number="334" hits="14" branch="false"/>
            <line number="335" hits="14" branch="false"/>
          </lines>
        </class>
        <class name="rlistings.R" filename="R/rlistings.R" line-rate="0.907692307692308" branch-rate="0" complexity="0">
          <methods>
            <method name="as_listing" signature="" line-rate="1" branch-rate="0" complexity="0">
              <lines>
                <line number="105" hits="15" branch="false"/>
                <line number="106" hits="1" branch="false"/>
                <line number="108" hits="14" branch="false"/>
                <line number="109" hits="1" branch="false"/>
                <line number="110" hits="13" branch="false"/>
                <line number="112" hits="9" branch="false"/>
                <line number="115" hits="4" branch="false"/>
                <line number="118" hits="13" branch="false"/>
                <line number="119" hits="13" branch="false"/>
                <line number="120" hits="13" branch="false"/>
                <line number="121" hits="13" branch="false"/>
                <line number="122" hits="9" branch="false"/>
                <line number="123" hits="9" branch="false"/>
                <line number="127" hits="13" branch="false"/>
                <line number="128" hits="13" branch="false"/>
                <line number="129" hits="13" branch="false"/>
                <line number="131" hits="13" branch="false"/>
                <line number="132" hits="21" branch="false"/>
                <line number="136" hits="13" branch="false"/>
                <line number="139" hits="13" branch="false"/>
                <line number="141" hits="13" branch="false"/>
                <line number="142" hits="13" branch="false"/>
                <line number="143" hits="13" branch="false"/>
                <line number="144" hits="13" branch="false"/>
                <line number="145" hits="13" branch="false"/>
                <line number="146" hits="13" branch="false"/>
              </lines>
            </method>
            <method name="as_keycol" signature="" line-rate="1" branch-rate="0" complexity="0">
              <lines>
                <line number="153" hits="21" branch="false"/>
                <line number="154" hits="8" branch="false"/>
                <line number="155" hits="8" branch="false"/>
                <line number="156" hits="8" branch="false"/>
                <line number="158" hits="21" branch="false"/>
                <line number="159" hits="21" branch="false"/>
              </lines>
            </method>
            <method name="is_keycol" signature="" line-rate="1" branch-rate="0" complexity="0">
              <lines>
                <line number="166" hits="500" branch="false"/>
              </lines>
            </method>
            <method name="get_keycols" signature="" line-rate="1" branch-rate="0" complexity="0">
              <lines>
                <line number="174" hits="29" branch="false"/>
              </lines>
            </method>
            <method name="rix_form" signature="" line-rate="1" branch-rate="0" complexity="0">
              <lines>
                <line number="195" hits="14" branch="false"/>
                <line number="196" hits="14" branch="false"/>
                <line number="197" hits="14" branch="false"/>
                <line number="198" hits="14" branch="false"/>
                <line number="199" hits="14" branch="false"/>
                <line number="201" hits="14" branch="false"/>
                <line number="204" hits="14" branch="false"/>
                <line number="205" hits="14" branch="false"/>
                <line number="206" hits="14" branch="false"/>
                <line number="207" hits="14" branch="false"/>
                <line number="209" hits="14" branch="false"/>
                <line number="212" hits="14" branch="false"/>
                <line number="213" hits="14" branch="false"/>
                <line number="214" hits="19" branch="false"/>
                <line number="215" hits="19" branch="false"/>
                <line number="216" hits="19" branch="false"/>
                <line number="217" hits="19" branch="false"/>
                <line number="218" hits="19" branch="false"/>
                <line number="221" hits="14" branch="false"/>
                <line number="222" hits="14" branch="false"/>
                <line number="223" hits="14" branch="false"/>
                <line number="224" hits="210" branch="false"/>
                <line number="225" hits="210" branch="false"/>
                <line number="226" hits="210" branch="false"/>
                <line number="231" hits="14" branch="false"/>
                <line number="232" hits="14" branch="false"/>
                <line number="233" hits="14" branch="false"/>
                <line number="234" hits="14" branch="false"/>
                <line number="236" hits="14" branch="false"/>
                <line number="237" hits="14" branch="false"/>
                <line number="238" hits="14" branch="false"/>
                <line number="239" hits="14" branch="false"/>
                <line number="240" hits="14" branch="false"/>
                <line number="241" hits="14" branch="false"/>
                <line number="242" hits="14" branch="false"/>
                <line number="243" hits="14" branch="false"/>
                <line number="244" hits="14" branch="false"/>
                <line number="245" hits="14" branch="false"/>
                <line number="246" hits="14" branch="false"/>
                <line number="247" hits="14" branch="false"/>
                <line number="248" hits="14" branch="false"/>
                <line number="249" hits="14" branch="false"/>
                <line number="250" hits="14" branch="false"/>
                <line number="251" hits="14" branch="false"/>
                <line number="252" hits="14" branch="false"/>
                <line number="253" hits="14" branch="false"/>
                <line number="254" hits="14" branch="false"/>
                <line number="255" hits="14" branch="false"/>
                <line number="256" hits="14" branch="false"/>
                <line number="257" hits="14" branch="false"/>
                <line number="258" hits="14" branch="false"/>
                <line number="259" hits="14" branch="false"/>
                <line number="260" hits="14" branch="false"/>
                <line number="261" hits="14" branch="false"/>
                <line number="262" hits="14" branch="false"/>
                <line number="263" hits="14" branch="false"/>
                <line number="264" hits="14" branch="false"/>
                <line number="265" hits="14" branch="false"/>
                <line number="266" hits="14" branch="false"/>
                <line number="267" hits="14" branch="false"/>
                <line number="268" hits="14" branch="false"/>
                <line number="269" hits="14" branch="false"/>
                <line number="270" hits="14" branch="false"/>
                <line number="271" hits="14" branch="false"/>
                <line number="272" hits="14" branch="false"/>
              </lines>
            </method>
            <method name="listing_dispcols" signature="" line-rate="1" branch-rate="0" complexity="0">
              <lines>
                <line number="279" hits="26" branch="false"/>
              </lines>
            </method>
            <method name="add_listing_dispcol" signature="" line-rate="1" branch-rate="0" complexity="0">
              <lines>
                <line number="286" hits="9" branch="false"/>
                <line number="287" hits="9" branch="false"/>
              </lines>
            </method>
            <method name="listing_dispcols&lt;-" signature="" line-rate="0.384615384615385" branch-rate="0" complexity="0">
              <lines>
                <line number="293" hits="22" branch="false"/>
                <line number="294" hits="0" branch="false"/>
                <line number="295" hits="0" branch="false"/>
                <line number="296" hits="0" branch="false"/>
                <line number="297" hits="0" branch="false"/>
                <line number="299" hits="22" branch="false"/>
                <line number="300" hits="22" branch="false"/>
                <line number="301" hits="0" branch="false"/>
                <line number="302" hits="0" branch="false"/>
                <line number="303" hits="0" branch="false"/>
                <line number="304" hits="0" branch="false"/>
                <line number="306" hits="22" branch="false"/>
                <line number="307" hits="22" branch="false"/>
              </lines>
            </method>
            <method name="add_listing_col" signature="" line-rate="0.733333333333333" branch-rate="0" complexity="0">
              <lines>
                <line number="327" hits="9" branch="false"/>
                <line number="328" hits="1" branch="false"/>
                <line number="329" hits="8" branch="false"/>
                <line number="330" hits="8" branch="false"/>
                <line number="332" hits="0" branch="false"/>
                <line number="333" hits="0" branch="false"/>
                <line number="334" hits="0" branch="false"/>
                <line number="335" hits="0" branch="false"/>
                <line number="338" hits="9" branch="false"/>
                <line number="339" hits="2" branch="false"/>
                <line number="340" hits="2" branch="false"/>
                <line number="343" hits="9" branch="false"/>
                <line number="346" hits="9" branch="false"/>
                <line number="347" hits="9" branch="false"/>
                <line number="348" hits="9" branch="false"/>
              </lines>
            </method>
          </methods>
          <lines>
            <line number="105" hits="15" branch="false"/>
            <line number="106" hits="1" branch="false"/>
            <line number="108" hits="14" branch="false"/>
            <line number="109" hits="1" branch="false"/>
            <line number="110" hits="13" branch="false"/>
            <line number="112" hits="9" branch="false"/>
            <line number="115" hits="4" branch="false"/>
            <line number="118" hits="13" branch="false"/>
            <line number="119" hits="13" branch="false"/>
            <line number="120" hits="13" branch="false"/>
            <line number="121" hits="13" branch="false"/>
            <line number="122" hits="9" branch="false"/>
            <line number="123" hits="9" branch="false"/>
            <line number="127" hits="13" branch="false"/>
            <line number="128" hits="13" branch="false"/>
            <line number="129" hits="13" branch="false"/>
            <line number="131" hits="13" branch="false"/>
            <line number="132" hits="21" branch="false"/>
            <line number="136" hits="13" branch="false"/>
            <line number="139" hits="13" branch="false"/>
            <line number="141" hits="13" branch="false"/>
            <line number="142" hits="13" branch="false"/>
            <line number="143" hits="13" branch="false"/>
            <line number="144" hits="13" branch="false"/>
            <line number="145" hits="13" branch="false"/>
            <line number="146" hits="13" branch="false"/>
            <line number="153" hits="21" branch="false"/>
            <line number="154" hits="8" branch="false"/>
            <line number="155" hits="8" branch="false"/>
            <line number="156" hits="8" branch="false"/>
            <line number="158" hits="21" branch="false"/>
            <line number="159" hits="21" branch="false"/>
            <line number="166" hits="500" branch="false"/>
            <line number="174" hits="29" branch="false"/>
            <line number="195" hits="14" branch="false"/>
            <line number="196" hits="14" branch="false"/>
            <line number="197" hits="14" branch="false"/>
            <line number="198" hits="14" branch="false"/>
            <line number="199" hits="14" branch="false"/>
            <line number="201" hits="14" branch="false"/>
            <line number="204" hits="14" branch="false"/>
            <line number="205" hits="14" branch="false"/>
            <line number="206" hits="14" branch="false"/>
            <line number="207" hits="14" branch="false"/>
            <line number="209" hits="14" branch="false"/>
            <line number="212" hits="14" branch="false"/>
            <line number="213" hits="14" branch="false"/>
            <line number="214" hits="19" branch="false"/>
            <line number="215" hits="19" branch="false"/>
            <line number="216" hits="19" branch="false"/>
            <line number="217" hits="19" branch="false"/>
            <line number="218" hits="19" branch="false"/>
            <line number="221" hits="14" branch="false"/>
            <line number="222" hits="14" branch="false"/>
            <line number="223" hits="14" branch="false"/>
            <line number="224" hits="210" branch="false"/>
            <line number="225" hits="210" branch="false"/>
            <line number="226" hits="210" branch="false"/>
            <line number="231" hits="14" branch="false"/>
            <line number="232" hits="14" branch="false"/>
            <line number="233" hits="14" branch="false"/>
            <line number="234" hits="14" branch="false"/>
            <line number="236" hits="14" branch="false"/>
            <line number="237" hits="14" branch="false"/>
            <line number="238" hits="14" branch="false"/>
            <line number="239" hits="14" branch="false"/>
            <line number="240" hits="14" branch="false"/>
            <line number="241" hits="14" branch="false"/>
            <line number="242" hits="14" branch="false"/>
            <line number="243" hits="14" branch="false"/>
            <line number="244" hits="14" branch="false"/>
            <line number="245" hits="14" branch="false"/>
            <line number="246" hits="14" branch="false"/>
            <line number="247" hits="14" branch="false"/>
            <line number="248" hits="14" branch="false"/>
            <line number="249" hits="14" branch="false"/>
            <line number="250" hits="14" branch="false"/>
            <line number="251" hits="14" branch="false"/>
            <line number="252" hits="14" branch="false"/>
            <line number="253" hits="14" branch="false"/>
            <line number="254" hits="14" branch="false"/>
            <line number="255" hits="14" branch="false"/>
            <line number="256" hits="14" branch="false"/>
            <line number="257" hits="14" branch="false"/>
            <line number="258" hits="14" branch="false"/>
            <line number="259" hits="14" branch="false"/>
            <line number="260" hits="14" branch="false"/>
            <line number="261" hits="14" branch="false"/>
            <line number="262" hits="14" branch="false"/>
            <line number="263" hits="14" branch="false"/>
            <line number="264" hits="14" branch="false"/>
            <line number="265" hits="14" branch="false"/>
            <line number="266" hits="14" branch="false"/>
            <line number="267" hits="14" branch="false"/>
            <line number="268" hits="14" branch="false"/>
            <line number="269" hits="14" branch="false"/>
            <line number="270" hits="14" branch="false"/>
            <line number="271" hits="14" branch="false"/>
            <line number="272" hits="14" branch="false"/>
            <line number="279" hits="26" branch="false"/>
            <line number="286" hits="9" branch="false"/>
            <line number="287" hits="9" branch="false"/>
            <line number="293" hits="22" branch="false"/>
            <line number="294" hits="0" branch="false"/>
            <line number="295" hits="0" branch="false"/>
            <line number="296" hits="0" branch="false"/>
            <line number="297" hits="0" branch="false"/>
            <line number="299" hits="22" branch="false"/>
            <line number="300" hits="22" branch="false"/>
            <line number="301" hits="0" branch="false"/>
            <line number="302" hits="0" branch="false"/>
            <line number="303" hits="0" branch="false"/>
            <line number="304" hits="0" branch="false"/>
            <line number="306" hits="22" branch="false"/>
            <line number="307" hits="22" branch="false"/>
            <line number="327" hits="9" branch="false"/>
            <line number="328" hits="1" branch="false"/>
            <line number="329" hits="8" branch="false"/>
            <line number="330" hits="8" branch="false"/>
            <line number="332" hits="0" branch="false"/>
            <line number="333" hits="0" branch="false"/>
            <line number="334" hits="0" branch="false"/>
            <line number="335" hits="0" branch="false"/>
            <line number="338" hits="9" branch="false"/>
            <line number="339" hits="2" branch="false"/>
            <line number="340" hits="2" branch="false"/>
            <line number="343" hits="9" branch="false"/>
            <line number="346" hits="9" branch="false"/>
            <line number="347" hits="9" branch="false"/>
            <line number="348" hits="9" branch="false"/>
          </lines>
        </class>
      </classes>
    </package>
  </packages>
</coverage>
