<?xml version="1.0" encoding="UTF-8"?>
<!DOCTYPE coverage SYSTEM "https://raw.githubusercontent.com/cobertura/cobertura/master/cobertura/src/site/htdocs/xml/coverage-04.dtd">
<coverage line-rate="0.897897897897898" branch-rate="0" lines-covered="299" lines-valid="333" branches-covered="0" branches-valid="0" complexity="0" version="3.6.2" timestamp="2023-05-16 14:33:47">
  <sources>
    <source>/__w/rlistings/rlistings/rlistings</source>
  </sources>
  <packages>
    <package name="rlistings" line-rate="0.897897897897898" branch-rate="0" complexity="0">
      <classes>
        <class name="paginate_listing.R" filename="R/paginate_listing.R" line-rate="0.922330097087379" branch-rate="0" complexity="0">
          <methods>
            <method name="paginate_listing" signature="" line-rate="0.905405405405405" branch-rate="0" complexity="0">
              <lines>
                <line number="59" hits="21" branch="false"/>
                <line number="60" hits="21" branch="false"/>
                <line number="61" hits="20" branch="false"/>
                <line number="62" hits="20" branch="false"/>
                <line number="63" hits="20" branch="false"/>
                <line number="65" hits="20" branch="false"/>
                <line number="66" hits="20" branch="false"/>
                <line number="67" hits="8" branch="false"/>
                <line number="68" hits="8" branch="false"/>
                <line number="69" hits="8" branch="false"/>
                <line number="70" hits="8" branch="false"/>
                <line number="71" hits="8" branch="false"/>
                <line number="72" hits="8" branch="false"/>
                <line number="73" hits="8" branch="false"/>
                <line number="74" hits="8" branch="false"/>
                <line number="75" hits="8" branch="false"/>
                <line number="76" hits="8" branch="false"/>
                <line number="77" hits="8" branch="false"/>
                <line number="78" hits="8" branch="false"/>
                <line number="80" hits="8" branch="false"/>
                <line number="81" hits="8" branch="false"/>
                <line number="84" hits="12" branch="false"/>
                <line number="85" hits="3" branch="false"/>
                <line number="87" hits="12" branch="false"/>
                <line number="88" hits="2" branch="false"/>
                <line number="92" hits="20" branch="false"/>
                <line number="93" hits="0" branch="false"/>
                <line number="96" hits="20" branch="false"/>
                <line number="97" hits="20" branch="false"/>
                <line number="98" hits="0" branch="false"/>
                <line number="100" hits="20" branch="false"/>
                <line number="101" hits="0" branch="false"/>
                <line number="102" hits="0" branch="false"/>
                <line number="103" hits="0" branch="false"/>
                <line number="105" hits="0" branch="false"/>
                <line number="107" hits="20" branch="false"/>
                <line number="108" hits="0" branch="false"/>
                <line number="112" hits="20" branch="false"/>
                <line number="113" hits="19" branch="false"/>
                <line number="114" hits="19" branch="false"/>
                <line number="115" hits="19" branch="false"/>
                <line number="116" hits="19" branch="false"/>
                <line number="117" hits="19" branch="false"/>
                <line number="118" hits="19" branch="false"/>
                <line number="119" hits="19" branch="false"/>
                <line number="120" hits="19" branch="false"/>
                <line number="121" hits="20" branch="false"/>
                <line number="122" hits="1" branch="false"/>
                <line number="123" hits="20" branch="false"/>
                <line number="126" hits="20" branch="false"/>
                <line number="127" hits="17" branch="false"/>
                <line number="128" hits="17" branch="false"/>
                <line number="129" hits="17" branch="false"/>
                <line number="130" hits="17" branch="false"/>
                <line number="131" hits="17" branch="false"/>
                <line number="132" hits="17" branch="false"/>
                <line number="133" hits="17" branch="false"/>
                <line number="134" hits="17" branch="false"/>
                <line number="135" hits="17" branch="false"/>
                <line number="136" hits="17" branch="false"/>
                <line number="137" hits="17" branch="false"/>
                <line number="138" hits="17" branch="false"/>
                <line number="139" hits="17" branch="false"/>
                <line number="140" hits="17" branch="false"/>
                <line number="141" hits="17" branch="false"/>
                <line number="142" hits="17" branch="false"/>
                <line number="143" hits="17" branch="false"/>
                <line number="144" hits="17" branch="false"/>
                <line number="145" hits="17" branch="false"/>
                <line number="146" hits="17" branch="false"/>
                <line number="147" hits="17" branch="false"/>
                <line number="148" hits="17" branch="false"/>
                <line number="149" hits="17" branch="false"/>
                <line number="151" hits="20" branch="false"/>
              </lines>
            </method>
            <method name="pag_listing_indices" signature="" line-rate="0.96551724137931" branch-rate="0" complexity="0">
              <lines>
                <line number="161" hits="19" branch="false"/>
                <line number="162" hits="19" branch="false"/>
                <line number="163" hits="19" branch="false"/>
                <line number="164" hits="19" branch="false"/>
                <line number="166" hits="19" branch="false"/>
                <line number="167" hits="19" branch="false"/>
                <line number="168" hits="19" branch="false"/>
                <line number="169" hits="19" branch="false"/>
                <line number="170" hits="19" branch="false"/>
                <line number="171" hits="19" branch="false"/>
                <line number="172" hits="0" branch="false"/>
                <line number="173" hits="19" branch="false"/>
                <line number="174" hits="19" branch="false"/>
                <line number="175" hits="19" branch="false"/>
                <line number="176" hits="19" branch="false"/>
                <line number="177" hits="19" branch="false"/>
                <line number="178" hits="1" branch="false"/>
                <line number="180" hits="19" branch="false"/>
                <line number="181" hits="19" branch="false"/>
                <line number="182" hits="3" branch="false"/>
                <line number="185" hits="19" branch="false"/>
                <line number="186" hits="19" branch="false"/>
                <line number="187" hits="19" branch="false"/>
                <line number="188" hits="19" branch="false"/>
                <line number="189" hits="19" branch="false"/>
                <line number="190" hits="19" branch="false"/>
                <line number="191" hits="19" branch="false"/>
                <line number="192" hits="19" branch="false"/>
                <line number="193" hits="19" branch="false"/>
              </lines>
            </method>
          </methods>
          <lines>
            <line number="59" hits="21" branch="false"/>
            <line number="60" hits="21" branch="false"/>
            <line number="61" hits="20" branch="false"/>
            <line number="62" hits="20" branch="false"/>
            <line number="63" hits="20" branch="false"/>
            <line number="65" hits="20" branch="false"/>
            <line number="66" hits="20" branch="false"/>
            <line number="67" hits="8" branch="false"/>
            <line number="68" hits="8" branch="false"/>
            <line number="69" hits="8" branch="false"/>
            <line number="70" hits="8" branch="false"/>
            <line number="71" hits="8" branch="false"/>
            <line number="72" hits="8" branch="false"/>
            <line number="73" hits="8" branch="false"/>
            <line number="74" hits="8" branch="false"/>
            <line number="75" hits="8" branch="false"/>
            <line number="76" hits="8" branch="false"/>
            <line number="77" hits="8" branch="false"/>
            <line number="78" hits="8" branch="false"/>
            <line number="80" hits="8" branch="false"/>
            <line number="81" hits="8" branch="false"/>
            <line number="84" hits="12" branch="false"/>
            <line number="85" hits="3" branch="false"/>
            <line number="87" hits="12" branch="false"/>
            <line number="88" hits="2" branch="false"/>
            <line number="92" hits="20" branch="false"/>
            <line number="93" hits="0" branch="false"/>
            <line number="96" hits="20" branch="false"/>
            <line number="97" hits="20" branch="false"/>
            <line number="98" hits="0" branch="false"/>
            <line number="100" hits="20" branch="false"/>
            <line number="101" hits="0" branch="false"/>
            <line number="102" hits="0" branch="false"/>
            <line number="103" hits="0" branch="false"/>
            <line number="105" hits="0" branch="false"/>
            <line number="107" hits="20" branch="false"/>
            <line number="108" hits="0" branch="false"/>
            <line number="112" hits="20" branch="false"/>
            <line number="113" hits="19" branch="false"/>
            <line number="114" hits="19" branch="false"/>
            <line number="115" hits="19" branch="false"/>
            <line number="116" hits="19" branch="false"/>
            <line number="117" hits="19" branch="false"/>
            <line number="118" hits="19" branch="false"/>
            <line number="119" hits="19" branch="false"/>
            <line number="120" hits="19" branch="false"/>
            <line number="121" hits="20" branch="false"/>
            <line number="122" hits="1" branch="false"/>
            <line number="123" hits="20" branch="false"/>
            <line number="126" hits="20" branch="false"/>
            <line number="127" hits="17" branch="false"/>
            <line number="128" hits="17" branch="false"/>
            <line number="129" hits="17" branch="false"/>
            <line number="130" hits="17" branch="false"/>
            <line number="131" hits="17" branch="false"/>
            <line number="132" hits="17" branch="false"/>
            <line number="133" hits="17" branch="false"/>
            <line number="134" hits="17" branch="false"/>
            <line number="135" hits="17" branch="false"/>
            <line number="136" hits="17" branch="false"/>
            <line number="137" hits="17" branch="false"/>
            <line number="138" hits="17" branch="false"/>
            <line number="139" hits="17" branch="false"/>
            <line number="140" hits="17" branch="false"/>
            <line number="141" hits="17" branch="false"/>
            <line number="142" hits="17" branch="false"/>
            <line number="143" hits="17" branch="false"/>
            <line number="144" hits="17" branch="false"/>
            <line number="145" hits="17" branch="false"/>
            <line number="146" hits="17" branch="false"/>
            <line number="147" hits="17" branch="false"/>
            <line number="148" hits="17" branch="false"/>
            <line number="149" hits="17" branch="false"/>
            <line number="151" hits="20" branch="false"/>
            <line number="161" hits="19" branch="false"/>
            <line number="162" hits="19" branch="false"/>
            <line number="163" hits="19" branch="false"/>
            <line number="164" hits="19" branch="false"/>
            <line number="166" hits="19" branch="false"/>
            <line number="167" hits="19" branch="false"/>
            <line number="168" hits="19" branch="false"/>
            <line number="169" hits="19" branch="false"/>
            <line number="170" hits="19" branch="false"/>
            <line number="171" hits="19" branch="false"/>
            <line number="172" hits="0" branch="false"/>
            <line number="173" hits="19" branch="false"/>
            <line number="174" hits="19" branch="false"/>
            <line number="175" hits="19" branch="false"/>
            <line number="176" hits="19" branch="false"/>
            <line number="177" hits="19" branch="false"/>
            <line number="178" hits="1" branch="false"/>
            <line number="180" hits="19" branch="false"/>
            <line number="181" hits="19" branch="false"/>
            <line number="182" hits="3" branch="false"/>
            <line number="185" hits="19" branch="false"/>
            <line number="186" hits="19" branch="false"/>
            <line number="187" hits="19" branch="false"/>
            <line number="188" hits="19" branch="false"/>
            <line number="189" hits="19" branch="false"/>
            <line number="190" hits="19" branch="false"/>
            <line number="191" hits="19" branch="false"/>
            <line number="192" hits="19" branch="false"/>
            <line number="193" hits="19" branch="false"/>
          </lines>
        </class>
        <class name="rlistings_methods.R" filename="R/rlistings_methods.R" line-rate="0.86" branch-rate="0" complexity="0">
          <methods>
            <method name="print.listing_df" signature="" line-rate="0" branch-rate="0" complexity="0">
              <lines>
                <line number="24" hits="0" branch="false"/>
                <line number="25" hits="0" branch="false"/>
              </lines>
            </method>
            <method name="listing_df" signature="" line-rate="0.852941176470588" branch-rate="0" complexity="0">
              <lines>
                <line number="32" hits="2" branch="false"/>
                <line number="125" hits="82" branch="false"/>
                <line number="126" hits="82" branch="false"/>
                <line number="127" hits="82" branch="false"/>
                <line number="128" hits="82" branch="false"/>
                <line number="129" hits="81" branch="false"/>
                <line number="131" hits="1" branch="false"/>
                <line number="133" hits="82" branch="false"/>
                <line number="134" hits="82" branch="false"/>
                <line number="135" hits="82" branch="false"/>
                <line number="136" hits="82" branch="false"/>
                <line number="137" hits="0" branch="false"/>
                <line number="138" hits="0" branch="false"/>
                <line number="139" hits="0" branch="false"/>
                <line number="140" hits="0" branch="false"/>
                <line number="142" hits="82" branch="false"/>
                <line number="143" hits="19" branch="false"/>
                <line number="147" hits="82" branch="false"/>
                <line number="149" hits="554" branch="false"/>
                <line number="150" hits="554" branch="false"/>
                <line number="152" hits="82" branch="false"/>
                <line number="153" hits="82" branch="false"/>
                <line number="154" hits="82" branch="false"/>
                <line number="155" hits="82" branch="false"/>
                <line number="156" hits="82" branch="false"/>
                <line number="157" hits="82" branch="false"/>
                <line number="158" hits="82" branch="false"/>
                <line number="159" hits="82" branch="false"/>
                <line number="160" hits="82" branch="false"/>
                <line number="161" hits="82" branch="false"/>
                <line number="162" hits="82" branch="false"/>
                <line number="163" hits="82" branch="false"/>
                <line number="164" hits="82" branch="false"/>
                <line number="165" hits="82" branch="false"/>
                <line number="166" hits="82" branch="false"/>
                <line number="167" hits="82" branch="false"/>
                <line number="168" hits="82" branch="false"/>
                <line number="169" hits="82" branch="false"/>
                <line number="170" hits="82" branch="false"/>
                <line number="171" hits="82" branch="false"/>
                <line number="172" hits="82" branch="false"/>
                <line number="173" hits="82" branch="false"/>
                <line number="174" hits="82" branch="false"/>
                <line number="175" hits="82" branch="false"/>
                <line number="176" hits="82" branch="false"/>
                <line number="177" hits="82" branch="false"/>
                <line number="227" hits="0" branch="false"/>
                <line number="228" hits="0" branch="false"/>
                <line number="229" hits="0" branch="false"/>
                <line number="230" hits="0" branch="false"/>
                <line number="231" hits="0" branch="false"/>
                <line number="233" hits="0" branch="false"/>
                <line number="252" hits="84" branch="false"/>
                <line number="259" hits="83" branch="false"/>
                <line number="265" hits="83" branch="false"/>
                <line number="271" hits="83" branch="false"/>
                <line number="300" hits="30" branch="false"/>
                <line number="301" hits="28" branch="false"/>
                <line number="302" hits="28" branch="false"/>
                <line number="311" hits="26" branch="false"/>
                <line number="312" hits="25" branch="false"/>
                <line number="313" hits="25" branch="false"/>
                <line number="322" hits="28" branch="false"/>
                <line number="323" hits="27" branch="false"/>
                <line number="324" hits="27" branch="false"/>
                <line number="333" hits="26" branch="false"/>
                <line number="334" hits="25" branch="false"/>
                <line number="335" hits="25" branch="false"/>
              </lines>
            </method>
            <method name="basic_run_lens" signature="" line-rate="0.833333333333333" branch-rate="0" complexity="0">
              <lines>
                <line number="37" hits="81" branch="false"/>
                <line number="38" hits="81" branch="false"/>
                <line number="39" hits="0" branch="false"/>
                <line number="42" hits="81" branch="false"/>
                <line number="43" hits="81" branch="false"/>
                <line number="44" hits="81" branch="false"/>
              </lines>
            </method>
            <method name="format_colvector" signature="" line-rate="0.857142857142857" branch-rate="0" complexity="0">
              <lines>
                <line number="53" hits="554" branch="false"/>
                <line number="54" hits="0" branch="false"/>
                <line number="56" hits="554" branch="false"/>
                <line number="57" hits="554" branch="false"/>
                <line number="58" hits="492" branch="false"/>
                <line number="61" hits="554" branch="false"/>
                <line number="62" hits="554" branch="false"/>
              </lines>
            </method>
            <method name="vec_nlines" signature="" line-rate="1" branch-rate="0" complexity="0">
              <lines>
                <line number="77" hits="554" branch="false"/>
              </lines>
            </method>
            <method name="ANY" signature="" line-rate="1" branch-rate="0" complexity="0">
              <lines>
                <line number="83" hits="554" branch="false"/>
                <line number="84" hits="554" branch="false"/>
                <line number="85" hits="554" branch="false"/>
              </lines>
            </method>
            <method name=".chk_value" signature="" line-rate="1" branch-rate="0" complexity="0">
              <lines>
                <line number="275" hits="110" branch="false"/>
                <line number="276" hits="96" branch="false"/>
                <line number="278" hits="14" branch="false"/>
                <line number="279" hits="4" branch="false"/>
                <line number="280" hits="4" branch="false"/>
                <line number="281" hits="4" branch="false"/>
                <line number="282" hits="4" branch="false"/>
                <line number="284" hits="10" branch="false"/>
                <line number="285" hits="1" branch="false"/>
                <line number="286" hits="1" branch="false"/>
                <line number="287" hits="1" branch="false"/>
                <line number="288" hits="1" branch="false"/>
                <line number="290" hits="9" branch="false"/>
              </lines>
            </method>
          </methods>
          <lines>
            <line number="24" hits="0" branch="false"/>
            <line number="25" hits="0" branch="false"/>
            <line number="32" hits="2" branch="false"/>
            <line number="37" hits="81" branch="false"/>
            <line number="38" hits="81" branch="false"/>
            <line number="39" hits="0" branch="false"/>
            <line number="42" hits="81" branch="false"/>
            <line number="43" hits="81" branch="false"/>
            <line number="44" hits="81" branch="false"/>
            <line number="53" hits="554" branch="false"/>
            <line number="54" hits="0" branch="false"/>
            <line number="56" hits="554" branch="false"/>
            <line number="57" hits="554" branch="false"/>
            <line number="58" hits="492" branch="false"/>
            <line number="61" hits="554" branch="false"/>
            <line number="62" hits="554" branch="false"/>
            <line number="77" hits="554" branch="false"/>
            <line number="83" hits="554" branch="false"/>
            <line number="84" hits="554" branch="false"/>
            <line number="85" hits="554" branch="false"/>
            <line number="125" hits="82" branch="false"/>
            <line number="126" hits="82" branch="false"/>
            <line number="127" hits="82" branch="false"/>
            <line number="128" hits="82" branch="false"/>
            <line number="129" hits="81" branch="false"/>
            <line number="131" hits="1" branch="false"/>
            <line number="133" hits="82" branch="false"/>
            <line number="134" hits="82" branch="false"/>
            <line number="135" hits="82" branch="false"/>
            <line number="136" hits="82" branch="false"/>
            <line number="137" hits="0" branch="false"/>
            <line number="138" hits="0" branch="false"/>
            <line number="139" hits="0" branch="false"/>
            <line number="140" hits="0" branch="false"/>
            <line number="142" hits="82" branch="false"/>
            <line number="143" hits="19" branch="false"/>
            <line number="147" hits="82" branch="false"/>
            <line number="149" hits="554" branch="false"/>
            <line number="150" hits="554" branch="false"/>
            <line number="152" hits="82" branch="false"/>
            <line number="153" hits="82" branch="false"/>
            <line number="154" hits="82" branch="false"/>
            <line number="155" hits="82" branch="false"/>
            <line number="156" hits="82" branch="false"/>
            <line number="157" hits="82" branch="false"/>
            <line number="158" hits="82" branch="false"/>
            <line number="159" hits="82" branch="false"/>
            <line number="160" hits="82" branch="false"/>
            <line number="161" hits="82" branch="false"/>
            <line number="162" hits="82" branch="false"/>
            <line number="163" hits="82" branch="false"/>
            <line number="164" hits="82" branch="false"/>
            <line number="165" hits="82" branch="false"/>
            <line number="166" hits="82" branch="false"/>
            <line number="167" hits="82" branch="false"/>
            <line number="168" hits="82" branch="false"/>
            <line number="169" hits="82" branch="false"/>
            <line number="170" hits="82" branch="false"/>
            <line number="171" hits="82" branch="false"/>
            <line number="172" hits="82" branch="false"/>
            <line number="173" hits="82" branch="false"/>
            <line number="174" hits="82" branch="false"/>
            <line number="175" hits="82" branch="false"/>
            <line number="176" hits="82" branch="false"/>
            <line number="177" hits="82" branch="false"/>
            <line number="227" hits="0" branch="false"/>
            <line number="228" hits="0" branch="false"/>
            <line number="229" hits="0" branch="false"/>
            <line number="230" hits="0" branch="false"/>
            <line number="231" hits="0" branch="false"/>
            <line number="233" hits="0" branch="false"/>
            <line number="252" hits="84" branch="false"/>
            <line number="259" hits="83" branch="false"/>
            <line number="265" hits="83" branch="false"/>
            <line number="271" hits="83" branch="false"/>
            <line number="275" hits="110" branch="false"/>
            <line number="276" hits="96" branch="false"/>
            <line number="278" hits="14" branch="false"/>
            <line number="279" hits="4" branch="false"/>
            <line number="280" hits="4" branch="false"/>
            <line number="281" hits="4" branch="false"/>
            <line number="282" hits="4" branch="false"/>
            <line number="284" hits="10" branch="false"/>
            <line number="285" hits="1" branch="false"/>
            <line number="286" hits="1" branch="false"/>
            <line number="287" hits="1" branch="false"/>
            <line number="288" hits="1" branch="false"/>
            <line number="290" hits="9" branch="false"/>
            <line number="300" hits="30" branch="false"/>
            <line number="301" hits="28" branch="false"/>
            <line number="302" hits="28" branch="false"/>
            <line number="311" hits="26" branch="false"/>
            <line number="312" hits="25" branch="false"/>
            <line number="313" hits="25" branch="false"/>
            <line number="322" hits="28" branch="false"/>
            <line number="323" hits="27" branch="false"/>
            <line number="324" hits="27" branch="false"/>
            <line number="333" hits="26" branch="false"/>
            <line number="334" hits="25" branch="false"/>
            <line number="335" hits="25" branch="false"/>
          </lines>
        </class>
        <class name="rlistings.R" filename="R/rlistings.R" line-rate="0.907692307692308" branch-rate="0" complexity="0">
          <methods>
            <method name="as_listing" signature="" line-rate="1" branch-rate="0" complexity="0">
              <lines>
                <line number="105" hits="26" branch="false"/>
                <line number="106" hits="1" branch="false"/>
                <line number="108" hits="25" branch="false"/>
                <line number="109" hits="1" branch="false"/>
                <line number="110" hits="24" branch="false"/>
                <line number="112" hits="9" branch="false"/>
                <line number="115" hits="15" branch="false"/>
                <line number="118" hits="24" branch="false"/>
                <line number="119" hits="24" branch="false"/>
                <line number="120" hits="24" branch="false"/>
                <line number="121" hits="24" branch="false"/>
                <line number="122" hits="9" branch="false"/>
                <line number="123" hits="9" branch="false"/>
                <line number="127" hits="24" branch="false"/>
                <line number="128" hits="24" branch="false"/>
                <line number="129" hits="24" branch="false"/>
                <line number="131" hits="24" branch="false"/>
                <line number="132" hits="35" branch="false"/>
                <line number="136" hits="24" branch="false"/>
                <line number="139" hits="24" branch="false"/>
                <line number="141" hits="24" branch="false"/>
                <line number="142" hits="24" branch="false"/>
                <line number="143" hits="24" branch="false"/>
                <line number="144" hits="24" branch="false"/>
                <line number="145" hits="24" branch="false"/>
                <line number="146" hits="24" branch="false"/>
              </lines>
            </method>
            <method name="as_keycol" signature="" line-rate="1" branch-rate="0" complexity="0">
              <lines>
                <line number="153" hits="35" branch="false"/>
                <line number="154" hits="8" branch="false"/>
                <line number="155" hits="8" branch="false"/>
                <line number="156" hits="8" branch="false"/>
                <line number="158" hits="35" branch="false"/>
                <line number="159" hits="35" branch="false"/>
              </lines>
            </method>
            <method name="is_keycol" signature="" line-rate="1" branch-rate="0" complexity="0">
              <lines>
                <line number="166" hits="4438" branch="false"/>
              </lines>
            </method>
            <method name="get_keycols" signature="" line-rate="1" branch-rate="0" complexity="0">
              <lines>
                <line number="174" hits="161" branch="false"/>
              </lines>
            </method>
            <method name="rix_form" signature="" line-rate="1" branch-rate="0" complexity="0">
              <lines>
                <line number="195" hits="62" branch="false"/>
                <line number="196" hits="62" branch="false"/>
                <line number="197" hits="62" branch="false"/>
                <line number="198" hits="62" branch="false"/>
                <line number="199" hits="62" branch="false"/>
                <line number="201" hits="62" branch="false"/>
                <line number="204" hits="62" branch="false"/>
                <line number="205" hits="62" branch="false"/>
                <line number="206" hits="62" branch="false"/>
                <line number="207" hits="62" branch="false"/>
                <line number="209" hits="62" branch="false"/>
                <line number="212" hits="62" branch="false"/>
                <line number="213" hits="62" branch="false"/>
                <line number="214" hits="79" branch="false"/>
                <line number="215" hits="79" branch="false"/>
                <line number="216" hits="79" branch="false"/>
                <line number="217" hits="79" branch="false"/>
                <line number="218" hits="79" branch="false"/>
                <line number="221" hits="62" branch="false"/>
                <line number="222" hits="62" branch="false"/>
                <line number="223" hits="62" branch="false"/>
                <line number="224" hits="374" branch="false"/>
                <line number="225" hits="374" branch="false"/>
                <line number="226" hits="374" branch="false"/>
                <line number="231" hits="62" branch="false"/>
                <line number="232" hits="62" branch="false"/>
                <line number="233" hits="62" branch="false"/>
                <line number="234" hits="62" branch="false"/>
                <line number="236" hits="62" branch="false"/>
                <line number="237" hits="62" branch="false"/>
                <line number="238" hits="62" branch="false"/>
                <line number="239" hits="62" branch="false"/>
                <line number="240" hits="62" branch="false"/>
                <line number="241" hits="62" branch="false"/>
                <line number="242" hits="62" branch="false"/>
                <line number="243" hits="62" branch="false"/>
                <line number="244" hits="62" branch="false"/>
                <line number="245" hits="62" branch="false"/>
                <line number="246" hits="62" branch="false"/>
                <line number="247" hits="62" branch="false"/>
                <line number="248" hits="62" branch="false"/>
                <line number="249" hits="62" branch="false"/>
                <line number="250" hits="62" branch="false"/>
                <line number="251" hits="62" branch="false"/>
                <line number="252" hits="62" branch="false"/>
                <line number="253" hits="62" branch="false"/>
                <line number="254" hits="62" branch="false"/>
                <line number="255" hits="62" branch="false"/>
                <line number="256" hits="62" branch="false"/>
                <line number="257" hits="62" branch="false"/>
                <line number="258" hits="62" branch="false"/>
                <line number="259" hits="62" branch="false"/>
                <line number="260" hits="62" branch="false"/>
                <line number="261" hits="62" branch="false"/>
                <line number="262" hits="62" branch="false"/>
                <line number="263" hits="62" branch="false"/>
                <line number="264" hits="62" branch="false"/>
                <line number="265" hits="62" branch="false"/>
                <line number="266" hits="62" branch="false"/>
                <line number="267" hits="62" branch="false"/>
                <line number="268" hits="62" branch="false"/>
                <line number="269" hits="62" branch="false"/>
                <line number="270" hits="62" branch="false"/>
                <line number="271" hits="62" branch="false"/>
                <line number="272" hits="62" branch="false"/>
              </lines>
            </method>
            <method name="listing_dispcols" signature="" line-rate="1" branch-rate="0" complexity="0">
              <lines>
                <line number="279" hits="180" branch="false"/>
              </lines>
            </method>
            <method name="add_listing_dispcol" signature="" line-rate="1" branch-rate="0" complexity="0">
              <lines>
                <line number="286" hits="20" branch="false"/>
                <line number="287" hits="20" branch="false"/>
              </lines>
            </method>
            <method name="listing_dispcols&lt;-" signature="" line-rate="0.384615384615385" branch-rate="0" complexity="0">
              <lines>
                <line number="293" hits="120" branch="false"/>
                <line number="294" hits="0" branch="false"/>
                <line number="295" hits="0" branch="false"/>
                <line number="296" hits="0" branch="false"/>
                <line number="297" hits="0" branch="false"/>
                <line number="299" hits="120" branch="false"/>
                <line number="300" hits="120" branch="false"/>
                <line number="301" hits="0" branch="false"/>
                <line number="302" hits="0" branch="false"/>
                <line number="303" hits="0" branch="false"/>
                <line number="304" hits="0" branch="false"/>
                <line number="306" hits="120" branch="false"/>
                <line number="307" hits="120" branch="false"/>
              </lines>
            </method>
            <method name="add_listing_col" signature="" line-rate="0.733333333333333" branch-rate="0" complexity="0">
              <lines>
                <line number="327" hits="20" branch="false"/>
                <line number="328" hits="1" branch="false"/>
                <line number="329" hits="19" branch="false"/>
                <line number="330" hits="19" branch="false"/>
                <line number="332" hits="0" branch="false"/>
                <line number="333" hits="0" branch="false"/>
                <line number="334" hits="0" branch="false"/>
                <line number="335" hits="0" branch="false"/>
                <line number="338" hits="20" branch="false"/>
                <line number="339" hits="7" branch="false"/>
                <line number="340" hits="7" branch="false"/>
                <line number="343" hits="20" branch="false"/>
                <line number="346" hits="20" branch="false"/>
                <line number="347" hits="20" branch="false"/>
                <line number="348" hits="20" branch="false"/>
              </lines>
            </method>
          </methods>
          <lines>
            <line number="105" hits="26" branch="false"/>
            <line number="106" hits="1" branch="false"/>
            <line number="108" hits="25" branch="false"/>
            <line number="109" hits="1" branch="false"/>
            <line number="110" hits="24" branch="false"/>
            <line number="112" hits="9" branch="false"/>
            <line number="115" hits="15" branch="false"/>
            <line number="118" hits="24" branch="false"/>
            <line number="119" hits="24" branch="false"/>
            <line number="120" hits="24" branch="false"/>
            <line number="121" hits="24" branch="false"/>
            <line number="122" hits="9" branch="false"/>
            <line number="123" hits="9" branch="false"/>
            <line number="127" hits="24" branch="false"/>
            <line number="128" hits="24" branch="false"/>
            <line number="129" hits="24" branch="false"/>
            <line number="131" hits="24" branch="false"/>
            <line number="132" hits="35" branch="false"/>
            <line number="136" hits="24" branch="false"/>
            <line number="139" hits="24" branch="false"/>
            <line number="141" hits="24" branch="false"/>
            <line number="142" hits="24" branch="false"/>
            <line number="143" hits="24" branch="false"/>
            <line number="144" hits="24" branch="false"/>
            <line number="145" hits="24" branch="false"/>
            <line number="146" hits="24" branch="false"/>
            <line number="153" hits="35" branch="false"/>
            <line number="154" hits="8" branch="false"/>
            <line number="155" hits="8" branch="false"/>
            <line number="156" hits="8" branch="false"/>
            <line number="158" hits="35" branch="false"/>
            <line number="159" hits="35" branch="false"/>
            <line number="166" hits="4438" branch="false"/>
            <line number="174" hits="161" branch="false"/>
            <line number="195" hits="62" branch="false"/>
            <line number="196" hits="62" branch="false"/>
            <line number="197" hits="62" branch="false"/>
            <line number="198" hits="62" branch="false"/>
            <line number="199" hits="62" branch="false"/>
            <line number="201" hits="62" branch="false"/>
            <line number="204" hits="62" branch="false"/>
            <line number="205" hits="62" branch="false"/>
            <line number="206" hits="62" branch="false"/>
            <line number="207" hits="62" branch="false"/>
            <line number="209" hits="62" branch="false"/>
            <line number="212" hits="62" branch="false"/>
            <line number="213" hits="62" branch="false"/>
            <line number="214" hits="79" branch="false"/>
            <line number="215" hits="79" branch="false"/>
            <line number="216" hits="79" branch="false"/>
            <line number="217" hits="79" branch="false"/>
            <line number="218" hits="79" branch="false"/>
            <line number="221" hits="62" branch="false"/>
            <line number="222" hits="62" branch="false"/>
            <line number="223" hits="62" branch="false"/>
            <line number="224" hits="374" branch="false"/>
            <line number="225" hits="374" branch="false"/>
            <line number="226" hits="374" branch="false"/>
            <line number="231" hits="62" branch="false"/>
            <line number="232" hits="62" branch="false"/>
            <line number="233" hits="62" branch="false"/>
            <line number="234" hits="62" branch="false"/>
            <line number="236" hits="62" branch="false"/>
            <line number="237" hits="62" branch="false"/>
            <line number="238" hits="62" branch="false"/>
            <line number="239" hits="62" branch="false"/>
            <line number="240" hits="62" branch="false"/>
            <line number="241" hits="62" branch="false"/>
            <line number="242" hits="62" branch="false"/>
            <line number="243" hits="62" branch="false"/>
            <line number="244" hits="62" branch="false"/>
            <line number="245" hits="62" branch="false"/>
            <line number="246" hits="62" branch="false"/>
            <line number="247" hits="62" branch="false"/>
            <line number="248" hits="62" branch="false"/>
            <line number="249" hits="62" branch="false"/>
            <line number="250" hits="62" branch="false"/>
            <line number="251" hits="62" branch="false"/>
            <line number="252" hits="62" branch="false"/>
            <line number="253" hits="62" branch="false"/>
            <line number="254" hits="62" branch="false"/>
            <line number="255" hits="62" branch="false"/>
            <line number="256" hits="62" branch="false"/>
            <line number="257" hits="62" branch="false"/>
            <line number="258" hits="62" branch="false"/>
            <line number="259" hits="62" branch="false"/>
            <line number="260" hits="62" branch="false"/>
            <line number="261" hits="62" branch="false"/>
            <line number="262" hits="62" branch="false"/>
            <line number="263" hits="62" branch="false"/>
            <line number="264" hits="62" branch="false"/>
            <line number="265" hits="62" branch="false"/>
            <line number="266" hits="62" branch="false"/>
            <line number="267" hits="62" branch="false"/>
            <line number="268" hits="62" branch="false"/>
            <line number="269" hits="62" branch="false"/>
            <line number="270" hits="62" branch="false"/>
            <line number="271" hits="62" branch="false"/>
            <line number="272" hits="62" branch="false"/>
            <line number="279" hits="180" branch="false"/>
            <line number="286" hits="20" branch="false"/>
            <line number="287" hits="20" branch="false"/>
            <line number="293" hits="120" branch="false"/>
            <line number="294" hits="0" branch="false"/>
            <line number="295" hits="0" branch="false"/>
            <line number="296" hits="0" branch="false"/>
            <line number="297" hits="0" branch="false"/>
            <line number="299" hits="120" branch="false"/>
            <line number="300" hits="120" branch="false"/>
            <line number="301" hits="0" branch="false"/>
            <line number="302" hits="0" branch="false"/>
            <line number="303" hits="0" branch="false"/>
            <line number="304" hits="0" branch="false"/>
            <line number="306" hits="120" branch="false"/>
            <line number="307" hits="120" branch="false"/>
            <line number="327" hits="20" branch="false"/>
            <line number="328" hits="1" branch="false"/>
            <line number="329" hits="19" branch="false"/>
            <line number="330" hits="19" branch="false"/>
            <line number="332" hits="0" branch="false"/>
            <line number="333" hits="0" branch="false"/>
            <line number="334" hits="0" branch="false"/>
            <line number="335" hits="0" branch="false"/>
            <line number="338" hits="20" branch="false"/>
            <line number="339" hits="7" branch="false"/>
            <line number="340" hits="7" branch="false"/>
            <line number="343" hits="20" branch="false"/>
            <line number="346" hits="20" branch="false"/>
            <line number="347" hits="20" branch="false"/>
            <line number="348" hits="20" branch="false"/>
          </lines>
        </class>
      </classes>
    </package>
  </packages>
</coverage>
