<?xml version="1.0" encoding="UTF-8"?>
<coverage line-rate="0.781725888324873" branch-rate="0" lines-covered="154" lines-valid="197" branches-covered="0" branches-valid="0" complexity="0" version="3.6.1" timestamp="2022-11-01 16:57:08">
  <sources/>
  <packages>
    <package name="rlistings" line-rate="0.781725888324873" branch-rate="0" complexity="0">
      <classes>
        <class name="rlistings.R" filename="R/rlistings.R" line-rate="0.781725888324873" branch-rate="0" complexity="0">
          <methods>
            <method name="as_listing" signature="" line-rate="1" branch-rate="0">
              <lines>
                <line number="51" hits="3" branch="false"/>
                <line number="52" hits="3" branch="false"/>
                <line number="53" hits="3" branch="false"/>
                <line number="54" hits="2" branch="false"/>
                <line number="55" hits="2" branch="false"/>
                <line number="59" hits="3" branch="false"/>
                <line number="60" hits="3" branch="false"/>
                <line number="61" hits="3" branch="false"/>
                <line number="63" hits="3" branch="false"/>
                <line number="64" hits="4" branch="false"/>
                <line number="69" hits="3" branch="false"/>
                <line number="71" hits="3" branch="false"/>
                <line number="72" hits="3" branch="false"/>
                <line number="73" hits="3" branch="false"/>
                <line number="74" hits="3" branch="false"/>
                <line number="75" hits="3" branch="false"/>
                <line number="76" hits="3" branch="false"/>
              </lines>
            </method>
            <method name="as_keycol" signature="" line-rate="1" branch-rate="0">
              <lines>
                <line number="84" hits="4" branch="false"/>
                <line number="85" hits="1" branch="false"/>
                <line number="86" hits="1" branch="false"/>
                <line number="87" hits="1" branch="false"/>
                <line number="89" hits="4" branch="false"/>
                <line number="90" hits="4" branch="false"/>
              </lines>
            </method>
            <method name="is_keycol" signature="" line-rate="1" branch-rate="0">
              <lines>
                <line number="99" hits="17" branch="false"/>
              </lines>
            </method>
            <method name="get_keycols" signature="" line-rate="1" branch-rate="0">
              <lines>
                <line number="108" hits="7" branch="false"/>
              </lines>
            </method>
            <method name="rix_form" signature="" line-rate="0.979591836734694" branch-rate="0">
              <lines>
                <line number="116" hits="3" branch="false"/>
                <line number="117" hits="0" branch="false"/>
                <line number="118" hits="3" branch="false"/>
                <line number="119" hits="3" branch="false"/>
                <line number="120" hits="3" branch="false"/>
                <line number="121" hits="3" branch="false"/>
                <line number="122" hits="3" branch="false"/>
                <line number="124" hits="3" branch="false"/>
                <line number="127" hits="3" branch="false"/>
                <line number="128" hits="3" branch="false"/>
                <line number="130" hits="3" branch="false"/>
                <line number="133" hits="3" branch="false"/>
                <line number="134" hits="3" branch="false"/>
                <line number="136" hits="4" branch="false"/>
                <line number="137" hits="4" branch="false"/>
                <line number="138" hits="4" branch="false"/>
                <line number="139" hits="4" branch="false"/>
                <line number="140" hits="4" branch="false"/>
                <line number="143" hits="3" branch="false"/>
                <line number="144" hits="3" branch="false"/>
                <line number="145" hits="3" branch="false"/>
                <line number="146" hits="3" branch="false"/>
                <line number="147" hits="3" branch="false"/>
                <line number="148" hits="3" branch="false"/>
                <line number="153" hits="3" branch="false"/>
                <line number="154" hits="3" branch="false"/>
                <line number="156" hits="3" branch="false"/>
                <line number="157" hits="3" branch="false"/>
                <line number="158" hits="3" branch="false"/>
                <line number="159" hits="3" branch="false"/>
                <line number="160" hits="3" branch="false"/>
                <line number="161" hits="3" branch="false"/>
                <line number="162" hits="3" branch="false"/>
                <line number="163" hits="3" branch="false"/>
                <line number="164" hits="3" branch="false"/>
                <line number="165" hits="3" branch="false"/>
                <line number="166" hits="3" branch="false"/>
                <line number="167" hits="3" branch="false"/>
                <line number="168" hits="3" branch="false"/>
                <line number="169" hits="3" branch="false"/>
                <line number="170" hits="3" branch="false"/>
                <line number="171" hits="3" branch="false"/>
                <line number="172" hits="3" branch="false"/>
                <line number="173" hits="3" branch="false"/>
                <line number="174" hits="3" branch="false"/>
                <line number="175" hits="3" branch="false"/>
                <line number="176" hits="3" branch="false"/>
                <line number="177" hits="3" branch="false"/>
                <line number="178" hits="3" branch="false"/>
              </lines>
            </method>
            <method name="listing_dispcols" signature="" line-rate="1" branch-rate="0">
              <lines>
                <line number="184" hits="8" branch="false"/>
              </lines>
            </method>
            <method name="add_listing_dispcol" signature="" line-rate="1" branch-rate="0">
              <lines>
                <line number="191" hits="4" branch="false"/>
                <line number="192" hits="4" branch="false"/>
              </lines>
            </method>
            <method name="listing_dispcols&lt;-" signature="" line-rate="0.555555555555556" branch-rate="0">
              <lines>
                <line number="198" hits="7" branch="false"/>
                <line number="199" hits="0" branch="false"/>
                <line number="200" hits="0" branch="false"/>
                <line number="201" hits="7" branch="false"/>
                <line number="202" hits="7" branch="false"/>
                <line number="203" hits="0" branch="false"/>
                <line number="204" hits="0" branch="false"/>
                <line number="205" hits="7" branch="false"/>
                <line number="206" hits="7" branch="false"/>
              </lines>
            </method>
            <method name="add_listing_col" signature="" line-rate="0.875" branch-rate="0">
              <lines>
                <line number="226" hits="4" branch="false"/>
                <line number="227" hits="0" branch="false"/>
                <line number="229" hits="4" branch="false"/>
                <line number="230" hits="1" branch="false"/>
                <line number="231" hits="1" branch="false"/>
                <line number="232" hits="1" branch="false"/>
                <line number="234" hits="4" branch="false"/>
                <line number="235" hits="4" branch="false"/>
              </lines>
            </method>
            <method name="print.listing_df" signature="" line-rate="0" branch-rate="0">
              <lines>
                <line number="259" hits="0" branch="false"/>
                <line number="260" hits="0" branch="false"/>
              </lines>
            </method>
            <method name="basic_run_lens" signature="" line-rate="0.833333333333333" branch-rate="0">
              <lines>
                <line number="267" hits="4" branch="false"/>
                <line number="268" hits="4" branch="false"/>
                <line number="269" hits="0" branch="false"/>
                <line number="272" hits="4" branch="false"/>
                <line number="273" hits="4" branch="false"/>
                <line number="274" hits="4" branch="false"/>
              </lines>
            </method>
            <method name="vec_nlines" signature="" line-rate="1" branch-rate="0">
              <lines>
                <line number="277" hits="10" branch="false"/>
              </lines>
            </method>
            <method name="ANY" signature="" line-rate="1" branch-rate="0">
              <lines>
                <line number="279" hits="6" branch="false"/>
              </lines>
            </method>
            <method name="character" signature="" line-rate="1" branch-rate="0">
              <lines>
                <line number="282" hits="3" branch="false"/>
                <line number="283" hits="3" branch="false"/>
              </lines>
            </method>
            <method name="factor" signature="" line-rate="1" branch-rate="0">
              <lines>
                <line number="288" hits="1" branch="false"/>
                <line number="289" hits="1" branch="false"/>
              </lines>
            </method>
            <method name="listing_df" signature="" line-rate="0.882352941176471" branch-rate="0">
              <lines>
                <line number="307" hits="4" branch="false"/>
                <line number="308" hits="4" branch="false"/>
                <line number="309" hits="4" branch="false"/>
                <line number="310" hits="4" branch="false"/>
                <line number="311" hits="4" branch="false"/>
                <line number="312" hits="4" branch="false"/>
                <line number="313" hits="4" branch="false"/>
                <line number="314" hits="9" branch="false"/>
                <line number="315" hits="9" branch="false"/>
                <line number="317" hits="4" branch="false"/>
                <line number="318" hits="4" branch="false"/>
                <line number="319" hits="4" branch="false"/>
                <line number="320" hits="4" branch="false"/>
                <line number="321" hits="4" branch="false"/>
                <line number="322" hits="4" branch="false"/>
                <line number="323" hits="4" branch="false"/>
                <line number="324" hits="4" branch="false"/>
                <line number="325" hits="4" branch="false"/>
                <line number="326" hits="4" branch="false"/>
                <line number="327" hits="4" branch="false"/>
                <line number="328" hits="4" branch="false"/>
                <line number="329" hits="4" branch="false"/>
                <line number="330" hits="4" branch="false"/>
                <line number="331" hits="4" branch="false"/>
                <line number="332" hits="4" branch="false"/>
                <line number="333" hits="4" branch="false"/>
                <line number="334" hits="4" branch="false"/>
                <line number="335" hits="4" branch="false"/>
                <line number="336" hits="4" branch="false"/>
                <line number="385" hits="0" branch="false"/>
                <line number="386" hits="0" branch="false"/>
                <line number="387" hits="0" branch="false"/>
                <line number="388" hits="0" branch="false"/>
                <line number="389" hits="0" branch="false"/>
                <line number="390" hits="0" branch="false"/>
                <line number="397" hits="6" branch="false"/>
                <line number="402" hits="5" branch="false"/>
                <line number="406" hits="5" branch="false"/>
                <line number="410" hits="5" branch="false"/>
                <line number="432" hits="7" branch="false"/>
                <line number="433" hits="5" branch="false"/>
                <line number="434" hits="5" branch="false"/>
                <line number="441" hits="5" branch="false"/>
                <line number="442" hits="4" branch="false"/>
                <line number="443" hits="4" branch="false"/>
                <line number="450" hits="5" branch="false"/>
                <line number="451" hits="4" branch="false"/>
                <line number="452" hits="4" branch="false"/>
                <line number="459" hits="5" branch="false"/>
                <line number="460" hits="4" branch="false"/>
                <line number="461" hits="4" branch="false"/>
              </lines>
            </method>
            <method name=".chk_value" signature="" line-rate="1" branch-rate="0">
              <lines>
                <line number="413" hits="22" branch="false"/>
                <line number="414" hits="13" branch="false"/>
                <line number="415" hits="9" branch="false"/>
                <line number="416" hits="4" branch="false"/>
                <line number="417" hits="4" branch="false"/>
                <line number="418" hits="4" branch="false"/>
                <line number="419" hits="5" branch="false"/>
                <line number="420" hits="1" branch="false"/>
                <line number="421" hits="1" branch="false"/>
                <line number="422" hits="4" branch="false"/>
              </lines>
            </method>
            <method name="paginate_listing" signature="" line-rate="0" branch-rate="0">
              <lines>
                <line number="484" hits="0" branch="false"/>
                <line number="486" hits="0" branch="false"/>
                <line number="487" hits="0" branch="false"/>
                <line number="488" hits="0" branch="false"/>
                <line number="490" hits="0" branch="false"/>
                <line number="492" hits="0" branch="false"/>
                <line number="493" hits="0" branch="false"/>
                <line number="494" hits="0" branch="false"/>
                <line number="496" hits="0" branch="false"/>
                <line number="497" hits="0" branch="false"/>
                <line number="499" hits="0" branch="false"/>
                <line number="500" hits="0" branch="false"/>
                <line number="501" hits="0" branch="false"/>
                <line number="502" hits="0" branch="false"/>
                <line number="503" hits="0" branch="false"/>
                <line number="505" hits="0" branch="false"/>
                <line number="508" hits="0" branch="false"/>
                <line number="509" hits="0" branch="false"/>
                <line number="510" hits="0" branch="false"/>
                <line number="511" hits="0" branch="false"/>
                <line number="512" hits="0" branch="false"/>
                <line number="513" hits="0" branch="false"/>
                <line number="514" hits="0" branch="false"/>
                <line number="515" hits="0" branch="false"/>
                <line number="516" hits="0" branch="false"/>
                <line number="517" hits="0" branch="false"/>
                <line number="518" hits="0" branch="false"/>
                <line number="520" hits="0" branch="false"/>
              </lines>
            </method>
          </methods>
          <lines>
            <line number="51" hits="3" branch="false"/>
            <line number="52" hits="3" branch="false"/>
            <line number="53" hits="3" branch="false"/>
            <line number="54" hits="2" branch="false"/>
            <line number="55" hits="2" branch="false"/>
            <line number="59" hits="3" branch="false"/>
            <line number="60" hits="3" branch="false"/>
            <line number="61" hits="3" branch="false"/>
            <line number="63" hits="3" branch="false"/>
            <line number="64" hits="4" branch="false"/>
            <line number="69" hits="3" branch="false"/>
            <line number="71" hits="3" branch="false"/>
            <line number="72" hits="3" branch="false"/>
            <line number="73" hits="3" branch="false"/>
            <line number="74" hits="3" branch="false"/>
            <line number="75" hits="3" branch="false"/>
            <line number="76" hits="3" branch="false"/>
            <line number="84" hits="4" branch="false"/>
            <line number="85" hits="1" branch="false"/>
            <line number="86" hits="1" branch="false"/>
            <line number="87" hits="1" branch="false"/>
            <line number="89" hits="4" branch="false"/>
            <line number="90" hits="4" branch="false"/>
            <line number="99" hits="17" branch="false"/>
            <line number="108" hits="7" branch="false"/>
            <line number="116" hits="3" branch="false"/>
            <line number="117" hits="0" branch="false"/>
            <line number="118" hits="3" branch="false"/>
            <line number="119" hits="3" branch="false"/>
            <line number="120" hits="3" branch="false"/>
            <line number="121" hits="3" branch="false"/>
            <line number="122" hits="3" branch="false"/>
            <line number="124" hits="3" branch="false"/>
            <line number="127" hits="3" branch="false"/>
            <line number="128" hits="3" branch="false"/>
            <line number="130" hits="3" branch="false"/>
            <line number="133" hits="3" branch="false"/>
            <line number="134" hits="3" branch="false"/>
            <line number="136" hits="4" branch="false"/>
            <line number="137" hits="4" branch="false"/>
            <line number="138" hits="4" branch="false"/>
            <line number="139" hits="4" branch="false"/>
            <line number="140" hits="4" branch="false"/>
            <line number="143" hits="3" branch="false"/>
            <line number="144" hits="3" branch="false"/>
            <line number="145" hits="3" branch="false"/>
            <line number="146" hits="3" branch="false"/>
            <line number="147" hits="3" branch="false"/>
            <line number="148" hits="3" branch="false"/>
            <line number="153" hits="3" branch="false"/>
            <line number="154" hits="3" branch="false"/>
            <line number="156" hits="3" branch="false"/>
            <line number="157" hits="3" branch="false"/>
            <line number="158" hits="3" branch="false"/>
            <line number="159" hits="3" branch="false"/>
            <line number="160" hits="3" branch="false"/>
            <line number="161" hits="3" branch="false"/>
            <line number="162" hits="3" branch="false"/>
            <line number="163" hits="3" branch="false"/>
            <line number="164" hits="3" branch="false"/>
            <line number="165" hits="3" branch="false"/>
            <line number="166" hits="3" branch="false"/>
            <line number="167" hits="3" branch="false"/>
            <line number="168" hits="3" branch="false"/>
            <line number="169" hits="3" branch="false"/>
            <line number="170" hits="3" branch="false"/>
            <line number="171" hits="3" branch="false"/>
            <line number="172" hits="3" branch="false"/>
            <line number="173" hits="3" branch="false"/>
            <line number="174" hits="3" branch="false"/>
            <line number="175" hits="3" branch="false"/>
            <line number="176" hits="3" branch="false"/>
            <line number="177" hits="3" branch="false"/>
            <line number="178" hits="3" branch="false"/>
            <line number="184" hits="8" branch="false"/>
            <line number="191" hits="4" branch="false"/>
            <line number="192" hits="4" branch="false"/>
            <line number="198" hits="7" branch="false"/>
            <line number="199" hits="0" branch="false"/>
            <line number="200" hits="0" branch="false"/>
            <line number="201" hits="7" branch="false"/>
            <line number="202" hits="7" branch="false"/>
            <line number="203" hits="0" branch="false"/>
            <line number="204" hits="0" branch="false"/>
            <line number="205" hits="7" branch="false"/>
            <line number="206" hits="7" branch="false"/>
            <line number="226" hits="4" branch="false"/>
            <line number="227" hits="0" branch="false"/>
            <line number="229" hits="4" branch="false"/>
            <line number="230" hits="1" branch="false"/>
            <line number="231" hits="1" branch="false"/>
            <line number="232" hits="1" branch="false"/>
            <line number="234" hits="4" branch="false"/>
            <line number="235" hits="4" branch="false"/>
            <line number="259" hits="0" branch="false"/>
            <line number="260" hits="0" branch="false"/>
            <line number="267" hits="4" branch="false"/>
            <line number="268" hits="4" branch="false"/>
            <line number="269" hits="0" branch="false"/>
            <line number="272" hits="4" branch="false"/>
            <line number="273" hits="4" branch="false"/>
            <line number="274" hits="4" branch="false"/>
            <line number="277" hits="10" branch="false"/>
            <line number="279" hits="6" branch="false"/>
            <line number="282" hits="3" branch="false"/>
            <line number="283" hits="3" branch="false"/>
            <line number="288" hits="1" branch="false"/>
            <line number="289" hits="1" branch="false"/>
            <line number="307" hits="4" branch="false"/>
            <line number="308" hits="4" branch="false"/>
            <line number="309" hits="4" branch="false"/>
            <line number="310" hits="4" branch="false"/>
            <line number="311" hits="4" branch="false"/>
            <line number="312" hits="4" branch="false"/>
            <line number="313" hits="4" branch="false"/>
            <line number="314" hits="9" branch="false"/>
            <line number="315" hits="9" branch="false"/>
            <line number="317" hits="4" branch="false"/>
            <line number="318" hits="4" branch="false"/>
            <line number="319" hits="4" branch="false"/>
            <line number="320" hits="4" branch="false"/>
            <line number="321" hits="4" branch="false"/>
            <line number="322" hits="4" branch="false"/>
            <line number="323" hits="4" branch="false"/>
            <line number="324" hits="4" branch="false"/>
            <line number="325" hits="4" branch="false"/>
            <line number="326" hits="4" branch="false"/>
            <line number="327" hits="4" branch="false"/>
            <line number="328" hits="4" branch="false"/>
            <line number="329" hits="4" branch="false"/>
            <line number="330" hits="4" branch="false"/>
            <line number="331" hits="4" branch="false"/>
            <line number="332" hits="4" branch="false"/>
            <line number="333" hits="4" branch="false"/>
            <line number="334" hits="4" branch="false"/>
            <line number="335" hits="4" branch="false"/>
            <line number="336" hits="4" branch="false"/>
            <line number="385" hits="0" branch="false"/>
            <line number="386" hits="0" branch="false"/>
            <line number="387" hits="0" branch="false"/>
            <line number="388" hits="0" branch="false"/>
            <line number="389" hits="0" branch="false"/>
            <line number="390" hits="0" branch="false"/>
            <line number="397" hits="6" branch="false"/>
            <line number="402" hits="5" branch="false"/>
            <line number="406" hits="5" branch="false"/>
            <line number="410" hits="5" branch="false"/>
            <line number="413" hits="22" branch="false"/>
            <line number="414" hits="13" branch="false"/>
            <line number="415" hits="9" branch="false"/>
            <line number="416" hits="4" branch="false"/>
            <line number="417" hits="4" branch="false"/>
            <line number="418" hits="4" branch="false"/>
            <line number="419" hits="5" branch="false"/>
            <line number="420" hits="1" branch="false"/>
            <line number="421" hits="1" branch="false"/>
            <line number="422" hits="4" branch="false"/>
            <line number="432" hits="7" branch="false"/>
            <line number="433" hits="5" branch="false"/>
            <line number="434" hits="5" branch="false"/>
            <line number="441" hits="5" branch="false"/>
            <line number="442" hits="4" branch="false"/>
            <line number="443" hits="4" branch="false"/>
            <line number="450" hits="5" branch="false"/>
            <line number="451" hits="4" branch="false"/>
            <line number="452" hits="4" branch="false"/>
            <line number="459" hits="5" branch="false"/>
            <line number="460" hits="4" branch="false"/>
            <line number="461" hits="4" branch="false"/>
            <line number="484" hits="0" branch="false"/>
            <line number="486" hits="0" branch="false"/>
            <line number="487" hits="0" branch="false"/>
            <line number="488" hits="0" branch="false"/>
            <line number="490" hits="0" branch="false"/>
            <line number="492" hits="0" branch="false"/>
            <line number="493" hits="0" branch="false"/>
            <line number="494" hits="0" branch="false"/>
            <line number="496" hits="0" branch="false"/>
            <line number="497" hits="0" branch="false"/>
            <line number="499" hits="0" branch="false"/>
            <line number="500" hits="0" branch="false"/>
            <line number="501" hits="0" branch="false"/>
            <line number="502" hits="0" branch="false"/>
            <line number="503" hits="0" branch="false"/>
            <line number="505" hits="0" branch="false"/>
            <line number="508" hits="0" branch="false"/>
            <line number="509" hits="0" branch="false"/>
            <line number="510" hits="0" branch="false"/>
            <line number="511" hits="0" branch="false"/>
            <line number="512" hits="0" branch="false"/>
            <line number="513" hits="0" branch="false"/>
            <line number="514" hits="0" branch="false"/>
            <line number="515" hits="0" branch="false"/>
            <line number="516" hits="0" branch="false"/>
            <line number="517" hits="0" branch="false"/>
            <line number="518" hits="0" branch="false"/>
            <line number="520" hits="0" branch="false"/>
          </lines>
        </class>
      </classes>
    </package>
  </packages>
</coverage>
