<?xml version="1.0" encoding="UTF-8"?>
<!DOCTYPE coverage SYSTEM "https://raw.githubusercontent.com/cobertura/cobertura/master/cobertura/src/site/htdocs/xml/coverage-04.dtd">
<coverage line-rate="0.9" branch-rate="0" lines-covered="261" lines-valid="290" branches-covered="0" branches-valid="0" complexity="0" version="3.6.2" timestamp="2023-07-13 20:04:15.16627">
  <sources>
    <source>/__w/rlistings/rlistings/rlistings</source>
  </sources>
  <packages>
    <package name="rlistings" line-rate="0.9" branch-rate="0" complexity="0">
      <classes>
        <class name="paginate_listing.R" filename="R/paginate_listing.R" line-rate="0.975" branch-rate="0" complexity="0">
          <methods>
            <method name="paginate_listing" signature="" line-rate="0.974358974358974" branch-rate="0" complexity="0">
              <lines>
                <line number="59" hits="21" branch="false"/>
                <line number="60" hits="21" branch="false"/>
                <line number="61" hits="20" branch="false"/>
                <line number="62" hits="20" branch="false"/>
                <line number="63" hits="20" branch="false"/>
                <line number="68" hits="20" branch="false"/>
                <line number="69" hits="20" branch="false"/>
                <line number="70" hits="20" branch="false"/>
                <line number="71" hits="20" branch="false"/>
                <line number="72" hits="20" branch="false"/>
                <line number="73" hits="20" branch="false"/>
                <line number="74" hits="20" branch="false"/>
                <line number="75" hits="20" branch="false"/>
                <line number="76" hits="20" branch="false"/>
                <line number="77" hits="20" branch="false"/>
                <line number="78" hits="20" branch="false"/>
                <line number="79" hits="20" branch="false"/>
                <line number="80" hits="20" branch="false"/>
                <line number="81" hits="20" branch="false"/>
                <line number="82" hits="20" branch="false"/>
                <line number="83" hits="20" branch="false"/>
                <line number="86" hits="20" branch="false"/>
                <line number="87" hits="20" branch="false"/>
                <line number="88" hits="20" branch="false"/>
                <line number="89" hits="20" branch="false"/>
                <line number="90" hits="20" branch="false"/>
                <line number="91" hits="20" branch="false"/>
                <line number="92" hits="20" branch="false"/>
                <line number="93" hits="20" branch="false"/>
                <line number="94" hits="20" branch="false"/>
                <line number="95" hits="20" branch="false"/>
                <line number="96" hits="20" branch="false"/>
                <line number="97" hits="20" branch="false"/>
                <line number="98" hits="20" branch="false"/>
                <line number="99" hits="0" branch="false"/>
                <line number="100" hits="20" branch="false"/>
                <line number="101" hits="20" branch="false"/>
                <line number="103" hits="20" branch="false"/>
                <line number="104" hits="20" branch="false"/>
              </lines>
            </method>
            <method name="pag_listing_indices" signature="" line-rate="1" branch-rate="0" complexity="0">
              <lines>
                <line number="120" hits="1" branch="false"/>
              </lines>
            </method>
          </methods>
          <lines>
            <line number="59" hits="21" branch="false"/>
            <line number="60" hits="21" branch="false"/>
            <line number="61" hits="20" branch="false"/>
            <line number="62" hits="20" branch="false"/>
            <line number="63" hits="20" branch="false"/>
            <line number="68" hits="20" branch="false"/>
            <line number="69" hits="20" branch="false"/>
            <line number="70" hits="20" branch="false"/>
            <line number="71" hits="20" branch="false"/>
            <line number="72" hits="20" branch="false"/>
            <line number="73" hits="20" branch="false"/>
            <line number="74" hits="20" branch="false"/>
            <line number="75" hits="20" branch="false"/>
            <line number="76" hits="20" branch="false"/>
            <line number="77" hits="20" branch="false"/>
            <line number="78" hits="20" branch="false"/>
            <line number="79" hits="20" branch="false"/>
            <line number="80" hits="20" branch="false"/>
            <line number="81" hits="20" branch="false"/>
            <line number="82" hits="20" branch="false"/>
            <line number="83" hits="20" branch="false"/>
            <line number="86" hits="20" branch="false"/>
            <line number="87" hits="20" branch="false"/>
            <line number="88" hits="20" branch="false"/>
            <line number="89" hits="20" branch="false"/>
            <line number="90" hits="20" branch="false"/>
            <line number="91" hits="20" branch="false"/>
            <line number="92" hits="20" branch="false"/>
            <line number="93" hits="20" branch="false"/>
            <line number="94" hits="20" branch="false"/>
            <line number="95" hits="20" branch="false"/>
            <line number="96" hits="20" branch="false"/>
            <line number="97" hits="20" branch="false"/>
            <line number="98" hits="20" branch="false"/>
            <line number="99" hits="0" branch="false"/>
            <line number="100" hits="20" branch="false"/>
            <line number="101" hits="20" branch="false"/>
            <line number="103" hits="20" branch="false"/>
            <line number="104" hits="20" branch="false"/>
            <line number="120" hits="1" branch="false"/>
          </lines>
        </class>
        <class name="rlistings_methods.R" filename="R/rlistings_methods.R" line-rate="0.84" branch-rate="0" complexity="0">
          <methods>
            <method name="print.listing_df" signature="" line-rate="0" branch-rate="0" complexity="0">
              <lines>
                <line number="24" hits="0" branch="false"/>
                <line number="25" hits="0" branch="false"/>
              </lines>
            </method>
            <method name="listing_df" signature="" line-rate="0.838235294117647" branch-rate="0" complexity="0">
              <lines>
                <line number="32" hits="2" branch="false"/>
                <line number="125" hits="70" branch="false"/>
                <line number="126" hits="70" branch="false"/>
                <line number="127" hits="70" branch="false"/>
                <line number="128" hits="70" branch="false"/>
                <line number="129" hits="69" branch="false"/>
                <line number="131" hits="1" branch="false"/>
                <line number="133" hits="70" branch="false"/>
                <line number="134" hits="70" branch="false"/>
                <line number="135" hits="70" branch="false"/>
                <line number="136" hits="70" branch="false"/>
                <line number="137" hits="0" branch="false"/>
                <line number="138" hits="0" branch="false"/>
                <line number="139" hits="0" branch="false"/>
                <line number="140" hits="0" branch="false"/>
                <line number="142" hits="70" branch="false"/>
                <line number="143" hits="0" branch="false"/>
                <line number="147" hits="70" branch="false"/>
                <line number="149" hits="473" branch="false"/>
                <line number="150" hits="473" branch="false"/>
                <line number="152" hits="70" branch="false"/>
                <line number="153" hits="70" branch="false"/>
                <line number="154" hits="70" branch="false"/>
                <line number="155" hits="70" branch="false"/>
                <line number="156" hits="70" branch="false"/>
                <line number="157" hits="70" branch="false"/>
                <line number="158" hits="70" branch="false"/>
                <line number="159" hits="70" branch="false"/>
                <line number="160" hits="70" branch="false"/>
                <line number="161" hits="70" branch="false"/>
                <line number="162" hits="70" branch="false"/>
                <line number="163" hits="70" branch="false"/>
                <line number="164" hits="70" branch="false"/>
                <line number="165" hits="70" branch="false"/>
                <line number="166" hits="70" branch="false"/>
                <line number="167" hits="70" branch="false"/>
                <line number="168" hits="70" branch="false"/>
                <line number="169" hits="70" branch="false"/>
                <line number="170" hits="70" branch="false"/>
                <line number="171" hits="70" branch="false"/>
                <line number="172" hits="70" branch="false"/>
                <line number="173" hits="70" branch="false"/>
                <line number="174" hits="70" branch="false"/>
                <line number="175" hits="70" branch="false"/>
                <line number="176" hits="70" branch="false"/>
                <line number="177" hits="70" branch="false"/>
                <line number="227" hits="0" branch="false"/>
                <line number="228" hits="0" branch="false"/>
                <line number="229" hits="0" branch="false"/>
                <line number="230" hits="0" branch="false"/>
                <line number="231" hits="0" branch="false"/>
                <line number="233" hits="0" branch="false"/>
                <line number="252" hits="72" branch="false"/>
                <line number="259" hits="71" branch="false"/>
                <line number="265" hits="71" branch="false"/>
                <line number="271" hits="71" branch="false"/>
                <line number="300" hits="34" branch="false"/>
                <line number="301" hits="32" branch="false"/>
                <line number="302" hits="32" branch="false"/>
                <line number="311" hits="30" branch="false"/>
                <line number="312" hits="29" branch="false"/>
                <line number="313" hits="29" branch="false"/>
                <line number="322" hits="32" branch="false"/>
                <line number="323" hits="31" branch="false"/>
                <line number="324" hits="31" branch="false"/>
                <line number="333" hits="30" branch="false"/>
                <line number="334" hits="29" branch="false"/>
                <line number="335" hits="29" branch="false"/>
              </lines>
            </method>
            <method name="basic_run_lens" signature="" line-rate="0.833333333333333" branch-rate="0" complexity="0">
              <lines>
                <line number="37" hits="69" branch="false"/>
                <line number="38" hits="69" branch="false"/>
                <line number="39" hits="0" branch="false"/>
                <line number="42" hits="69" branch="false"/>
                <line number="43" hits="69" branch="false"/>
                <line number="44" hits="69" branch="false"/>
              </lines>
            </method>
            <method name="format_colvector" signature="" line-rate="0.714285714285714" branch-rate="0" complexity="0">
              <lines>
                <line number="53" hits="473" branch="false"/>
                <line number="54" hits="0" branch="false"/>
                <line number="56" hits="473" branch="false"/>
                <line number="57" hits="473" branch="false"/>
                <line number="58" hits="0" branch="false"/>
                <line number="61" hits="473" branch="false"/>
                <line number="62" hits="473" branch="false"/>
              </lines>
            </method>
            <method name="vec_nlines" signature="" line-rate="1" branch-rate="0" complexity="0">
              <lines>
                <line number="77" hits="473" branch="false"/>
              </lines>
            </method>
            <method name="ANY" signature="" line-rate="1" branch-rate="0" complexity="0">
              <lines>
                <line number="83" hits="473" branch="false"/>
                <line number="84" hits="473" branch="false"/>
                <line number="85" hits="473" branch="false"/>
              </lines>
            </method>
            <method name=".chk_value" signature="" line-rate="1" branch-rate="0" complexity="0">
              <lines>
                <line number="275" hits="126" branch="false"/>
                <line number="276" hits="112" branch="false"/>
                <line number="278" hits="14" branch="false"/>
                <line number="279" hits="4" branch="false"/>
                <line number="280" hits="4" branch="false"/>
                <line number="281" hits="4" branch="false"/>
                <line number="282" hits="4" branch="false"/>
                <line number="284" hits="10" branch="false"/>
                <line number="285" hits="1" branch="false"/>
                <line number="286" hits="1" branch="false"/>
                <line number="287" hits="1" branch="false"/>
                <line number="288" hits="1" branch="false"/>
                <line number="290" hits="9" branch="false"/>
              </lines>
            </method>
          </methods>
          <lines>
            <line number="24" hits="0" branch="false"/>
            <line number="25" hits="0" branch="false"/>
            <line number="32" hits="2" branch="false"/>
            <line number="37" hits="69" branch="false"/>
            <line number="38" hits="69" branch="false"/>
            <line number="39" hits="0" branch="false"/>
            <line number="42" hits="69" branch="false"/>
            <line number="43" hits="69" branch="false"/>
            <line number="44" hits="69" branch="false"/>
            <line number="53" hits="473" branch="false"/>
            <line number="54" hits="0" branch="false"/>
            <line number="56" hits="473" branch="false"/>
            <line number="57" hits="473" branch="false"/>
            <line number="58" hits="0" branch="false"/>
            <line number="61" hits="473" branch="false"/>
            <line number="62" hits="473" branch="false"/>
            <line number="77" hits="473" branch="false"/>
            <line number="83" hits="473" branch="false"/>
            <line number="84" hits="473" branch="false"/>
            <line number="85" hits="473" branch="false"/>
            <line number="125" hits="70" branch="false"/>
            <line number="126" hits="70" branch="false"/>
            <line number="127" hits="70" branch="false"/>
            <line number="128" hits="70" branch="false"/>
            <line number="129" hits="69" branch="false"/>
            <line number="131" hits="1" branch="false"/>
            <line number="133" hits="70" branch="false"/>
            <line number="134" hits="70" branch="false"/>
            <line number="135" hits="70" branch="false"/>
            <line number="136" hits="70" branch="false"/>
            <line number="137" hits="0" branch="false"/>
            <line number="138" hits="0" branch="false"/>
            <line number="139" hits="0" branch="false"/>
            <line number="140" hits="0" branch="false"/>
            <line number="142" hits="70" branch="false"/>
            <line number="143" hits="0" branch="false"/>
            <line number="147" hits="70" branch="false"/>
            <line number="149" hits="473" branch="false"/>
            <line number="150" hits="473" branch="false"/>
            <line number="152" hits="70" branch="false"/>
            <line number="153" hits="70" branch="false"/>
            <line number="154" hits="70" branch="false"/>
            <line number="155" hits="70" branch="false"/>
            <line number="156" hits="70" branch="false"/>
            <line number="157" hits="70" branch="false"/>
            <line number="158" hits="70" branch="false"/>
            <line number="159" hits="70" branch="false"/>
            <line number="160" hits="70" branch="false"/>
            <line number="161" hits="70" branch="false"/>
            <line number="162" hits="70" branch="false"/>
            <line number="163" hits="70" branch="false"/>
            <line number="164" hits="70" branch="false"/>
            <line number="165" hits="70" branch="false"/>
            <line number="166" hits="70" branch="false"/>
            <line number="167" hits="70" branch="false"/>
            <line number="168" hits="70" branch="false"/>
            <line number="169" hits="70" branch="false"/>
            <line number="170" hits="70" branch="false"/>
            <line number="171" hits="70" branch="false"/>
            <line number="172" hits="70" branch="false"/>
            <line number="173" hits="70" branch="false"/>
            <line number="174" hits="70" branch="false"/>
            <line number="175" hits="70" branch="false"/>
            <line number="176" hits="70" branch="false"/>
            <line number="177" hits="70" branch="false"/>
            <line number="227" hits="0" branch="false"/>
            <line number="228" hits="0" branch="false"/>
            <line number="229" hits="0" branch="false"/>
            <line number="230" hits="0" branch="false"/>
            <line number="231" hits="0" branch="false"/>
            <line number="233" hits="0" branch="false"/>
            <line number="252" hits="72" branch="false"/>
            <line number="259" hits="71" branch="false"/>
            <line number="265" hits="71" branch="false"/>
            <line number="271" hits="71" branch="false"/>
            <line number="275" hits="126" branch="false"/>
            <line number="276" hits="112" branch="false"/>
            <line number="278" hits="14" branch="false"/>
            <line number="279" hits="4" branch="false"/>
            <line number="280" hits="4" branch="false"/>
            <line number="281" hits="4" branch="false"/>
            <line number="282" hits="4" branch="false"/>
            <line number="284" hits="10" branch="false"/>
            <line number="285" hits="1" branch="false"/>
            <line number="286" hits="1" branch="false"/>
            <line number="287" hits="1" branch="false"/>
            <line number="288" hits="1" branch="false"/>
            <line number="290" hits="9" branch="false"/>
            <line number="300" hits="34" branch="false"/>
            <line number="301" hits="32" branch="false"/>
            <line number="302" hits="32" branch="false"/>
            <line number="311" hits="30" branch="false"/>
            <line number="312" hits="29" branch="false"/>
            <line number="313" hits="29" branch="false"/>
            <line number="322" hits="32" branch="false"/>
            <line number="323" hits="31" branch="false"/>
            <line number="324" hits="31" branch="false"/>
            <line number="333" hits="30" branch="false"/>
            <line number="334" hits="29" branch="false"/>
            <line number="335" hits="29" branch="false"/>
          </lines>
        </class>
        <class name="rlistings.R" filename="R/rlistings.R" line-rate="0.92" branch-rate="0" complexity="0">
          <methods>
            <method name="as_listing" signature="" line-rate="1" branch-rate="0" complexity="0">
              <lines>
                <line number="134" hits="33" branch="false"/>
                <line number="135" hits="1" branch="false"/>
                <line number="137" hits="32" branch="false"/>
                <line number="138" hits="1" branch="false"/>
                <line number="139" hits="31" branch="false"/>
                <line number="141" hits="14" branch="false"/>
                <line number="144" hits="17" branch="false"/>
                <line number="146" hits="31" branch="false"/>
                <line number="147" hits="1" branch="false"/>
                <line number="149" hits="30" branch="false"/>
                <line number="150" hits="1" branch="false"/>
                <line number="153" hits="29" branch="false"/>
                <line number="154" hits="29" branch="false"/>
                <line number="155" hits="29" branch="false"/>
                <line number="156" hits="29" branch="false"/>
                <line number="157" hits="14" branch="false"/>
                <line number="158" hits="14" branch="false"/>
                <line number="162" hits="29" branch="false"/>
                <line number="163" hits="29" branch="false"/>
                <line number="164" hits="29" branch="false"/>
                <line number="166" hits="29" branch="false"/>
                <line number="167" hits="40" branch="false"/>
                <line number="171" hits="29" branch="false"/>
                <line number="174" hits="29" branch="false"/>
                <line number="175" hits="29" branch="false"/>
                <line number="176" hits="29" branch="false"/>
                <line number="177" hits="29" branch="false"/>
                <line number="178" hits="2" branch="false"/>
                <line number="179" hits="29" branch="false"/>
                <line number="180" hits="1" branch="false"/>
                <line number="181" hits="29" branch="false"/>
                <line number="182" hits="29" branch="false"/>
                <line number="183" hits="1" branch="false"/>
                <line number="184" hits="1" branch="false"/>
                <line number="185" hits="29" branch="false"/>
                <line number="186" hits="29" branch="false"/>
                <line number="187" hits="29" branch="false"/>
                <line number="188" hits="29" branch="false"/>
                <line number="189" hits="29" branch="false"/>
                <line number="190" hits="29" branch="false"/>
                <line number="191" hits="29" branch="false"/>
                <line number="192" hits="29" branch="false"/>
                <line number="194" hits="2" branch="false"/>
                <line number="196" hits="28" branch="false"/>
                <line number="198" hits="28" branch="false"/>
                <line number="199" hits="28" branch="false"/>
                <line number="200" hits="28" branch="false"/>
                <line number="201" hits="28" branch="false"/>
                <line number="202" hits="28" branch="false"/>
                <line number="203" hits="28" branch="false"/>
              </lines>
            </method>
            <method name="as_keycol" signature="" line-rate="1" branch-rate="0" complexity="0">
              <lines>
                <line number="210" hits="40" branch="false"/>
                <line number="211" hits="10" branch="false"/>
                <line number="212" hits="10" branch="false"/>
                <line number="213" hits="10" branch="false"/>
                <line number="215" hits="40" branch="false"/>
                <line number="216" hits="40" branch="false"/>
              </lines>
            </method>
            <method name="is_keycol" signature="" line-rate="1" branch-rate="0" complexity="0">
              <lines>
                <line number="223" hits="3675" branch="false"/>
              </lines>
            </method>
            <method name="get_keycols" signature="" line-rate="1" branch-rate="0" complexity="0">
              <lines>
                <line number="231" hits="159" branch="false"/>
              </lines>
            </method>
            <method name="rix_form" signature="" line-rate="1" branch-rate="0" complexity="0">
              <lines>
                <line number="252" hits="69" branch="false"/>
                <line number="253" hits="69" branch="false"/>
                <line number="254" hits="69" branch="false"/>
                <line number="255" hits="69" branch="false"/>
                <line number="256" hits="69" branch="false"/>
                <line number="258" hits="69" branch="false"/>
                <line number="261" hits="69" branch="false"/>
                <line number="262" hits="69" branch="false"/>
                <line number="263" hits="69" branch="false"/>
                <line number="264" hits="69" branch="false"/>
                <line number="266" hits="69" branch="false"/>
                <line number="269" hits="69" branch="false"/>
                <line number="270" hits="69" branch="false"/>
                <line number="271" hits="89" branch="false"/>
                <line number="272" hits="89" branch="false"/>
                <line number="273" hits="89" branch="false"/>
                <line number="274" hits="89" branch="false"/>
                <line number="275" hits="89" branch="false"/>
                <line number="278" hits="69" branch="false"/>
                <line number="279" hits="69" branch="false"/>
                <line number="280" hits="68" branch="false"/>
                <line number="281" hits="382" branch="false"/>
                <line number="282" hits="382" branch="false"/>
                <line number="283" hits="382" branch="false"/>
                <line number="288" hits="69" branch="false"/>
                <line number="289" hits="69" branch="false"/>
                <line number="290" hits="69" branch="false"/>
                <line number="291" hits="69" branch="false"/>
                <line number="293" hits="69" branch="false"/>
                <line number="294" hits="69" branch="false"/>
                <line number="295" hits="69" branch="false"/>
                <line number="296" hits="69" branch="false"/>
                <line number="297" hits="69" branch="false"/>
                <line number="298" hits="69" branch="false"/>
                <line number="299" hits="69" branch="false"/>
                <line number="300" hits="69" branch="false"/>
                <line number="301" hits="69" branch="false"/>
                <line number="302" hits="69" branch="false"/>
                <line number="303" hits="69" branch="false"/>
                <line number="304" hits="69" branch="false"/>
                <line number="305" hits="69" branch="false"/>
                <line number="306" hits="69" branch="false"/>
                <line number="307" hits="69" branch="false"/>
                <line number="308" hits="69" branch="false"/>
                <line number="309" hits="69" branch="false"/>
                <line number="310" hits="69" branch="false"/>
                <line number="311" hits="69" branch="false"/>
                <line number="312" hits="69" branch="false"/>
                <line number="313" hits="69" branch="false"/>
                <line number="314" hits="69" branch="false"/>
                <line number="315" hits="69" branch="false"/>
                <line number="316" hits="69" branch="false"/>
                <line number="317" hits="69" branch="false"/>
                <line number="318" hits="69" branch="false"/>
                <line number="319" hits="69" branch="false"/>
                <line number="320" hits="69" branch="false"/>
                <line number="321" hits="69" branch="false"/>
                <line number="322" hits="69" branch="false"/>
                <line number="323" hits="69" branch="false"/>
                <line number="324" hits="69" branch="false"/>
              </lines>
            </method>
            <method name="listing_dispcols" signature="" line-rate="1" branch-rate="0" complexity="0">
              <lines>
                <line number="331" hits="133" branch="false"/>
              </lines>
            </method>
            <method name="add_listing_dispcol" signature="" line-rate="1" branch-rate="0" complexity="0">
              <lines>
                <line number="338" hits="20" branch="false"/>
                <line number="339" hits="20" branch="false"/>
              </lines>
            </method>
            <method name="listing_dispcols&lt;-" signature="" line-rate="0.384615384615385" branch-rate="0" complexity="0">
              <lines>
                <line number="345" hits="130" branch="false"/>
                <line number="346" hits="0" branch="false"/>
                <line number="347" hits="0" branch="false"/>
                <line number="348" hits="0" branch="false"/>
                <line number="349" hits="0" branch="false"/>
                <line number="351" hits="130" branch="false"/>
                <line number="352" hits="130" branch="false"/>
                <line number="353" hits="0" branch="false"/>
                <line number="354" hits="0" branch="false"/>
                <line number="355" hits="0" branch="false"/>
                <line number="356" hits="0" branch="false"/>
                <line number="358" hits="130" branch="false"/>
                <line number="359" hits="130" branch="false"/>
              </lines>
            </method>
            <method name="add_listing_col" signature="" line-rate="0.75" branch-rate="0" complexity="0">
              <lines>
                <line number="379" hits="20" branch="false"/>
                <line number="380" hits="1" branch="false"/>
                <line number="381" hits="19" branch="false"/>
                <line number="382" hits="19" branch="false"/>
                <line number="384" hits="0" branch="false"/>
                <line number="385" hits="0" branch="false"/>
                <line number="386" hits="0" branch="false"/>
                <line number="387" hits="0" branch="false"/>
                <line number="390" hits="20" branch="false"/>
                <line number="391" hits="7" branch="false"/>
                <line number="392" hits="7" branch="false"/>
                <line number="395" hits="20" branch="false"/>
                <line number="396" hits="20" branch="false"/>
                <line number="399" hits="20" branch="false"/>
                <line number="400" hits="20" branch="false"/>
                <line number="401" hits="20" branch="false"/>
              </lines>
            </method>
          </methods>
          <lines>
            <line number="134" hits="33" branch="false"/>
            <line number="135" hits="1" branch="false"/>
            <line number="137" hits="32" branch="false"/>
            <line number="138" hits="1" branch="false"/>
            <line number="139" hits="31" branch="false"/>
            <line number="141" hits="14" branch="false"/>
            <line number="144" hits="17" branch="false"/>
            <line number="146" hits="31" branch="false"/>
            <line number="147" hits="1" branch="false"/>
            <line number="149" hits="30" branch="false"/>
            <line number="150" hits="1" branch="false"/>
            <line number="153" hits="29" branch="false"/>
            <line number="154" hits="29" branch="false"/>
            <line number="155" hits="29" branch="false"/>
            <line number="156" hits="29" branch="false"/>
            <line number="157" hits="14" branch="false"/>
            <line number="158" hits="14" branch="false"/>
            <line number="162" hits="29" branch="false"/>
            <line number="163" hits="29" branch="false"/>
            <line number="164" hits="29" branch="false"/>
            <line number="166" hits="29" branch="false"/>
            <line number="167" hits="40" branch="false"/>
            <line number="171" hits="29" branch="false"/>
            <line number="174" hits="29" branch="false"/>
            <line number="175" hits="29" branch="false"/>
            <line number="176" hits="29" branch="false"/>
            <line number="177" hits="29" branch="false"/>
            <line number="178" hits="2" branch="false"/>
            <line number="179" hits="29" branch="false"/>
            <line number="180" hits="1" branch="false"/>
            <line number="181" hits="29" branch="false"/>
            <line number="182" hits="29" branch="false"/>
            <line number="183" hits="1" branch="false"/>
            <line number="184" hits="1" branch="false"/>
            <line number="185" hits="29" branch="false"/>
            <line number="186" hits="29" branch="false"/>
            <line number="187" hits="29" branch="false"/>
            <line number="188" hits="29" branch="false"/>
            <line number="189" hits="29" branch="false"/>
            <line number="190" hits="29" branch="false"/>
            <line number="191" hits="29" branch="false"/>
            <line number="192" hits="29" branch="false"/>
            <line number="194" hits="2" branch="false"/>
            <line number="196" hits="28" branch="false"/>
            <line number="198" hits="28" branch="false"/>
            <line number="199" hits="28" branch="false"/>
            <line number="200" hits="28" branch="false"/>
            <line number="201" hits="28" branch="false"/>
            <line number="202" hits="28" branch="false"/>
            <line number="203" hits="28" branch="false"/>
            <line number="210" hits="40" branch="false"/>
            <line number="211" hits="10" branch="false"/>
            <line number="212" hits="10" branch="false"/>
            <line number="213" hits="10" branch="false"/>
            <line number="215" hits="40" branch="false"/>
            <line number="216" hits="40" branch="false"/>
            <line number="223" hits="3675" branch="false"/>
            <line number="231" hits="159" branch="false"/>
            <line number="252" hits="69" branch="false"/>
            <line number="253" hits="69" branch="false"/>
            <line number="254" hits="69" branch="false"/>
            <line number="255" hits="69" branch="false"/>
            <line number="256" hits="69" branch="false"/>
            <line number="258" hits="69" branch="false"/>
            <line number="261" hits="69" branch="false"/>
            <line number="262" hits="69" branch="false"/>
            <line number="263" hits="69" branch="false"/>
            <line number="264" hits="69" branch="false"/>
            <line number="266" hits="69" branch="false"/>
            <line number="269" hits="69" branch="false"/>
            <line number="270" hits="69" branch="false"/>
            <line number="271" hits="89" branch="false"/>
            <line number="272" hits="89" branch="false"/>
            <line number="273" hits="89" branch="false"/>
            <line number="274" hits="89" branch="false"/>
            <line number="275" hits="89" branch="false"/>
            <line number="278" hits="69" branch="false"/>
            <line number="279" hits="69" branch="false"/>
            <line number="280" hits="68" branch="false"/>
            <line number="281" hits="382" branch="false"/>
            <line number="282" hits="382" branch="false"/>
            <line number="283" hits="382" branch="false"/>
            <line number="288" hits="69" branch="false"/>
            <line number="289" hits="69" branch="false"/>
            <line number="290" hits="69" branch="false"/>
            <line number="291" hits="69" branch="false"/>
            <line number="293" hits="69" branch="false"/>
            <line number="294" hits="69" branch="false"/>
            <line number="295" hits="69" branch="false"/>
            <line number="296" hits="69" branch="false"/>
            <line number="297" hits="69" branch="false"/>
            <line number="298" hits="69" branch="false"/>
            <line number="299" hits="69" branch="false"/>
            <line number="300" hits="69" branch="false"/>
            <line number="301" hits="69" branch="false"/>
            <line number="302" hits="69" branch="false"/>
            <line number="303" hits="69" branch="false"/>
            <line number="304" hits="69" branch="false"/>
            <line number="305" hits="69" branch="false"/>
            <line number="306" hits="69" branch="false"/>
            <line number="307" hits="69" branch="false"/>
            <line number="308" hits="69" branch="false"/>
            <line number="309" hits="69" branch="false"/>
            <line number="310" hits="69" branch="false"/>
            <line number="311" hits="69" branch="false"/>
            <line number="312" hits="69" branch="false"/>
            <line number="313" hits="69" branch="false"/>
            <line number="314" hits="69" branch="false"/>
            <line number="315" hits="69" branch="false"/>
            <line number="316" hits="69" branch="false"/>
            <line number="317" hits="69" branch="false"/>
            <line number="318" hits="69" branch="false"/>
            <line number="319" hits="69" branch="false"/>
            <line number="320" hits="69" branch="false"/>
            <line number="321" hits="69" branch="false"/>
            <line number="322" hits="69" branch="false"/>
            <line number="323" hits="69" branch="false"/>
            <line number="324" hits="69" branch="false"/>
            <line number="331" hits="133" branch="false"/>
            <line number="338" hits="20" branch="false"/>
            <line number="339" hits="20" branch="false"/>
            <line number="345" hits="130" branch="false"/>
            <line number="346" hits="0" branch="false"/>
            <line number="347" hits="0" branch="false"/>
            <line number="348" hits="0" branch="false"/>
            <line number="349" hits="0" branch="false"/>
            <line number="351" hits="130" branch="false"/>
            <line number="352" hits="130" branch="false"/>
            <line number="353" hits="0" branch="false"/>
            <line number="354" hits="0" branch="false"/>
            <line number="355" hits="0" branch="false"/>
            <line number="356" hits="0" branch="false"/>
            <line number="358" hits="130" branch="false"/>
            <line number="359" hits="130" branch="false"/>
            <line number="379" hits="20" branch="false"/>
            <line number="380" hits="1" branch="false"/>
            <line number="381" hits="19" branch="false"/>
            <line number="382" hits="19" branch="false"/>
            <line number="384" hits="0" branch="false"/>
            <line number="385" hits="0" branch="false"/>
            <line number="386" hits="0" branch="false"/>
            <line number="387" hits="0" branch="false"/>
            <line number="390" hits="20" branch="false"/>
            <line number="391" hits="7" branch="false"/>
            <line number="392" hits="7" branch="false"/>
            <line number="395" hits="20" branch="false"/>
            <line number="396" hits="20" branch="false"/>
            <line number="399" hits="20" branch="false"/>
            <line number="400" hits="20" branch="false"/>
            <line number="401" hits="20" branch="false"/>
          </lines>
        </class>
      </classes>
    </package>
  </packages>
</coverage>
