<?xml version="1.0" encoding="UTF-8"?>
<!DOCTYPE coverage SYSTEM "https://raw.githubusercontent.com/cobertura/cobertura/master/cobertura/src/site/htdocs/xml/coverage-04.dtd">
<coverage line-rate="0.854700854700855" branch-rate="0" lines-covered="300" lines-valid="351" branches-covered="0" branches-valid="0" complexity="0" version="3.6.4" timestamp="2025-02-21 10:21:49.391302">
  <sources>
    <source>/__w/rlistings/rlistings/rlistings</source>
  </sources>
  <packages>
    <package name="rlistings" line-rate="0.854700854700855" branch-rate="0" complexity="0">
      <classes>
        <class name="paginate_listing.R" filename="R/paginate_listing.R" line-rate="1" branch-rate="0" complexity="0">
          <methods>
            <method name="paginate_listing" signature="" line-rate="1" branch-rate="0" complexity="0">
              <lines>
                <line number="56" hits="24" branch="false"/>
                <line number="57" hits="24" branch="false"/>
                <line number="58" hits="23" branch="false"/>
                <line number="59" hits="23" branch="false"/>
                <line number="60" hits="23" branch="false"/>
                <line number="61" hits="23" branch="false"/>
                <line number="63" hits="23" branch="false"/>
                <line number="64" hits="23" branch="false"/>
                <line number="65" hits="23" branch="false"/>
                <line number="66" hits="23" branch="false"/>
                <line number="67" hits="23" branch="false"/>
                <line number="68" hits="23" branch="false"/>
                <line number="69" hits="23" branch="false"/>
                <line number="70" hits="23" branch="false"/>
                <line number="71" hits="23" branch="false"/>
                <line number="72" hits="23" branch="false"/>
                <line number="73" hits="23" branch="false"/>
                <line number="74" hits="23" branch="false"/>
                <line number="75" hits="23" branch="false"/>
                <line number="76" hits="23" branch="false"/>
                <line number="77" hits="23" branch="false"/>
                <line number="78" hits="23" branch="false"/>
                <line number="80" hits="23" branch="false"/>
                <line number="81" hits="1" branch="false"/>
                <line number="82" hits="1" branch="false"/>
                <line number="84" hits="1" branch="false"/>
                <line number="85" hits="1" branch="false"/>
                <line number="86" hits="1" branch="false"/>
                <line number="88" hits="23" branch="false"/>
              </lines>
            </method>
          </methods>
          <lines>
            <line number="56" hits="24" branch="false"/>
            <line number="57" hits="24" branch="false"/>
            <line number="58" hits="23" branch="false"/>
            <line number="59" hits="23" branch="false"/>
            <line number="60" hits="23" branch="false"/>
            <line number="61" hits="23" branch="false"/>
            <line number="63" hits="23" branch="false"/>
            <line number="64" hits="23" branch="false"/>
            <line number="65" hits="23" branch="false"/>
            <line number="66" hits="23" branch="false"/>
            <line number="67" hits="23" branch="false"/>
            <line number="68" hits="23" branch="false"/>
            <line number="69" hits="23" branch="false"/>
            <line number="70" hits="23" branch="false"/>
            <line number="71" hits="23" branch="false"/>
            <line number="72" hits="23" branch="false"/>
            <line number="73" hits="23" branch="false"/>
            <line number="74" hits="23" branch="false"/>
            <line number="75" hits="23" branch="false"/>
            <line number="76" hits="23" branch="false"/>
            <line number="77" hits="23" branch="false"/>
            <line number="78" hits="23" branch="false"/>
            <line number="80" hits="23" branch="false"/>
            <line number="81" hits="1" branch="false"/>
            <line number="82" hits="1" branch="false"/>
            <line number="84" hits="1" branch="false"/>
            <line number="85" hits="1" branch="false"/>
            <line number="86" hits="1" branch="false"/>
            <line number="88" hits="23" branch="false"/>
          </lines>
        </class>
        <class name="rlistings_methods.R" filename="R/rlistings_methods.R" line-rate="0.7109375" branch-rate="0" complexity="0">
          <methods>
            <method name="print.listing_df" signature="" line-rate="0" branch-rate="0" complexity="0">
              <lines>
                <line number="17" hits="0" branch="false"/>
                <line number="18" hits="0" branch="false"/>
                <line number="19" hits="0" branch="false"/>
                <line number="20" hits="0" branch="false"/>
                <line number="21" hits="0" branch="false"/>
                <line number="22" hits="0" branch="false"/>
                <line number="23" hits="0" branch="false"/>
                <line number="24" hits="0" branch="false"/>
                <line number="25" hits="0" branch="false"/>
                <line number="26" hits="0" branch="false"/>
                <line number="27" hits="0" branch="false"/>
                <line number="28" hits="0" branch="false"/>
                <line number="29" hits="0" branch="false"/>
                <line number="30" hits="0" branch="false"/>
                <line number="31" hits="0" branch="false"/>
                <line number="32" hits="0" branch="false"/>
                <line number="33" hits="0" branch="false"/>
                <line number="34" hits="0" branch="false"/>
                <line number="35" hits="0" branch="false"/>
                <line number="36" hits="0" branch="false"/>
                <line number="37" hits="0" branch="false"/>
                <line number="38" hits="0" branch="false"/>
                <line number="39" hits="0" branch="false"/>
              </lines>
            </method>
            <method name="listing_df" signature="" line-rate="0.853333333333333" branch-rate="0" complexity="0">
              <lines>
                <line number="46" hits="6" branch="false"/>
                <line number="47" hits="6" branch="false"/>
                <line number="48" hits="6" branch="false"/>
                <line number="49" hits="6" branch="false"/>
                <line number="50" hits="6" branch="false"/>
                <line number="51" hits="6" branch="false"/>
                <line number="52" hits="6" branch="false"/>
                <line number="153" hits="174" branch="false"/>
                <line number="154" hits="174" branch="false"/>
                <line number="155" hits="174" branch="false"/>
                <line number="156" hits="174" branch="false"/>
                <line number="157" hits="173" branch="false"/>
                <line number="159" hits="1" branch="false"/>
                <line number="161" hits="174" branch="false"/>
                <line number="162" hits="174" branch="false"/>
                <line number="163" hits="174" branch="false"/>
                <line number="164" hits="174" branch="false"/>
                <line number="165" hits="0" branch="false"/>
                <line number="166" hits="0" branch="false"/>
                <line number="167" hits="0" branch="false"/>
                <line number="168" hits="0" branch="false"/>
                <line number="170" hits="174" branch="false"/>
                <line number="171" hits="0" branch="false"/>
                <line number="175" hits="174" branch="false"/>
                <line number="177" hits="723" branch="false"/>
                <line number="178" hits="723" branch="false"/>
                <line number="180" hits="174" branch="false"/>
                <line number="181" hits="174" branch="false"/>
                <line number="182" hits="174" branch="false"/>
                <line number="183" hits="174" branch="false"/>
                <line number="184" hits="174" branch="false"/>
                <line number="185" hits="174" branch="false"/>
                <line number="186" hits="174" branch="false"/>
                <line number="187" hits="174" branch="false"/>
                <line number="188" hits="174" branch="false"/>
                <line number="189" hits="174" branch="false"/>
                <line number="190" hits="174" branch="false"/>
                <line number="191" hits="174" branch="false"/>
                <line number="192" hits="174" branch="false"/>
                <line number="193" hits="174" branch="false"/>
                <line number="194" hits="174" branch="false"/>
                <line number="195" hits="174" branch="false"/>
                <line number="196" hits="174" branch="false"/>
                <line number="197" hits="174" branch="false"/>
                <line number="198" hits="174" branch="false"/>
                <line number="199" hits="174" branch="false"/>
                <line number="200" hits="174" branch="false"/>
                <line number="201" hits="174" branch="false"/>
                <line number="202" hits="174" branch="false"/>
                <line number="203" hits="174" branch="false"/>
                <line number="204" hits="174" branch="false"/>
                <line number="205" hits="174" branch="false"/>
                <line number="255" hits="0" branch="false"/>
                <line number="256" hits="0" branch="false"/>
                <line number="257" hits="0" branch="false"/>
                <line number="258" hits="0" branch="false"/>
                <line number="259" hits="0" branch="false"/>
                <line number="261" hits="0" branch="false"/>
                <line number="281" hits="176" branch="false"/>
                <line number="288" hits="186" branch="false"/>
                <line number="295" hits="175" branch="false"/>
                <line number="302" hits="175" branch="false"/>
                <line number="331" hits="64" branch="false"/>
                <line number="332" hits="62" branch="false"/>
                <line number="333" hits="62" branch="false"/>
                <line number="342" hits="71" branch="false"/>
                <line number="343" hits="70" branch="false"/>
                <line number="344" hits="70" branch="false"/>
                <line number="353" hits="62" branch="false"/>
                <line number="354" hits="61" branch="false"/>
                <line number="355" hits="61" branch="false"/>
                <line number="364" hits="61" branch="false"/>
                <line number="365" hits="60" branch="false"/>
                <line number="366" hits="60" branch="false"/>
                <line number="375" hits="95" branch="false"/>
              </lines>
            </method>
            <method name="basic_run_lens" signature="" line-rate="0.833333333333333" branch-rate="0" complexity="0">
              <lines>
                <line number="57" hits="173" branch="false"/>
                <line number="58" hits="173" branch="false"/>
                <line number="59" hits="0" branch="false"/>
                <line number="62" hits="173" branch="false"/>
                <line number="63" hits="173" branch="false"/>
                <line number="64" hits="173" branch="false"/>
              </lines>
            </method>
            <method name="format_colvector" signature="" line-rate="0.714285714285714" branch-rate="0" complexity="0">
              <lines>
                <line number="74" hits="723" branch="false"/>
                <line number="75" hits="0" branch="false"/>
                <line number="77" hits="723" branch="false"/>
                <line number="78" hits="723" branch="false"/>
                <line number="79" hits="0" branch="false"/>
                <line number="82" hits="723" branch="false"/>
                <line number="83" hits="723" branch="false"/>
              </lines>
            </method>
            <method name="vec_nlines" signature="" line-rate="1" branch-rate="0" complexity="0">
              <lines>
                <line number="97" hits="723" branch="false"/>
              </lines>
            </method>
            <method name="ANY" signature="" line-rate="1" branch-rate="0" complexity="0">
              <lines>
                <line number="104" hits="723" branch="false"/>
                <line number="105" hits="723" branch="false"/>
                <line number="109" hits="723" branch="false"/>
              </lines>
            </method>
            <method name=".chk_value" signature="" line-rate="1" branch-rate="0" complexity="0">
              <lines>
                <line number="306" hits="258" branch="false"/>
                <line number="307" hits="209" branch="false"/>
                <line number="309" hits="49" branch="false"/>
                <line number="310" hits="4" branch="false"/>
                <line number="311" hits="4" branch="false"/>
                <line number="312" hits="4" branch="false"/>
                <line number="313" hits="4" branch="false"/>
                <line number="315" hits="45" branch="false"/>
                <line number="316" hits="1" branch="false"/>
                <line number="317" hits="1" branch="false"/>
                <line number="318" hits="1" branch="false"/>
                <line number="319" hits="1" branch="false"/>
                <line number="321" hits="44" branch="false"/>
              </lines>
            </method>
          </methods>
          <lines>
            <line number="17" hits="0" branch="false"/>
            <line number="18" hits="0" branch="false"/>
            <line number="19" hits="0" branch="false"/>
            <line number="20" hits="0" branch="false"/>
            <line number="21" hits="0" branch="false"/>
            <line number="22" hits="0" branch="false"/>
            <line number="23" hits="0" branch="false"/>
            <line number="24" hits="0" branch="false"/>
            <line number="25" hits="0" branch="false"/>
            <line number="26" hits="0" branch="false"/>
            <line number="27" hits="0" branch="false"/>
            <line number="28" hits="0" branch="false"/>
            <line number="29" hits="0" branch="false"/>
            <line number="30" hits="0" branch="false"/>
            <line number="31" hits="0" branch="false"/>
            <line number="32" hits="0" branch="false"/>
            <line number="33" hits="0" branch="false"/>
            <line number="34" hits="0" branch="false"/>
            <line number="35" hits="0" branch="false"/>
            <line number="36" hits="0" branch="false"/>
            <line number="37" hits="0" branch="false"/>
            <line number="38" hits="0" branch="false"/>
            <line number="39" hits="0" branch="false"/>
            <line number="46" hits="6" branch="false"/>
            <line number="47" hits="6" branch="false"/>
            <line number="48" hits="6" branch="false"/>
            <line number="49" hits="6" branch="false"/>
            <line number="50" hits="6" branch="false"/>
            <line number="51" hits="6" branch="false"/>
            <line number="52" hits="6" branch="false"/>
            <line number="57" hits="173" branch="false"/>
            <line number="58" hits="173" branch="false"/>
            <line number="59" hits="0" branch="false"/>
            <line number="62" hits="173" branch="false"/>
            <line number="63" hits="173" branch="false"/>
            <line number="64" hits="173" branch="false"/>
            <line number="74" hits="723" branch="false"/>
            <line number="75" hits="0" branch="false"/>
            <line number="77" hits="723" branch="false"/>
            <line number="78" hits="723" branch="false"/>
            <line number="79" hits="0" branch="false"/>
            <line number="82" hits="723" branch="false"/>
            <line number="83" hits="723" branch="false"/>
            <line number="97" hits="723" branch="false"/>
            <line number="104" hits="723" branch="false"/>
            <line number="105" hits="723" branch="false"/>
            <line number="109" hits="723" branch="false"/>
            <line number="153" hits="174" branch="false"/>
            <line number="154" hits="174" branch="false"/>
            <line number="155" hits="174" branch="false"/>
            <line number="156" hits="174" branch="false"/>
            <line number="157" hits="173" branch="false"/>
            <line number="159" hits="1" branch="false"/>
            <line number="161" hits="174" branch="false"/>
            <line number="162" hits="174" branch="false"/>
            <line number="163" hits="174" branch="false"/>
            <line number="164" hits="174" branch="false"/>
            <line number="165" hits="0" branch="false"/>
            <line number="166" hits="0" branch="false"/>
            <line number="167" hits="0" branch="false"/>
            <line number="168" hits="0" branch="false"/>
            <line number="170" hits="174" branch="false"/>
            <line number="171" hits="0" branch="false"/>
            <line number="175" hits="174" branch="false"/>
            <line number="177" hits="723" branch="false"/>
            <line number="178" hits="723" branch="false"/>
            <line number="180" hits="174" branch="false"/>
            <line number="181" hits="174" branch="false"/>
            <line number="182" hits="174" branch="false"/>
            <line number="183" hits="174" branch="false"/>
            <line number="184" hits="174" branch="false"/>
            <line number="185" hits="174" branch="false"/>
            <line number="186" hits="174" branch="false"/>
            <line number="187" hits="174" branch="false"/>
            <line number="188" hits="174" branch="false"/>
            <line number="189" hits="174" branch="false"/>
            <line number="190" hits="174" branch="false"/>
            <line number="191" hits="174" branch="false"/>
            <line number="192" hits="174" branch="false"/>
            <line number="193" hits="174" branch="false"/>
            <line number="194" hits="174" branch="false"/>
            <line number="195" hits="174" branch="false"/>
            <line number="196" hits="174" branch="false"/>
            <line number="197" hits="174" branch="false"/>
            <line number="198" hits="174" branch="false"/>
            <line number="199" hits="174" branch="false"/>
            <line number="200" hits="174" branch="false"/>
            <line number="201" hits="174" branch="false"/>
            <line number="202" hits="174" branch="false"/>
            <line number="203" hits="174" branch="false"/>
            <line number="204" hits="174" branch="false"/>
            <line number="205" hits="174" branch="false"/>
            <line number="255" hits="0" branch="false"/>
            <line number="256" hits="0" branch="false"/>
            <line number="257" hits="0" branch="false"/>
            <line number="258" hits="0" branch="false"/>
            <line number="259" hits="0" branch="false"/>
            <line number="261" hits="0" branch="false"/>
            <line number="281" hits="176" branch="false"/>
            <line number="288" hits="186" branch="false"/>
            <line number="295" hits="175" branch="false"/>
            <line number="302" hits="175" branch="false"/>
            <line number="306" hits="258" branch="false"/>
            <line number="307" hits="209" branch="false"/>
            <line number="309" hits="49" branch="false"/>
            <line number="310" hits="4" branch="false"/>
            <line number="311" hits="4" branch="false"/>
            <line number="312" hits="4" branch="false"/>
            <line number="313" hits="4" branch="false"/>
            <line number="315" hits="45" branch="false"/>
            <line number="316" hits="1" branch="false"/>
            <line number="317" hits="1" branch="false"/>
            <line number="318" hits="1" branch="false"/>
            <line number="319" hits="1" branch="false"/>
            <line number="321" hits="44" branch="false"/>
            <line number="331" hits="64" branch="false"/>
            <line number="332" hits="62" branch="false"/>
            <line number="333" hits="62" branch="false"/>
            <line number="342" hits="71" branch="false"/>
            <line number="343" hits="70" branch="false"/>
            <line number="344" hits="70" branch="false"/>
            <line number="353" hits="62" branch="false"/>
            <line number="354" hits="61" branch="false"/>
            <line number="355" hits="61" branch="false"/>
            <line number="364" hits="61" branch="false"/>
            <line number="365" hits="60" branch="false"/>
            <line number="366" hits="60" branch="false"/>
            <line number="375" hits="95" branch="false"/>
          </lines>
        </class>
        <class name="rlistings.R" filename="R/rlistings.R" line-rate="0.927835051546392" branch-rate="0" complexity="0">
          <methods>
            <method name="as_listing" signature="" line-rate="0.985915492957746" branch-rate="0" complexity="0">
              <lines>
                <line number="143" hits="65" branch="false"/>
                <line number="144" hits="1" branch="false"/>
                <line number="145" hits="1" branch="false"/>
                <line number="146" hits="1" branch="false"/>
                <line number="147" hits="1" branch="false"/>
                <line number="149" hits="64" branch="false"/>
                <line number="150" hits="1" branch="false"/>
                <line number="151" hits="63" branch="false"/>
                <line number="153" hits="28" branch="false"/>
                <line number="156" hits="35" branch="false"/>
                <line number="158" hits="63" branch="false"/>
                <line number="159" hits="1" branch="false"/>
                <line number="160" hits="1" branch="false"/>
                <line number="161" hits="1" branch="false"/>
                <line number="162" hits="1" branch="false"/>
                <line number="164" hits="62" branch="false"/>
                <line number="165" hits="2" branch="false"/>
                <line number="166" hits="2" branch="false"/>
                <line number="167" hits="2" branch="false"/>
                <line number="168" hits="2" branch="false"/>
                <line number="171" hits="60" branch="false"/>
                <line number="172" hits="1" branch="false"/>
                <line number="175" hits="59" branch="false"/>
                <line number="176" hits="59" branch="false"/>
                <line number="177" hits="59" branch="false"/>
                <line number="178" hits="59" branch="false"/>
                <line number="179" hits="30" branch="false"/>
                <line number="180" hits="0" branch="false"/>
                <line number="182" hits="30" branch="false"/>
                <line number="186" hits="59" branch="false"/>
                <line number="187" hits="59" branch="false"/>
                <line number="188" hits="59" branch="false"/>
                <line number="190" hits="59" branch="false"/>
                <line number="191" hits="91" branch="false"/>
                <line number="195" hits="59" branch="false"/>
                <line number="197" hits="59" branch="false"/>
                <line number="198" hits="59" branch="false"/>
                <line number="199" hits="1" branch="false"/>
                <line number="200" hits="1" branch="false"/>
                <line number="204" hits="59" branch="false"/>
                <line number="205" hits="59" branch="false"/>
                <line number="206" hits="59" branch="false"/>
                <line number="207" hits="59" branch="false"/>
                <line number="208" hits="7" branch="false"/>
                <line number="209" hits="59" branch="false"/>
                <line number="210" hits="6" branch="false"/>
                <line number="211" hits="59" branch="false"/>
                <line number="212" hits="59" branch="false"/>
                <line number="213" hits="1" branch="false"/>
                <line number="214" hits="1" branch="false"/>
                <line number="215" hits="1" branch="false"/>
                <line number="216" hits="1" branch="false"/>
                <line number="217" hits="1" branch="false"/>
                <line number="218" hits="59" branch="false"/>
                <line number="219" hits="59" branch="false"/>
                <line number="220" hits="59" branch="false"/>
                <line number="222" hits="59" branch="false"/>
                <line number="223" hits="59" branch="false"/>
                <line number="224" hits="59" branch="false"/>
                <line number="225" hits="59" branch="false"/>
                <line number="226" hits="59" branch="false"/>
                <line number="228" hits="3" branch="false"/>
                <line number="230" hits="58" branch="false"/>
                <line number="233" hits="58" branch="false"/>
                <line number="234" hits="58" branch="false"/>
                <line number="235" hits="58" branch="false"/>
                <line number="236" hits="58" branch="false"/>
                <line number="237" hits="58" branch="false"/>
                <line number="239" hits="58" branch="false"/>
                <line number="240" hits="1" branch="false"/>
                <line number="243" hits="58" branch="false"/>
              </lines>
            </method>
            <method name="as_keycol" signature="" line-rate="1" branch-rate="0" complexity="0">
              <lines>
                <line number="249" hits="91" branch="false"/>
                <line number="250" hits="18" branch="false"/>
                <line number="251" hits="18" branch="false"/>
                <line number="252" hits="18" branch="false"/>
                <line number="254" hits="91" branch="false"/>
                <line number="255" hits="91" branch="false"/>
              </lines>
            </method>
            <method name="is_keycol" signature="" line-rate="1" branch-rate="0" complexity="0">
              <lines>
                <line number="261" hits="8167" branch="false"/>
              </lines>
            </method>
            <method name="get_keycols" signature="" line-rate="1" branch-rate="0" complexity="0">
              <lines>
                <line number="267" hits="444" branch="false"/>
              </lines>
            </method>
            <method name="rix_form" signature="" line-rate="1" branch-rate="0" complexity="0">
              <lines>
                <line number="291" hits="174" branch="false"/>
                <line number="292" hits="174" branch="false"/>
                <line number="293" hits="174" branch="false"/>
                <line number="294" hits="174" branch="false"/>
                <line number="295" hits="174" branch="false"/>
                <line number="296" hits="174" branch="false"/>
                <line number="298" hits="174" branch="false"/>
                <line number="299" hits="174" branch="false"/>
                <line number="300" hits="174" branch="false"/>
                <line number="301" hits="174" branch="false"/>
                <line number="303" hits="174" branch="false"/>
                <line number="305" hits="174" branch="false"/>
                <line number="306" hits="174" branch="false"/>
                <line number="307" hits="263" branch="false"/>
                <line number="308" hits="263" branch="false"/>
                <line number="309" hits="263" branch="false"/>
                <line number="310" hits="263" branch="false"/>
                <line number="311" hits="263" branch="false"/>
                <line number="312" hits="263" branch="false"/>
                <line number="315" hits="174" branch="false"/>
                <line number="316" hits="174" branch="false"/>
                <line number="317" hits="167" branch="false"/>
                <line number="318" hits="461" branch="false"/>
                <line number="319" hits="461" branch="false"/>
                <line number="320" hits="461" branch="false"/>
                <line number="324" hits="174" branch="false"/>
                <line number="325" hits="174" branch="false"/>
                <line number="326" hits="174" branch="false"/>
                <line number="327" hits="174" branch="false"/>
                <line number="329" hits="174" branch="false"/>
                <line number="330" hits="174" branch="false"/>
                <line number="331" hits="174" branch="false"/>
                <line number="332" hits="174" branch="false"/>
                <line number="333" hits="174" branch="false"/>
                <line number="334" hits="174" branch="false"/>
                <line number="335" hits="174" branch="false"/>
                <line number="336" hits="174" branch="false"/>
                <line number="338" hits="174" branch="false"/>
                <line number="339" hits="1" branch="false"/>
                <line number="340" hits="1" branch="false"/>
                <line number="341" hits="1" branch="false"/>
                <line number="342" hits="1" branch="false"/>
                <line number="345" hits="173" branch="false"/>
                <line number="346" hits="173" branch="false"/>
                <line number="347" hits="173" branch="false"/>
                <line number="348" hits="173" branch="false"/>
                <line number="349" hits="173" branch="false"/>
                <line number="350" hits="173" branch="false"/>
                <line number="351" hits="173" branch="false"/>
                <line number="352" hits="173" branch="false"/>
                <line number="353" hits="173" branch="false"/>
                <line number="354" hits="173" branch="false"/>
                <line number="355" hits="173" branch="false"/>
                <line number="356" hits="173" branch="false"/>
                <line number="357" hits="173" branch="false"/>
                <line number="358" hits="173" branch="false"/>
                <line number="359" hits="173" branch="false"/>
                <line number="360" hits="173" branch="false"/>
                <line number="361" hits="173" branch="false"/>
                <line number="362" hits="173" branch="false"/>
                <line number="363" hits="173" branch="false"/>
                <line number="364" hits="173" branch="false"/>
                <line number="365" hits="173" branch="false"/>
                <line number="366" hits="173" branch="false"/>
                <line number="367" hits="173" branch="false"/>
                <line number="368" hits="173" branch="false"/>
                <line number="369" hits="173" branch="false"/>
                <line number="370" hits="173" branch="false"/>
                <line number="371" hits="173" branch="false"/>
                <line number="372" hits="173" branch="false"/>
              </lines>
            </method>
            <method name="listing_dispcols" signature="" line-rate="1" branch-rate="0" complexity="0">
              <lines>
                <line number="378" hits="221" branch="false"/>
              </lines>
            </method>
            <method name="add_listing_dispcol" signature="" line-rate="1" branch-rate="0" complexity="0">
              <lines>
                <line number="386" hits="21" branch="false"/>
                <line number="387" hits="21" branch="false"/>
              </lines>
            </method>
            <method name="listing_dispcols&lt;-" signature="" line-rate="0.384615384615385" branch-rate="0" complexity="0">
              <lines>
                <line number="395" hits="79" branch="false"/>
                <line number="396" hits="0" branch="false"/>
                <line number="397" hits="0" branch="false"/>
                <line number="398" hits="0" branch="false"/>
                <line number="399" hits="0" branch="false"/>
                <line number="401" hits="79" branch="false"/>
                <line number="402" hits="79" branch="false"/>
                <line number="403" hits="0" branch="false"/>
                <line number="404" hits="0" branch="false"/>
                <line number="405" hits="0" branch="false"/>
                <line number="406" hits="0" branch="false"/>
                <line number="408" hits="79" branch="false"/>
                <line number="409" hits="79" branch="false"/>
              </lines>
            </method>
            <method name="add_listing_col" signature="" line-rate="0.733333333333333" branch-rate="0" complexity="0">
              <lines>
                <line number="430" hits="21" branch="false"/>
                <line number="431" hits="1" branch="false"/>
                <line number="432" hits="20" branch="false"/>
                <line number="433" hits="20" branch="false"/>
                <line number="435" hits="0" branch="false"/>
                <line number="436" hits="0" branch="false"/>
                <line number="437" hits="0" branch="false"/>
                <line number="438" hits="0" branch="false"/>
                <line number="441" hits="21" branch="false"/>
                <line number="442" hits="10" branch="false"/>
                <line number="445" hits="21" branch="false"/>
                <line number="446" hits="21" branch="false"/>
                <line number="449" hits="21" branch="false"/>
                <line number="450" hits="21" branch="false"/>
                <line number="451" hits="21" branch="false"/>
              </lines>
            </method>
            <method name="split_into_pages_by_var" signature="" line-rate="0.928571428571429" branch-rate="0" complexity="0">
              <lines>
                <line number="490" hits="6" branch="false"/>
                <line number="491" hits="5" branch="false"/>
                <line number="494" hits="5" branch="false"/>
                <line number="495" hits="5" branch="false"/>
                <line number="496" hits="5" branch="false"/>
                <line number="497" hits="5" branch="false"/>
                <line number="498" hits="0" branch="false"/>
                <line number="499" hits="5" branch="false"/>
                <line number="502" hits="5" branch="false"/>
                <line number="503" hits="5" branch="false"/>
                <line number="504" hits="10" branch="false"/>
                <line number="505" hits="10" branch="false"/>
                <line number="506" hits="10" branch="false"/>
                <line number="509" hits="5" branch="false"/>
              </lines>
            </method>
          </methods>
          <lines>
            <line number="143" hits="65" branch="false"/>
            <line number="144" hits="1" branch="false"/>
            <line number="145" hits="1" branch="false"/>
            <line number="146" hits="1" branch="false"/>
            <line number="147" hits="1" branch="false"/>
            <line number="149" hits="64" branch="false"/>
            <line number="150" hits="1" branch="false"/>
            <line number="151" hits="63" branch="false"/>
            <line number="153" hits="28" branch="false"/>
            <line number="156" hits="35" branch="false"/>
            <line number="158" hits="63" branch="false"/>
            <line number="159" hits="1" branch="false"/>
            <line number="160" hits="1" branch="false"/>
            <line number="161" hits="1" branch="false"/>
            <line number="162" hits="1" branch="false"/>
            <line number="164" hits="62" branch="false"/>
            <line number="165" hits="2" branch="false"/>
            <line number="166" hits="2" branch="false"/>
            <line number="167" hits="2" branch="false"/>
            <line number="168" hits="2" branch="false"/>
            <line number="171" hits="60" branch="false"/>
            <line number="172" hits="1" branch="false"/>
            <line number="175" hits="59" branch="false"/>
            <line number="176" hits="59" branch="false"/>
            <line number="177" hits="59" branch="false"/>
            <line number="178" hits="59" branch="false"/>
            <line number="179" hits="30" branch="false"/>
            <line number="180" hits="0" branch="false"/>
            <line number="182" hits="30" branch="false"/>
            <line number="186" hits="59" branch="false"/>
            <line number="187" hits="59" branch="false"/>
            <line number="188" hits="59" branch="false"/>
            <line number="190" hits="59" branch="false"/>
            <line number="191" hits="91" branch="false"/>
            <line number="195" hits="59" branch="false"/>
            <line number="197" hits="59" branch="false"/>
            <line number="198" hits="59" branch="false"/>
            <line number="199" hits="1" branch="false"/>
            <line number="200" hits="1" branch="false"/>
            <line number="204" hits="59" branch="false"/>
            <line number="205" hits="59" branch="false"/>
            <line number="206" hits="59" branch="false"/>
            <line number="207" hits="59" branch="false"/>
            <line number="208" hits="7" branch="false"/>
            <line number="209" hits="59" branch="false"/>
            <line number="210" hits="6" branch="false"/>
            <line number="211" hits="59" branch="false"/>
            <line number="212" hits="59" branch="false"/>
            <line number="213" hits="1" branch="false"/>
            <line number="214" hits="1" branch="false"/>
            <line number="215" hits="1" branch="false"/>
            <line number="216" hits="1" branch="false"/>
            <line number="217" hits="1" branch="false"/>
            <line number="218" hits="59" branch="false"/>
            <line number="219" hits="59" branch="false"/>
            <line number="220" hits="59" branch="false"/>
            <line number="222" hits="59" branch="false"/>
            <line number="223" hits="59" branch="false"/>
            <line number="224" hits="59" branch="false"/>
            <line number="225" hits="59" branch="false"/>
            <line number="226" hits="59" branch="false"/>
            <line number="228" hits="3" branch="false"/>
            <line number="230" hits="58" branch="false"/>
            <line number="233" hits="58" branch="false"/>
            <line number="234" hits="58" branch="false"/>
            <line number="235" hits="58" branch="false"/>
            <line number="236" hits="58" branch="false"/>
            <line number="237" hits="58" branch="false"/>
            <line number="239" hits="58" branch="false"/>
            <line number="240" hits="1" branch="false"/>
            <line number="243" hits="58" branch="false"/>
            <line number="249" hits="91" branch="false"/>
            <line number="250" hits="18" branch="false"/>
            <line number="251" hits="18" branch="false"/>
            <line number="252" hits="18" branch="false"/>
            <line number="254" hits="91" branch="false"/>
            <line number="255" hits="91" branch="false"/>
            <line number="261" hits="8167" branch="false"/>
            <line number="267" hits="444" branch="false"/>
            <line number="291" hits="174" branch="false"/>
            <line number="292" hits="174" branch="false"/>
            <line number="293" hits="174" branch="false"/>
            <line number="294" hits="174" branch="false"/>
            <line number="295" hits="174" branch="false"/>
            <line number="296" hits="174" branch="false"/>
            <line number="298" hits="174" branch="false"/>
            <line number="299" hits="174" branch="false"/>
            <line number="300" hits="174" branch="false"/>
            <line number="301" hits="174" branch="false"/>
            <line number="303" hits="174" branch="false"/>
            <line number="305" hits="174" branch="false"/>
            <line number="306" hits="174" branch="false"/>
            <line number="307" hits="263" branch="false"/>
            <line number="308" hits="263" branch="false"/>
            <line number="309" hits="263" branch="false"/>
            <line number="310" hits="263" branch="false"/>
            <line number="311" hits="263" branch="false"/>
            <line number="312" hits="263" branch="false"/>
            <line number="315" hits="174" branch="false"/>
            <line number="316" hits="174" branch="false"/>
            <line number="317" hits="167" branch="false"/>
            <line number="318" hits="461" branch="false"/>
            <line number="319" hits="461" branch="false"/>
            <line number="320" hits="461" branch="false"/>
            <line number="324" hits="174" branch="false"/>
            <line number="325" hits="174" branch="false"/>
            <line number="326" hits="174" branch="false"/>
            <line number="327" hits="174" branch="false"/>
            <line number="329" hits="174" branch="false"/>
            <line number="330" hits="174" branch="false"/>
            <line number="331" hits="174" branch="false"/>
            <line number="332" hits="174" branch="false"/>
            <line number="333" hits="174" branch="false"/>
            <line number="334" hits="174" branch="false"/>
            <line number="335" hits="174" branch="false"/>
            <line number="336" hits="174" branch="false"/>
            <line number="338" hits="174" branch="false"/>
            <line number="339" hits="1" branch="false"/>
            <line number="340" hits="1" branch="false"/>
            <line number="341" hits="1" branch="false"/>
            <line number="342" hits="1" branch="false"/>
            <line number="345" hits="173" branch="false"/>
            <line number="346" hits="173" branch="false"/>
            <line number="347" hits="173" branch="false"/>
            <line number="348" hits="173" branch="false"/>
            <line number="349" hits="173" branch="false"/>
            <line number="350" hits="173" branch="false"/>
            <line number="351" hits="173" branch="false"/>
            <line number="352" hits="173" branch="false"/>
            <line number="353" hits="173" branch="false"/>
            <line number="354" hits="173" branch="false"/>
            <line number="355" hits="173" branch="false"/>
            <line number="356" hits="173" branch="false"/>
            <line number="357" hits="173" branch="false"/>
            <line number="358" hits="173" branch="false"/>
            <line number="359" hits="173" branch="false"/>
            <line number="360" hits="173" branch="false"/>
            <line number="361" hits="173" branch="false"/>
            <line number="362" hits="173" branch="false"/>
            <line number="363" hits="173" branch="false"/>
            <line number="364" hits="173" branch="false"/>
            <line number="365" hits="173" branch="false"/>
            <line number="366" hits="173" branch="false"/>
            <line number="367" hits="173" branch="false"/>
            <line number="368" hits="173" branch="false"/>
            <line number="369" hits="173" branch="false"/>
            <line number="370" hits="173" branch="false"/>
            <line number="371" hits="173" branch="false"/>
            <line number="372" hits="173" branch="false"/>
            <line number="378" hits="221" branch="false"/>
            <line number="386" hits="21" branch="false"/>
            <line number="387" hits="21" branch="false"/>
            <line number="395" hits="79" branch="false"/>
            <line number="396" hits="0" branch="false"/>
            <line number="397" hits="0" branch="false"/>
            <line number="398" hits="0" branch="false"/>
            <line number="399" hits="0" branch="false"/>
            <line number="401" hits="79" branch="false"/>
            <line number="402" hits="79" branch="false"/>
            <line number="403" hits="0" branch="false"/>
            <line number="404" hits="0" branch="false"/>
            <line number="405" hits="0" branch="false"/>
            <line number="406" hits="0" branch="false"/>
            <line number="408" hits="79" branch="false"/>
            <line number="409" hits="79" branch="false"/>
            <line number="430" hits="21" branch="false"/>
            <line number="431" hits="1" branch="false"/>
            <line number="432" hits="20" branch="false"/>
            <line number="433" hits="20" branch="false"/>
            <line number="435" hits="0" branch="false"/>
            <line number="436" hits="0" branch="false"/>
            <line number="437" hits="0" branch="false"/>
            <line number="438" hits="0" branch="false"/>
            <line number="441" hits="21" branch="false"/>
            <line number="442" hits="10" branch="false"/>
            <line number="445" hits="21" branch="false"/>
            <line number="446" hits="21" branch="false"/>
            <line number="449" hits="21" branch="false"/>
            <line number="450" hits="21" branch="false"/>
            <line number="451" hits="21" branch="false"/>
            <line number="490" hits="6" branch="false"/>
            <line number="491" hits="5" branch="false"/>
            <line number="494" hits="5" branch="false"/>
            <line number="495" hits="5" branch="false"/>
            <line number="496" hits="5" branch="false"/>
            <line number="497" hits="5" branch="false"/>
            <line number="498" hits="0" branch="false"/>
            <line number="499" hits="5" branch="false"/>
            <line number="502" hits="5" branch="false"/>
            <line number="503" hits="5" branch="false"/>
            <line number="504" hits="10" branch="false"/>
            <line number="505" hits="10" branch="false"/>
            <line number="506" hits="10" branch="false"/>
            <line number="509" hits="5" branch="false"/>
          </lines>
        </class>
      </classes>
    </package>
  </packages>
</coverage>
